[1.981s] Invoking command in '/home/hem436/Documents/ros2_ws/src/robot_controller': PYTHONPATH=/home/hem436/Documents/ros2_ws/build/robot_controller/prefix_override:/usr/lib/python3/dist-packages/colcon_core/task/python/colcon_distutils_commands:/home/hem436/Documents/ros2_ws/install/robot_controller/lib/python3.10/site-packages:${PYTHONPATH} /usr/bin/python3 -W ignore:setup.py install is deprecated -W ignore:easy_install command is deprecated setup.py egg_info --egg-base ../../build/robot_controller build --build-base /home/hem436/Documents/ros2_ws/build/robot_controller/build install --record /home/hem436/Documents/ros2_ws/build/robot_controller/install.log --single-version-externally-managed install_data
[2.524s] running egg_info
[2.525s] writing ../../build/robot_controller/robot_controller.egg-info/PKG-INFO
[2.526s] writing dependency_links to ../../build/robot_controller/robot_controller.egg-info/dependency_links.txt
[2.526s] writing entry points to ../../build/robot_controller/robot_controller.egg-info/entry_points.txt
[2.526s] writing requirements to ../../build/robot_controller/robot_controller.egg-info/requires.txt
[2.527s] writing top-level names to ../../build/robot_controller/robot_controller.egg-info/top_level.txt
[2.530s] reading manifest file '../../build/robot_controller/robot_controller.egg-info/SOURCES.txt'
[2.534s] writing manifest file '../../build/robot_controller/robot_controller.egg-info/SOURCES.txt'
[2.534s] running build
[2.535s] running build_py
[2.535s] running install
[2.536s] running install_lib
[2.539s] running install_data
[2.541s] copying launch/robot_description.launch.py -> /home/hem436/Documents/ros2_ws/install/robot_controller/share/robot_controller
[2.542s] running install_egg_info
[2.552s] removing '/home/hem436/Documents/ros2_ws/install/robot_controller/lib/python3.10/site-packages/robot_controller-0.0.0-py3.10.egg-info' (and everything under it)
[2.553s] Copying ../../build/robot_controller/robot_controller.egg-info to /home/hem436/Documents/ros2_ws/install/robot_controller/lib/python3.10/site-packages/robot_controller-0.0.0-py3.10.egg-info
[2.554s] running install_scripts
[2.619s] Installing draw_circle script to /home/hem436/Documents/ros2_ws/install/robot_controller/lib/robot_controller
[2.620s] Installing test_node script to /home/hem436/Documents/ros2_ws/install/robot_controller/lib/robot_controller
[2.623s] writing list of installed files to '/home/hem436/Documents/ros2_ws/build/robot_controller/install.log'
[2.687s] Invoked command in '/home/hem436/Documents/ros2_ws/src/robot_controller' returned '0': PYTHONPATH=/home/hem436/Documents/ros2_ws/build/robot_controller/prefix_override:/usr/lib/python3/dist-packages/colcon_core/task/python/colcon_distutils_commands:/home/hem436/Documents/ros2_ws/install/robot_controller/lib/python3.10/site-packages:${PYTHONPATH} /usr/bin/python3 -W ignore:setup.py install is deprecated -W ignore:easy_install command is deprecated setup.py egg_info --egg-base ../../build/robot_controller build --build-base /home/hem436/Documents/ros2_ws/build/robot_controller/build install --record /home/hem436/Documents/ros2_ws/build/robot_controller/install.log --single-version-externally-managed install_data
