[0.836s] Invoking command in '/home/hem436/Documents/ros2_ws/build/robot_controller': CMAKE_PREFIX_PATH=${CMAKE_PREFIX_PATH}:/home/hem436/Documents/ros2_ws/install/object_detection:/home/hem436/Documents/ros2_ws/install/robot_bringup:/opt/ros/humble PS1=(.env) ${debian_chroot:+($debian_chroot)}\[\033[01;32m\]\u@\[\033[00m\]:\[\033[01;34m\]\w\[\033[00m\]\$ VIRTUAL_ENV_PROMPT=(.env) /usr/bin/cmake --build /home/hem436/Documents/ros2_ws/build/robot_controller -- -j8 -l8
[0.973s] [ 25%] Built target turtlebot3_drive
[1.005s] [ 50%] Built target obstacle1
[1.021s] [ 75%] Built target obstacle2
[1.027s] [100%] Built target obstacles
[1.103s] Invoked command in '/home/hem436/Documents/ros2_ws/build/robot_controller' returned '0': CMAKE_PREFIX_PATH=${CMAKE_PREFIX_PATH}:/home/hem436/Documents/ros2_ws/install/object_detection:/home/hem436/Documents/ros2_ws/install/robot_bringup:/opt/ros/humble PS1=(.env) ${debian_chroot:+($debian_chroot)}\[\033[01;32m\]\u@\[\033[00m\]:\[\033[01;34m\]\w\[\033[00m\]\$ VIRTUAL_ENV_PROMPT=(.env) /usr/bin/cmake --build /home/hem436/Documents/ros2_ws/build/robot_controller -- -j8 -l8
[1.104s] Invoking command in '/home/hem436/Documents/ros2_ws/build/robot_controller': CMAKE_PREFIX_PATH=${CMAKE_PREFIX_PATH}:/home/hem436/Documents/ros2_ws/install/object_detection:/home/hem436/Documents/ros2_ws/install/robot_bringup:/opt/ros/humble PS1=(.env) ${debian_chroot:+($debian_chroot)}\[\033[01;32m\]\u@\[\033[00m\]:\[\033[01;34m\]\w\[\033[00m\]\$ VIRTUAL_ENV_PROMPT=(.env) /usr/bin/cmake --install /home/hem436/Documents/ros2_ws/build/robot_controller
[1.133s] -- Install configuration: ""
[1.134s] -- Up-to-date: /home/hem436/Documents/ros2_ws/install/robot_controller/lib/robot_controller/turtlebot3_drive
[1.140s] -- Up-to-date: /home/hem436/Documents/ros2_ws/install/robot_controller/share/robot_controller//launch
[1.140s] -- Up-to-date: /home/hem436/Documents/ros2_ws/install/robot_controller/share/robot_controller//launch/turtlebot3_dqn_stage1.launch.py
[1.140s] -- Up-to-date: /home/hem436/Documents/ros2_ws/install/robot_controller/share/robot_controller//launch/robot_state_publisher.launch.py
[1.141s] -- Up-to-date: /home/hem436/Documents/ros2_ws/install/robot_controller/share/robot_controller//launch/turtlebot3_dqn_stage4.launch.py
[1.145s] -- Up-to-date: /home/hem436/Documents/ros2_ws/install/robot_controller/share/robot_controller//launch/empty_world.launch.py
[1.147s] -- Up-to-date: /home/hem436/Documents/ros2_ws/install/robot_controller/share/robot_controller//launch/turtlebot3_dqn_stage3.launch.py
[1.148s] -- Up-to-date: /home/hem436/Documents/ros2_ws/install/robot_controller/share/robot_controller//launch/spawn_turtlebot3.launch.py
[1.149s] -- Up-to-date: /home/hem436/Documents/ros2_ws/install/robot_controller/share/robot_controller//launch/turtlebot3_dqn_stage2.launch.py
[1.149s] -- Up-to-date: /home/hem436/Documents/ros2_ws/install/robot_controller/share/robot_controller//launch/turtlebot3_world.launch.py
[1.149s] -- Up-to-date: /home/hem436/Documents/ros2_ws/install/robot_controller/share/robot_controller//launch/turtlebot3_house.launch.py
[1.149s] -- Up-to-date: /home/hem436/Documents/ros2_ws/install/robot_controller/share/robot_controller//models
[1.150s] -- Up-to-date: /home/hem436/Documents/ros2_ws/install/robot_controller/share/robot_controller//models/turtlebot3_dqn_world
[1.152s] -- Up-to-date: /home/hem436/Documents/ros2_ws/install/robot_controller/share/robot_controller//models/turtlebot3_dqn_world/obstacle_plugin
[1.152s] -- Up-to-date: /home/hem436/Documents/ros2_ws/install/robot_controller/share/robot_controller//models/turtlebot3_dqn_world/obstacle_plugin/obstacles.cc
[1.153s] -- Up-to-date: /home/hem436/Documents/ros2_ws/install/robot_controller/share/robot_controller//models/turtlebot3_dqn_world/obstacle_plugin/CMakeLists.txt
[1.154s] -- Up-to-date: /home/hem436/Documents/ros2_ws/install/robot_controller/share/robot_controller//models/turtlebot3_dqn_world/obstacle_plugin/obstacle2.cc
[1.154s] -- Up-to-date: /home/hem436/Documents/ros2_ws/install/robot_controller/share/robot_controller//models/turtlebot3_dqn_world/obstacle_plugin/obstacle1.cc
[1.154s] -- Up-to-date: /home/hem436/Documents/ros2_ws/install/robot_controller/share/robot_controller//models/turtlebot3_dqn_world/obstacle2
[1.154s] -- Up-to-date: /home/hem436/Documents/ros2_ws/install/robot_controller/share/robot_controller//models/turtlebot3_dqn_world/obstacle2/model.config
[1.154s] -- Up-to-date: /home/hem436/Documents/ros2_ws/install/robot_controller/share/robot_controller//models/turtlebot3_dqn_world/obstacle2/model.sdf
[1.154s] -- Up-to-date: /home/hem436/Documents/ros2_ws/install/robot_controller/share/robot_controller//models/turtlebot3_dqn_world/inner_walls
[1.154s] -- Up-to-date: /home/hem436/Documents/ros2_ws/install/robot_controller/share/robot_controller//models/turtlebot3_dqn_world/inner_walls/model.config
[1.156s] -- Up-to-date: /home/hem436/Documents/ros2_ws/install/robot_controller/share/robot_controller//models/turtlebot3_dqn_world/inner_walls/model.sdf
[1.157s] -- Up-to-date: /home/hem436/Documents/ros2_ws/install/robot_controller/share/robot_controller//models/turtlebot3_dqn_world/goal_box
[1.157s] -- Up-to-date: /home/hem436/Documents/ros2_ws/install/robot_controller/share/robot_controller//models/turtlebot3_dqn_world/goal_box/model.config
[1.157s] -- Up-to-date: /home/hem436/Documents/ros2_ws/install/robot_controller/share/robot_controller//models/turtlebot3_dqn_world/goal_box/model.sdf
[1.157s] -- Up-to-date: /home/hem436/Documents/ros2_ws/install/robot_controller/share/robot_controller//models/turtlebot3_dqn_world/model.config
[1.157s] -- Up-to-date: /home/hem436/Documents/ros2_ws/install/robot_controller/share/robot_controller//models/turtlebot3_dqn_world/obstacles
[1.158s] -- Up-to-date: /home/hem436/Documents/ros2_ws/install/robot_controller/share/robot_controller//models/turtlebot3_dqn_world/obstacles/model.config
[1.159s] -- Up-to-date: /home/hem436/Documents/ros2_ws/install/robot_controller/share/robot_controller//models/turtlebot3_dqn_world/obstacles/model.sdf
[1.159s] -- Up-to-date: /home/hem436/Documents/ros2_ws/install/robot_controller/share/robot_controller//models/turtlebot3_dqn_world/model.sdf
[1.161s] -- Up-to-date: /home/hem436/Documents/ros2_ws/install/robot_controller/share/robot_controller//models/turtlebot3_dqn_world/obstacle1
[1.161s] -- Up-to-date: /home/hem436/Documents/ros2_ws/install/robot_controller/share/robot_controller//models/turtlebot3_dqn_world/obstacle1/model.config
[1.161s] -- Up-to-date: /home/hem436/Documents/ros2_ws/install/robot_controller/share/robot_controller//models/turtlebot3_dqn_world/obstacle1/model.sdf
[1.163s] -- Up-to-date: /home/hem436/Documents/ros2_ws/install/robot_controller/share/robot_controller//models/turtlebot3_waffle_pi
[1.166s] -- Up-to-date: /home/hem436/Documents/ros2_ws/install/robot_controller/share/robot_controller//models/turtlebot3_waffle_pi/model.config
[1.167s] -- Up-to-date: /home/hem436/Documents/ros2_ws/install/robot_controller/share/robot_controller//models/turtlebot3_waffle_pi/model.sdf
[1.167s] -- Up-to-date: /home/hem436/Documents/ros2_ws/install/robot_controller/share/robot_controller//models/turtlebot3_waffle_pi/model-1_4_.sdf
[1.167s] -- Up-to-date: /home/hem436/Documents/ros2_ws/install/robot_controller/share/robot_controller//models/turtlebot3_world
[1.167s] -- Up-to-date: /home/hem436/Documents/ros2_ws/install/robot_controller/share/robot_controller//models/turtlebot3_world/meshes
[1.167s] -- Up-to-date: /home/hem436/Documents/ros2_ws/install/robot_controller/share/robot_controller//models/turtlebot3_world/meshes/wall.dae
[1.167s] -- Up-to-date: /home/hem436/Documents/ros2_ws/install/robot_controller/share/robot_controller//models/turtlebot3_world/meshes/hexagon.dae
[1.167s] -- Up-to-date: /home/hem436/Documents/ros2_ws/install/robot_controller/share/robot_controller//models/turtlebot3_world/model-1_4.sdf
[1.168s] -- Up-to-date: /home/hem436/Documents/ros2_ws/install/robot_controller/share/robot_controller//models/turtlebot3_world/model.config
[1.168s] -- Up-to-date: /home/hem436/Documents/ros2_ws/install/robot_controller/share/robot_controller//models/turtlebot3_world/model.sdf
[1.168s] -- Up-to-date: /home/hem436/Documents/ros2_ws/install/robot_controller/share/robot_controller//models/turtlebot3_common
[1.168s] -- Up-to-date: /home/hem436/Documents/ros2_ws/install/robot_controller/share/robot_controller//models/turtlebot3_common/meshes
[1.169s] -- Up-to-date: /home/hem436/Documents/ros2_ws/install/robot_controller/share/robot_controller//models/turtlebot3_common/meshes/waffle_pi_base.dae
[1.171s] -- Up-to-date: /home/hem436/Documents/ros2_ws/install/robot_controller/share/robot_controller//models/turtlebot3_common/meshes/tire.dae
[1.172s] -- Up-to-date: /home/hem436/Documents/ros2_ws/install/robot_controller/share/robot_controller//models/turtlebot3_common/meshes/waffle_base.dae
[1.172s] -- Up-to-date: /home/hem436/Documents/ros2_ws/install/robot_controller/share/robot_controller//models/turtlebot3_common/meshes/burger_base.dae
[1.172s] -- Up-to-date: /home/hem436/Documents/ros2_ws/install/robot_controller/share/robot_controller//models/turtlebot3_common/meshes/lds.dae
[1.172s] -- Up-to-date: /home/hem436/Documents/ros2_ws/install/robot_controller/share/robot_controller//models/turtlebot3_common/meshes/r200.dae
[1.172s] -- Up-to-date: /home/hem436/Documents/ros2_ws/install/robot_controller/share/robot_controller//models/turtlebot3_common/model.config
[1.173s] -- Up-to-date: /home/hem436/Documents/ros2_ws/install/robot_controller/share/robot_controller//models/turtlebot3_burger
[1.173s] -- Up-to-date: /home/hem436/Documents/ros2_ws/install/robot_controller/share/robot_controller//models/turtlebot3_burger/model-1_4.sdf
[1.173s] -- Up-to-date: /home/hem436/Documents/ros2_ws/install/robot_controller/share/robot_controller//models/turtlebot3_burger/model.config
[1.173s] -- Up-to-date: /home/hem436/Documents/ros2_ws/install/robot_controller/share/robot_controller//models/turtlebot3_burger/model.sdf
[1.176s] -- Up-to-date: /home/hem436/Documents/ros2_ws/install/robot_controller/share/robot_controller//models/turtlebot3_house
[1.176s] -- Up-to-date: /home/hem436/Documents/ros2_ws/install/robot_controller/share/robot_controller//models/turtlebot3_house/model.config
[1.176s] -- Up-to-date: /home/hem436/Documents/ros2_ws/install/robot_controller/share/robot_controller//models/turtlebot3_house/model.sdf
[1.176s] -- Up-to-date: /home/hem436/Documents/ros2_ws/install/robot_controller/share/robot_controller//models/turtlebot3_waffle
[1.176s] -- Up-to-date: /home/hem436/Documents/ros2_ws/install/robot_controller/share/robot_controller//models/turtlebot3_waffle/model-1_4.sdf
[1.179s] -- Up-to-date: /home/hem436/Documents/ros2_ws/install/robot_controller/share/robot_controller//models/turtlebot3_waffle/model.config
[1.179s] -- Up-to-date: /home/hem436/Documents/ros2_ws/install/robot_controller/share/robot_controller//models/turtlebot3_waffle/model.sdf
[1.181s] -- Up-to-date: /home/hem436/Documents/ros2_ws/install/robot_controller/share/robot_controller//rviz
[1.181s] -- Up-to-date: /home/hem436/Documents/ros2_ws/install/robot_controller/share/robot_controller//rviz/tb3_gazebo.rviz
[1.182s] -- Up-to-date: /home/hem436/Documents/ros2_ws/install/robot_controller/share/robot_controller//urdf
[1.182s] -- Up-to-date: /home/hem436/Documents/ros2_ws/install/robot_controller/share/robot_controller//urdf/common_properties.urdf
[1.183s] -- Up-to-date: /home/hem436/Documents/ros2_ws/install/robot_controller/share/robot_controller//urdf/turtlebot3_burger.urdf
[1.183s] -- Up-to-date: /home/hem436/Documents/ros2_ws/install/robot_controller/share/robot_controller//urdf/turtlebot3_waffle_pi.urdf
[1.183s] -- Up-to-date: /home/hem436/Documents/ros2_ws/install/robot_controller/share/robot_controller//urdf/turtlebot3_waffle.urdf
[1.184s] -- Up-to-date: /home/hem436/Documents/ros2_ws/install/robot_controller/share/robot_controller//worlds
[1.184s] -- Up-to-date: /home/hem436/Documents/ros2_ws/install/robot_controller/share/robot_controller//worlds/turtlebot3_dqn_stage4.world
[1.184s] -- Up-to-date: /home/hem436/Documents/ros2_ws/install/robot_controller/share/robot_controller//worlds/empty_world.world
[1.184s] -- Up-to-date: /home/hem436/Documents/ros2_ws/install/robot_controller/share/robot_controller//worlds/turtlebot3_dqn_stage3.world
[1.184s] -- Up-to-date: /home/hem436/Documents/ros2_ws/install/robot_controller/share/robot_controller//worlds/turtlebot3_house.world
[1.184s] -- Up-to-date: /home/hem436/Documents/ros2_ws/install/robot_controller/share/robot_controller//worlds/turtlebot3_dqn_stage2.world
[1.184s] -- Up-to-date: /home/hem436/Documents/ros2_ws/install/robot_controller/share/robot_controller//worlds/turtlebot3_dqn_stage1.world
[1.185s] -- Up-to-date: /home/hem436/Documents/ros2_ws/install/robot_controller/share/robot_controller//worlds/turtlebot3_world.world
[1.185s] -- Up-to-date: /home/hem436/Documents/ros2_ws/install/robot_controller/include/
[1.185s] -- Up-to-date: /home/hem436/Documents/ros2_ws/install/robot_controller/include//robot_controller
[1.185s] -- Up-to-date: /home/hem436/Documents/ros2_ws/install/robot_controller/include//robot_controller/turtlebot3_drive.hpp
[1.185s] -- Up-to-date: /home/hem436/Documents/ros2_ws/install/robot_controller/share/ament_index/resource_index/package_run_dependencies/robot_controller
[1.185s] -- Up-to-date: /home/hem436/Documents/ros2_ws/install/robot_controller/share/ament_index/resource_index/parent_prefix_path/robot_controller
[1.185s] -- Up-to-date: /home/hem436/Documents/ros2_ws/install/robot_controller/share/robot_controller/environment/ament_prefix_path.sh
[1.186s] -- Up-to-date: /home/hem436/Documents/ros2_ws/install/robot_controller/share/robot_controller/environment/ament_prefix_path.dsv
[1.186s] -- Up-to-date: /home/hem436/Documents/ros2_ws/install/robot_controller/share/robot_controller/environment/path.sh
[1.190s] -- Up-to-date: /home/hem436/Documents/ros2_ws/install/robot_controller/share/robot_controller/environment/path.dsv
[1.191s] -- Up-to-date: /home/hem436/Documents/ros2_ws/install/robot_controller/share/robot_controller/local_setup.bash
[1.192s] -- Up-to-date: /home/hem436/Documents/ros2_ws/install/robot_controller/share/robot_controller/local_setup.sh
[1.194s] -- Up-to-date: /home/hem436/Documents/ros2_ws/install/robot_controller/share/robot_controller/local_setup.zsh
[1.195s] -- Up-to-date: /home/hem436/Documents/ros2_ws/install/robot_controller/share/robot_controller/local_setup.dsv
[1.195s] -- Installing: /home/hem436/Documents/ros2_ws/install/robot_controller/share/robot_controller/package.dsv
[1.195s] -- Up-to-date: /home/hem436/Documents/ros2_ws/install/robot_controller/share/ament_index/resource_index/packages/robot_controller
[1.195s] -- Up-to-date: /home/hem436/Documents/ros2_ws/install/robot_controller/share/robot_controller/cmake/ament_cmake_export_include_directories-extras.cmake
[1.197s] -- Up-to-date: /home/hem436/Documents/ros2_ws/install/robot_controller/share/robot_controller/cmake/ament_cmake_export_dependencies-extras.cmake
[1.198s] -- Up-to-date: /home/hem436/Documents/ros2_ws/install/robot_controller/share/robot_controller/cmake/robot_controllerConfig.cmake
[1.200s] -- Up-to-date: /home/hem436/Documents/ros2_ws/install/robot_controller/share/robot_controller/cmake/robot_controllerConfig-version.cmake
[1.200s] -- Up-to-date: /home/hem436/Documents/ros2_ws/install/robot_controller/share/robot_controller/package.xml
[1.200s] Invoked command in '/home/hem436/Documents/ros2_ws/build/robot_controller' returned '0': CMAKE_PREFIX_PATH=${CMAKE_PREFIX_PATH}:/home/hem436/Documents/ros2_ws/install/object_detection:/home/hem436/Documents/ros2_ws/install/robot_bringup:/opt/ros/humble PS1=(.env) ${debian_chroot:+($debian_chroot)}\[\033[01;32m\]\u@\[\033[00m\]:\[\033[01;34m\]\w\[\033[00m\]\$ VIRTUAL_ENV_PROMPT=(.env) /usr/bin/cmake --install /home/hem436/Documents/ros2_ws/build/robot_controller
