[1.322s] Invoking command in '/home/hem436/Documents/ros2_ws/src/robot_controller': PYTHONPATH=/home/hem436/Documents/ros2_ws/build/robot_controller/prefix_override:/usr/lib/python3/dist-packages/colcon_core/task/python/colcon_distutils_commands:/home/hem436/Documents/ros2_ws/install/robot_controller/lib/python3.10/site-packages:${PYTHONPATH} /usr/bin/python3 -W ignore:setup.py install is deprecated -W ignore:easy_install command is deprecated setup.py egg_info --egg-base ../../build/robot_controller build --build-base /home/hem436/Documents/ros2_ws/build/robot_controller/build install --record /home/hem436/Documents/ros2_ws/build/robot_controller/install.log --single-version-externally-managed install_data
[1.674s] running egg_info
[1.675s] creating ../../build/robot_controller/robot_controller.egg-info
[1.675s] writing ../../build/robot_controller/robot_controller.egg-info/PKG-INFO
[1.676s] writing dependency_links to ../../build/robot_controller/robot_controller.egg-info/dependency_links.txt
[1.676s] writing entry points to ../../build/robot_controller/robot_controller.egg-info/entry_points.txt
[1.676s] writing requirements to ../../build/robot_controller/robot_controller.egg-info/requires.txt
[1.677s] writing top-level names to ../../build/robot_controller/robot_controller.egg-info/top_level.txt
[1.677s] writing manifest file '../../build/robot_controller/robot_controller.egg-info/SOURCES.txt'
[1.679s] reading manifest file '../../build/robot_controller/robot_controller.egg-info/SOURCES.txt'
[1.681s] writing manifest file '../../build/robot_controller/robot_controller.egg-info/SOURCES.txt'
[1.682s] running build
[1.682s] running build_py
[1.683s] creating /home/hem436/Documents/ros2_ws/build/robot_controller/build
[1.683s] creating /home/hem436/Documents/ros2_ws/build/robot_controller/build/lib
[1.683s] creating /home/hem436/Documents/ros2_ws/build/robot_controller/build/lib/robot_controller
[1.684s] copying robot_controller/__init__.py -> /home/hem436/Documents/ros2_ws/build/robot_controller/build/lib/robot_controller
[1.684s] running install
[1.684s] running install_lib
[1.685s] creating /home/hem436/Documents/ros2_ws/install/robot_controller/lib/python3.10/site-packages/robot_controller
[1.685s] copying /home/hem436/Documents/ros2_ws/build/robot_controller/build/lib/robot_controller/__init__.py -> /home/hem436/Documents/ros2_ws/install/robot_controller/lib/python3.10/site-packages/robot_controller
[1.686s] byte-compiling /home/hem436/Documents/ros2_ws/install/robot_controller/lib/python3.10/site-packages/robot_controller/__init__.py to __init__.cpython-310.pyc
[1.686s] running install_data
[1.686s] creating /home/hem436/Documents/ros2_ws/install/robot_controller/share/ament_index
[1.687s] creating /home/hem436/Documents/ros2_ws/install/robot_controller/share/ament_index/resource_index
[1.687s] creating /home/hem436/Documents/ros2_ws/install/robot_controller/share/ament_index/resource_index/packages
[1.687s] copying resource/robot_controller -> /home/hem436/Documents/ros2_ws/install/robot_controller/share/ament_index/resource_index/packages
[1.688s] copying package.xml -> /home/hem436/Documents/ros2_ws/install/robot_controller/share/robot_controller
[1.688s] running install_egg_info
[1.691s] Copying ../../build/robot_controller/robot_controller.egg-info to /home/hem436/Documents/ros2_ws/install/robot_controller/lib/python3.10/site-packages/robot_controller-0.0.0-py3.10.egg-info
[1.692s] running install_scripts
[1.725s] writing list of installed files to '/home/hem436/Documents/ros2_ws/build/robot_controller/install.log'
[1.771s] Invoked command in '/home/hem436/Documents/ros2_ws/src/robot_controller' returned '0': PYTHONPATH=/home/hem436/Documents/ros2_ws/build/robot_controller/prefix_override:/usr/lib/python3/dist-packages/colcon_core/task/python/colcon_distutils_commands:/home/hem436/Documents/ros2_ws/install/robot_controller/lib/python3.10/site-packages:${PYTHONPATH} /usr/bin/python3 -W ignore:setup.py install is deprecated -W ignore:easy_install command is deprecated setup.py egg_info --egg-base ../../build/robot_controller build --build-base /home/hem436/Documents/ros2_ws/build/robot_controller/build install --record /home/hem436/Documents/ros2_ws/build/robot_controller/install.log --single-version-externally-managed install_data
