[0.131s] DEBUG:colcon:Command line arguments: ['/usr/bin/colcon', 'build']
[0.131s] DEBUG:colcon:Parsed command line arguments: Namespace(log_base=None, log_level=None, verb_name='build', build_base='build', install_base='install', merge_install=False, symlink_install=False, test_result_base=None, continue_on_error=False, executor='parallel', parallel_workers=8, event_handlers=None, ignore_user_meta=False, metas=['./colcon.meta'], base_paths=['.'], packages_ignore=None, packages_ignore_regex=None, paths=None, packages_up_to=None, packages_up_to_regex=None, packages_above=None, packages_above_and_dependencies=None, packages_above_depth=None, packages_select_by_dep=None, packages_skip_by_dep=None, packages_skip_up_to=None, packages_select_build_failed=False, packages_skip_build_finished=False, packages_select_test_failures=False, packages_skip_test_passed=False, packages_select=None, packages_skip=None, packages_select_regex=None, packages_skip_regex=None, packages_start=None, packages_end=None, allow_overriding=[], cmake_args=None, cmake_target=None, cmake_target_skip_unavailable=False, cmake_clean_cache=False, cmake_clean_first=False, cmake_force_configure=False, ament_cmake_args=None, catkin_cmake_args=None, catkin_skip_building_tests=False, mixin_files=None, mixin=None, verb_parser=<colcon_mixin.mixin.mixin_argument.MixinArgumentDecorator object at 0x723c88878bb0>, verb_extension=<colcon_core.verb.build.BuildVerb object at 0x723c88989ae0>, main=<bound method BuildVerb.main of <colcon_core.verb.build.BuildVerb object at 0x723c88989ae0>>, mixin_verb=('build',))
[0.178s] Level 1:colcon.colcon_core.package_discovery:discover_packages(colcon_meta) check parameters
[0.178s] Level 1:colcon.colcon_core.package_discovery:discover_packages(recursive) check parameters
[0.178s] Level 1:colcon.colcon_core.package_discovery:discover_packages(ignore) check parameters
[0.178s] Level 1:colcon.colcon_core.package_discovery:discover_packages(path) check parameters
[0.178s] Level 1:colcon.colcon_core.package_discovery:discover_packages(colcon_meta) discover
[0.179s] Level 1:colcon.colcon_core.package_discovery:discover_packages(recursive) discover
[0.179s] INFO:colcon.colcon_core.package_discovery:Crawling recursively for packages in '/home/hem436/Documents/ros2_ws'
[0.179s] Level 1:colcon.colcon_core.package_identification:_identify(.) by extensions ['ignore', 'ignore_ament_install']
[0.179s] Level 1:colcon.colcon_core.package_identification:_identify(.) by extension 'ignore'
[0.179s] Level 1:colcon.colcon_core.package_identification:_identify(.) by extension 'ignore_ament_install'
[0.179s] Level 1:colcon.colcon_core.package_identification:_identify(.) by extensions ['colcon_pkg']
[0.179s] Level 1:colcon.colcon_core.package_identification:_identify(.) by extension 'colcon_pkg'
[0.179s] Level 1:colcon.colcon_core.package_identification:_identify(.) by extensions ['colcon_meta']
[0.179s] Level 1:colcon.colcon_core.package_identification:_identify(.) by extension 'colcon_meta'
[0.179s] Level 1:colcon.colcon_core.package_identification:_identify(.) by extensions ['ros']
[0.179s] Level 1:colcon.colcon_core.package_identification:_identify(.) by extension 'ros'
[0.263s] Level 1:colcon.colcon_core.package_identification:_identify(.) by extensions ['cmake', 'python']
[0.263s] Level 1:colcon.colcon_core.package_identification:_identify(.) by extension 'cmake'
[0.263s] Level 1:colcon.colcon_core.package_identification:_identify(.) by extension 'python'
[0.263s] Level 1:colcon.colcon_core.package_identification:_identify(.) by extensions ['python_setup_py']
[0.263s] Level 1:colcon.colcon_core.package_identification:_identify(.) by extension 'python_setup_py'
[0.263s] Level 1:colcon.colcon_core.package_identification:_identify(build) by extensions ['ignore', 'ignore_ament_install']
[0.264s] Level 1:colcon.colcon_core.package_identification:_identify(build) by extension 'ignore'
[0.264s] Level 1:colcon.colcon_core.package_identification:_identify(build) ignored
[0.264s] Level 1:colcon.colcon_core.package_identification:_identify(install) by extensions ['ignore', 'ignore_ament_install']
[0.264s] Level 1:colcon.colcon_core.package_identification:_identify(install) by extension 'ignore'
[0.264s] Level 1:colcon.colcon_core.package_identification:_identify(install) ignored
[0.264s] Level 1:colcon.colcon_core.package_identification:_identify(log) by extensions ['ignore', 'ignore_ament_install']
[0.264s] Level 1:colcon.colcon_core.package_identification:_identify(log) by extension 'ignore'
[0.264s] Level 1:colcon.colcon_core.package_identification:_identify(log) ignored
[0.264s] Level 1:colcon.colcon_core.package_identification:_identify(src) by extensions ['ignore', 'ignore_ament_install']
[0.264s] Level 1:colcon.colcon_core.package_identification:_identify(src) by extension 'ignore'
[0.264s] Level 1:colcon.colcon_core.package_identification:_identify(src) by extension 'ignore_ament_install'
[0.264s] Level 1:colcon.colcon_core.package_identification:_identify(src) by extensions ['colcon_pkg']
[0.264s] Level 1:colcon.colcon_core.package_identification:_identify(src) by extension 'colcon_pkg'
[0.264s] Level 1:colcon.colcon_core.package_identification:_identify(src) by extensions ['colcon_meta']
[0.265s] Level 1:colcon.colcon_core.package_identification:_identify(src) by extension 'colcon_meta'
[0.265s] Level 1:colcon.colcon_core.package_identification:_identify(src) by extensions ['ros']
[0.265s] Level 1:colcon.colcon_core.package_identification:_identify(src) by extension 'ros'
[0.265s] Level 1:colcon.colcon_core.package_identification:_identify(src) by extensions ['cmake', 'python']
[0.265s] Level 1:colcon.colcon_core.package_identification:_identify(src) by extension 'cmake'
[0.265s] Level 1:colcon.colcon_core.package_identification:_identify(src) by extension 'python'
[0.265s] Level 1:colcon.colcon_core.package_identification:_identify(src) by extensions ['python_setup_py']
[0.265s] Level 1:colcon.colcon_core.package_identification:_identify(src) by extension 'python_setup_py'
[0.265s] Level 1:colcon.colcon_core.package_identification:_identify(src/aws-robomaker-small-warehouse-world) by extensions ['ignore', 'ignore_ament_install']
[0.265s] Level 1:colcon.colcon_core.package_identification:_identify(src/aws-robomaker-small-warehouse-world) by extension 'ignore'
[0.265s] Level 1:colcon.colcon_core.package_identification:_identify(src/aws-robomaker-small-warehouse-world) by extension 'ignore_ament_install'
[0.265s] Level 1:colcon.colcon_core.package_identification:_identify(src/aws-robomaker-small-warehouse-world) by extensions ['colcon_pkg']
[0.265s] Level 1:colcon.colcon_core.package_identification:_identify(src/aws-robomaker-small-warehouse-world) by extension 'colcon_pkg'
[0.265s] Level 1:colcon.colcon_core.package_identification:_identify(src/aws-robomaker-small-warehouse-world) by extensions ['colcon_meta']
[0.265s] Level 1:colcon.colcon_core.package_identification:_identify(src/aws-robomaker-small-warehouse-world) by extension 'colcon_meta'
[0.265s] Level 1:colcon.colcon_core.package_identification:_identify(src/aws-robomaker-small-warehouse-world) by extensions ['ros']
[0.265s] Level 1:colcon.colcon_core.package_identification:_identify(src/aws-robomaker-small-warehouse-world) by extension 'ros'
[0.268s] DEBUG:colcon.colcon_core.package_identification:Package 'src/aws-robomaker-small-warehouse-world' with type 'ros.ament_cmake' and name 'aws_robomaker_small_warehouse_world'
[0.268s] Level 1:colcon.colcon_core.package_identification:_identify(src/object_detection) by extensions ['ignore', 'ignore_ament_install']
[0.268s] Level 1:colcon.colcon_core.package_identification:_identify(src/object_detection) by extension 'ignore'
[0.268s] Level 1:colcon.colcon_core.package_identification:_identify(src/object_detection) by extension 'ignore_ament_install'
[0.269s] Level 1:colcon.colcon_core.package_identification:_identify(src/object_detection) by extensions ['colcon_pkg']
[0.269s] Level 1:colcon.colcon_core.package_identification:_identify(src/object_detection) by extension 'colcon_pkg'
[0.269s] Level 1:colcon.colcon_core.package_identification:_identify(src/object_detection) by extensions ['colcon_meta']
[0.269s] Level 1:colcon.colcon_core.package_identification:_identify(src/object_detection) by extension 'colcon_meta'
[0.269s] Level 1:colcon.colcon_core.package_identification:_identify(src/object_detection) by extensions ['ros']
[0.269s] Level 1:colcon.colcon_core.package_identification:_identify(src/object_detection) by extension 'ros'
[0.270s] DEBUG:colcon.colcon_core.package_identification:Package 'src/object_detection' with type 'ros.ament_python' and name 'object_detection'
[0.271s] Level 1:colcon.colcon_core.package_identification:_identify(src/robot_bringup) by extensions ['ignore', 'ignore_ament_install']
[0.271s] Level 1:colcon.colcon_core.package_identification:_identify(src/robot_bringup) by extension 'ignore'
[0.271s] Level 1:colcon.colcon_core.package_identification:_identify(src/robot_bringup) by extension 'ignore_ament_install'
[0.271s] Level 1:colcon.colcon_core.package_identification:_identify(src/robot_bringup) by extensions ['colcon_pkg']
[0.271s] Level 1:colcon.colcon_core.package_identification:_identify(src/robot_bringup) by extension 'colcon_pkg'
[0.271s] Level 1:colcon.colcon_core.package_identification:_identify(src/robot_bringup) by extensions ['colcon_meta']
[0.271s] Level 1:colcon.colcon_core.package_identification:_identify(src/robot_bringup) by extension 'colcon_meta'
[0.271s] Level 1:colcon.colcon_core.package_identification:_identify(src/robot_bringup) by extensions ['ros']
[0.271s] Level 1:colcon.colcon_core.package_identification:_identify(src/robot_bringup) by extension 'ros'
[0.272s] DEBUG:colcon.colcon_core.package_identification:Package 'src/robot_bringup' with type 'ros.ament_python' and name 'robot_bringup'
[0.272s] Level 1:colcon.colcon_core.package_identification:_identify(src/robot_controller) by extensions ['ignore', 'ignore_ament_install']
[0.272s] Level 1:colcon.colcon_core.package_identification:_identify(src/robot_controller) by extension 'ignore'
[0.272s] Level 1:colcon.colcon_core.package_identification:_identify(src/robot_controller) by extension 'ignore_ament_install'
[0.272s] Level 1:colcon.colcon_core.package_identification:_identify(src/robot_controller) by extensions ['colcon_pkg']
[0.272s] Level 1:colcon.colcon_core.package_identification:_identify(src/robot_controller) by extension 'colcon_pkg'
[0.272s] Level 1:colcon.colcon_core.package_identification:_identify(src/robot_controller) by extensions ['colcon_meta']
[0.272s] Level 1:colcon.colcon_core.package_identification:_identify(src/robot_controller) by extension 'colcon_meta'
[0.272s] Level 1:colcon.colcon_core.package_identification:_identify(src/robot_controller) by extensions ['ros']
[0.272s] Level 1:colcon.colcon_core.package_identification:_identify(src/robot_controller) by extension 'ros'
[0.273s] DEBUG:colcon.colcon_core.package_identification:Package 'src/robot_controller' with type 'ros.ament_cmake' and name 'robot_controller'
[0.273s] Level 1:colcon.colcon_core.package_discovery:discover_packages(recursive) using defaults
[0.273s] Level 1:colcon.colcon_core.package_discovery:discover_packages(ignore) discover
[0.273s] Level 1:colcon.colcon_core.package_discovery:discover_packages(ignore) using defaults
[0.273s] Level 1:colcon.colcon_core.package_discovery:discover_packages(path) discover
[0.273s] Level 1:colcon.colcon_core.package_discovery:discover_packages(path) using defaults
[0.293s] Level 1:colcon.colcon_core.package_discovery:discover_packages(prefix_path) check parameters
[0.294s] Level 1:colcon.colcon_core.package_discovery:discover_packages(prefix_path) discover
[0.295s] WARNING:colcon.colcon_ros.prefix_path.ament:The path '/home/hem436/Documents/ros2_ws/install/robot_controller' in the environment variable AMENT_PREFIX_PATH doesn't exist
[0.295s] WARNING:colcon.colcon_ros.prefix_path.catkin:The path '/home/hem436/Documents/ros2_ws/install/robot_controller' in the environment variable CMAKE_PREFIX_PATH doesn't exist
[0.296s] DEBUG:colcon.colcon_installed_package_information.package_discovery:Found 2 installed packages in /home/hem436/Documents/ros2_ws/install
[0.298s] DEBUG:colcon.colcon_installed_package_information.package_discovery:Found 458 installed packages in /opt/ros/humble
[0.301s] Level 1:colcon.colcon_core.package_discovery:discover_packages(prefix_path) using defaults
[0.369s] Level 5:colcon.colcon_core.verb:set package 'aws_robomaker_small_warehouse_world' build argument 'cmake_args' from command line to 'None'
[0.369s] Level 5:colcon.colcon_core.verb:set package 'aws_robomaker_small_warehouse_world' build argument 'cmake_target' from command line to 'None'
[0.369s] Level 5:colcon.colcon_core.verb:set package 'aws_robomaker_small_warehouse_world' build argument 'cmake_target_skip_unavailable' from command line to 'False'
[0.369s] Level 5:colcon.colcon_core.verb:set package 'aws_robomaker_small_warehouse_world' build argument 'cmake_clean_cache' from command line to 'False'
[0.369s] Level 5:colcon.colcon_core.verb:set package 'aws_robomaker_small_warehouse_world' build argument 'cmake_clean_first' from command line to 'False'
[0.369s] Level 5:colcon.colcon_core.verb:set package 'aws_robomaker_small_warehouse_world' build argument 'cmake_force_configure' from command line to 'False'
[0.369s] Level 5:colcon.colcon_core.verb:set package 'aws_robomaker_small_warehouse_world' build argument 'ament_cmake_args' from command line to 'None'
[0.369s] Level 5:colcon.colcon_core.verb:set package 'aws_robomaker_small_warehouse_world' build argument 'catkin_cmake_args' from command line to 'None'
[0.369s] Level 5:colcon.colcon_core.verb:set package 'aws_robomaker_small_warehouse_world' build argument 'catkin_skip_building_tests' from command line to 'False'
[0.369s] DEBUG:colcon.colcon_core.verb:Building package 'aws_robomaker_small_warehouse_world' with the following arguments: {'ament_cmake_args': None, 'build_base': '/home/hem436/Documents/ros2_ws/build/aws_robomaker_small_warehouse_world', 'catkin_cmake_args': None, 'catkin_skip_building_tests': False, 'cmake_args': None, 'cmake_clean_cache': False, 'cmake_clean_first': False, 'cmake_force_configure': False, 'cmake_target': None, 'cmake_target_skip_unavailable': False, 'install_base': '/home/hem436/Documents/ros2_ws/install/aws_robomaker_small_warehouse_world', 'merge_install': False, 'path': '/home/hem436/Documents/ros2_ws/src/aws-robomaker-small-warehouse-world', 'symlink_install': False, 'test_result_base': None}
[0.369s] Level 5:colcon.colcon_core.verb:set package 'object_detection' build argument 'cmake_args' from command line to 'None'
[0.370s] Level 5:colcon.colcon_core.verb:set package 'object_detection' build argument 'cmake_target' from command line to 'None'
[0.370s] Level 5:colcon.colcon_core.verb:set package 'object_detection' build argument 'cmake_target_skip_unavailable' from command line to 'False'
[0.370s] Level 5:colcon.colcon_core.verb:set package 'object_detection' build argument 'cmake_clean_cache' from command line to 'False'
[0.370s] Level 5:colcon.colcon_core.verb:set package 'object_detection' build argument 'cmake_clean_first' from command line to 'False'
[0.370s] Level 5:colcon.colcon_core.verb:set package 'object_detection' build argument 'cmake_force_configure' from command line to 'False'
[0.370s] Level 5:colcon.colcon_core.verb:set package 'object_detection' build argument 'ament_cmake_args' from command line to 'None'
[0.370s] Level 5:colcon.colcon_core.verb:set package 'object_detection' build argument 'catkin_cmake_args' from command line to 'None'
[0.370s] Level 5:colcon.colcon_core.verb:set package 'object_detection' build argument 'catkin_skip_building_tests' from command line to 'False'
[0.370s] DEBUG:colcon.colcon_core.verb:Building package 'object_detection' with the following arguments: {'ament_cmake_args': None, 'build_base': '/home/hem436/Documents/ros2_ws/build/object_detection', 'catkin_cmake_args': None, 'catkin_skip_building_tests': False, 'cmake_args': None, 'cmake_clean_cache': False, 'cmake_clean_first': False, 'cmake_force_configure': False, 'cmake_target': None, 'cmake_target_skip_unavailable': False, 'install_base': '/home/hem436/Documents/ros2_ws/install/object_detection', 'merge_install': False, 'path': '/home/hem436/Documents/ros2_ws/src/object_detection', 'symlink_install': False, 'test_result_base': None}
[0.370s] Level 5:colcon.colcon_core.verb:set package 'robot_bringup' build argument 'cmake_args' from command line to 'None'
[0.370s] Level 5:colcon.colcon_core.verb:set package 'robot_bringup' build argument 'cmake_target' from command line to 'None'
[0.370s] Level 5:colcon.colcon_core.verb:set package 'robot_bringup' build argument 'cmake_target_skip_unavailable' from command line to 'False'
[0.370s] Level 5:colcon.colcon_core.verb:set package 'robot_bringup' build argument 'cmake_clean_cache' from command line to 'False'
[0.370s] Level 5:colcon.colcon_core.verb:set package 'robot_bringup' build argument 'cmake_clean_first' from command line to 'False'
[0.370s] Level 5:colcon.colcon_core.verb:set package 'robot_bringup' build argument 'cmake_force_configure' from command line to 'False'
[0.370s] Level 5:colcon.colcon_core.verb:set package 'robot_bringup' build argument 'ament_cmake_args' from command line to 'None'
[0.370s] Level 5:colcon.colcon_core.verb:set package 'robot_bringup' build argument 'catkin_cmake_args' from command line to 'None'
[0.370s] Level 5:colcon.colcon_core.verb:set package 'robot_bringup' build argument 'catkin_skip_building_tests' from command line to 'False'
[0.370s] DEBUG:colcon.colcon_core.verb:Building package 'robot_bringup' with the following arguments: {'ament_cmake_args': None, 'build_base': '/home/hem436/Documents/ros2_ws/build/robot_bringup', 'catkin_cmake_args': None, 'catkin_skip_building_tests': False, 'cmake_args': None, 'cmake_clean_cache': False, 'cmake_clean_first': False, 'cmake_force_configure': False, 'cmake_target': None, 'cmake_target_skip_unavailable': False, 'install_base': '/home/hem436/Documents/ros2_ws/install/robot_bringup', 'merge_install': False, 'path': '/home/hem436/Documents/ros2_ws/src/robot_bringup', 'symlink_install': False, 'test_result_base': None}
[0.371s] Level 5:colcon.colcon_core.verb:set package 'robot_controller' build argument 'cmake_args' from command line to 'None'
[0.371s] Level 5:colcon.colcon_core.verb:set package 'robot_controller' build argument 'cmake_target' from command line to 'None'
[0.371s] Level 5:colcon.colcon_core.verb:set package 'robot_controller' build argument 'cmake_target_skip_unavailable' from command line to 'False'
[0.371s] Level 5:colcon.colcon_core.verb:set package 'robot_controller' build argument 'cmake_clean_cache' from command line to 'False'
[0.371s] Level 5:colcon.colcon_core.verb:set package 'robot_controller' build argument 'cmake_clean_first' from command line to 'False'
[0.371s] Level 5:colcon.colcon_core.verb:set package 'robot_controller' build argument 'cmake_force_configure' from command line to 'False'
[0.371s] Level 5:colcon.colcon_core.verb:set package 'robot_controller' build argument 'ament_cmake_args' from command line to 'None'
[0.371s] Level 5:colcon.colcon_core.verb:set package 'robot_controller' build argument 'catkin_cmake_args' from command line to 'None'
[0.371s] Level 5:colcon.colcon_core.verb:set package 'robot_controller' build argument 'catkin_skip_building_tests' from command line to 'False'
[0.371s] DEBUG:colcon.colcon_core.verb:Building package 'robot_controller' with the following arguments: {'ament_cmake_args': None, 'build_base': '/home/hem436/Documents/ros2_ws/build/robot_controller', 'catkin_cmake_args': None, 'catkin_skip_building_tests': False, 'cmake_args': None, 'cmake_clean_cache': False, 'cmake_clean_first': False, 'cmake_force_configure': False, 'cmake_target': None, 'cmake_target_skip_unavailable': False, 'install_base': '/home/hem436/Documents/ros2_ws/install/robot_controller', 'merge_install': False, 'path': '/home/hem436/Documents/ros2_ws/src/robot_controller', 'symlink_install': False, 'test_result_base': None}
[0.371s] INFO:colcon.colcon_core.executor:Executing jobs using 'parallel' executor
[0.372s] DEBUG:colcon.colcon_parallel_executor.executor.parallel:run_until_complete
[0.373s] INFO:colcon.colcon_ros.task.ament_cmake.build:Building ROS package in '/home/hem436/Documents/ros2_ws/src/aws-robomaker-small-warehouse-world' with build type 'ament_cmake'
[0.373s] INFO:colcon.colcon_cmake.task.cmake.build:Building CMake package in '/home/hem436/Documents/ros2_ws/src/aws-robomaker-small-warehouse-world'
[0.376s] INFO:colcon.colcon_core.plugin_system:Skipping extension 'colcon_core.shell.bat': Not used on non-Windows systems
[0.376s] INFO:colcon.colcon_core.shell:Skip shell extension 'powershell' for command environment: Not usable outside of PowerShell
[0.376s] DEBUG:colcon.colcon_core.shell:Skip shell extension 'dsv' for command environment
[0.381s] INFO:colcon.colcon_ros.task.ament_python.build:Building ROS package in '/home/hem436/Documents/ros2_ws/src/object_detection' with build type 'ament_python'
[0.381s] Level 1:colcon.colcon_core.shell:create_environment_hook('object_detection', 'ament_prefix_path')
[0.382s] INFO:colcon.colcon_core.shell:Creating environment hook '/home/hem436/Documents/ros2_ws/install/object_detection/share/object_detection/hook/ament_prefix_path.ps1'
[0.382s] INFO:colcon.colcon_core.shell:Creating environment descriptor '/home/hem436/Documents/ros2_ws/install/object_detection/share/object_detection/hook/ament_prefix_path.dsv'
[0.383s] INFO:colcon.colcon_core.shell:Creating environment hook '/home/hem436/Documents/ros2_ws/install/object_detection/share/object_detection/hook/ament_prefix_path.sh'
[0.384s] INFO:colcon.colcon_core.shell:Skip shell extension 'powershell' for command environment: Not usable outside of PowerShell
[0.384s] DEBUG:colcon.colcon_core.shell:Skip shell extension 'dsv' for command environment
[0.389s] INFO:colcon.colcon_ros.task.ament_python.build:Building ROS package in '/home/hem436/Documents/ros2_ws/src/robot_bringup' with build type 'ament_python'
[0.389s] Level 1:colcon.colcon_core.shell:create_environment_hook('robot_bringup', 'ament_prefix_path')
[0.390s] INFO:colcon.colcon_core.shell:Creating environment hook '/home/hem436/Documents/ros2_ws/install/robot_bringup/share/robot_bringup/hook/ament_prefix_path.ps1'
[0.390s] INFO:colcon.colcon_core.shell:Creating environment descriptor '/home/hem436/Documents/ros2_ws/install/robot_bringup/share/robot_bringup/hook/ament_prefix_path.dsv'
[0.391s] INFO:colcon.colcon_core.shell:Creating environment hook '/home/hem436/Documents/ros2_ws/install/robot_bringup/share/robot_bringup/hook/ament_prefix_path.sh'
[0.392s] INFO:colcon.colcon_core.shell:Skip shell extension 'powershell' for command environment: Not usable outside of PowerShell
[0.392s] DEBUG:colcon.colcon_core.shell:Skip shell extension 'dsv' for command environment
[0.397s] INFO:colcon.colcon_ros.task.ament_cmake.build:Building ROS package in '/home/hem436/Documents/ros2_ws/src/robot_controller' with build type 'ament_cmake'
[0.397s] INFO:colcon.colcon_cmake.task.cmake.build:Building CMake package in '/home/hem436/Documents/ros2_ws/src/robot_controller'
[0.397s] INFO:colcon.colcon_core.shell:Skip shell extension 'powershell' for command environment: Not usable outside of PowerShell
[0.397s] DEBUG:colcon.colcon_core.shell:Skip shell extension 'dsv' for command environment
[0.412s] DEBUG:colcon.colcon_core.event_handler.log_command:Invoking command in '/home/hem436/Documents/ros2_ws/build/aws_robomaker_small_warehouse_world': CMAKE_PREFIX_PATH=${CMAKE_PREFIX_PATH}:/home/hem436/Documents/ros2_ws/install/robot_bringup:/opt/ros/humble /usr/bin/cmake --build /home/hem436/Documents/ros2_ws/build/aws_robomaker_small_warehouse_world -- -j8 -l8
[0.732s] INFO:colcon.colcon_core.task.python.build:Building Python package in '/home/hem436/Documents/ros2_ws/src/object_detection'
[0.733s] INFO:colcon.colcon_core.shell:Skip shell extension 'powershell' for command environment: Not usable outside of PowerShell
[0.733s] DEBUG:colcon.colcon_core.shell:Skip shell extension 'dsv' for command environment
[1.027s] INFO:colcon.colcon_core.task.python.build:Building Python package in '/home/hem436/Documents/ros2_ws/src/robot_bringup'
[1.028s] INFO:colcon.colcon_core.shell:Skip shell extension 'powershell' for command environment: Not usable outside of PowerShell
[1.028s] DEBUG:colcon.colcon_core.shell:Skip shell extension 'dsv' for command environment
[1.051s] DEBUG:colcon.colcon_core.event_handler.log_command:Invoking command in '/home/hem436/Documents/ros2_ws/build/robot_controller': CMAKE_PREFIX_PATH=${CMAKE_PREFIX_PATH}:/home/hem436/Documents/ros2_ws/install/robot_bringup:/opt/ros/humble /usr/bin/cmake /home/hem436/Documents/ros2_ws/src/robot_controller -DCMAKE_INSTALL_PREFIX=/home/hem436/Documents/ros2_ws/install/robot_controller
[1.052s] DEBUG:colcon.colcon_core.event_handler.log_command:Invoked command in '/home/hem436/Documents/ros2_ws/build/aws_robomaker_small_warehouse_world' returned '0': CMAKE_PREFIX_PATH=${CMAKE_PREFIX_PATH}:/home/hem436/Documents/ros2_ws/install/robot_bringup:/opt/ros/humble /usr/bin/cmake --build /home/hem436/Documents/ros2_ws/build/aws_robomaker_small_warehouse_world -- -j8 -l8
[1.075s] DEBUG:colcon.colcon_core.event_handler.log_command:Invoking command in '/home/hem436/Documents/ros2_ws/build/aws_robomaker_small_warehouse_world': CMAKE_PREFIX_PATH=${CMAKE_PREFIX_PATH}:/home/hem436/Documents/ros2_ws/install/robot_bringup:/opt/ros/humble /usr/bin/cmake --install /home/hem436/Documents/ros2_ws/build/aws_robomaker_small_warehouse_world
[1.105s] Level 1:colcon.colcon_core.environment:create_environment_scripts_only(aws_robomaker_small_warehouse_world)
[1.117s] Level 1:colcon.colcon_core.environment:checking '/home/hem436/Documents/ros2_ws/install/aws_robomaker_small_warehouse_world' for CMake module files
[1.120s] Level 1:colcon.colcon_core.environment:checking '/home/hem436/Documents/ros2_ws/install/aws_robomaker_small_warehouse_world' for CMake config files
[1.138s] DEBUG:colcon.colcon_core.event_handler.log_command:Invoked command in '/home/hem436/Documents/ros2_ws/build/aws_robomaker_small_warehouse_world' returned '0': CMAKE_PREFIX_PATH=${CMAKE_PREFIX_PATH}:/home/hem436/Documents/ros2_ws/install/robot_bringup:/opt/ros/humble /usr/bin/cmake --install /home/hem436/Documents/ros2_ws/build/aws_robomaker_small_warehouse_world
[1.139s] Level 1:colcon.colcon_core.shell:create_environment_hook('aws_robomaker_small_warehouse_world', 'cmake_prefix_path')
[1.139s] INFO:colcon.colcon_core.shell:Creating environment hook '/home/hem436/Documents/ros2_ws/install/aws_robomaker_small_warehouse_world/share/aws_robomaker_small_warehouse_world/hook/cmake_prefix_path.ps1'
[1.140s] INFO:colcon.colcon_core.shell:Creating environment descriptor '/home/hem436/Documents/ros2_ws/install/aws_robomaker_small_warehouse_world/share/aws_robomaker_small_warehouse_world/hook/cmake_prefix_path.dsv'
[1.141s] INFO:colcon.colcon_core.shell:Creating environment hook '/home/hem436/Documents/ros2_ws/install/aws_robomaker_small_warehouse_world/share/aws_robomaker_small_warehouse_world/hook/cmake_prefix_path.sh'
[1.143s] Level 1:colcon.colcon_core.environment:checking '/home/hem436/Documents/ros2_ws/install/aws_robomaker_small_warehouse_world/bin'
[1.143s] Level 1:colcon.colcon_core.environment:checking '/home/hem436/Documents/ros2_ws/install/aws_robomaker_small_warehouse_world/lib/pkgconfig/aws_robomaker_small_warehouse_world.pc'
[1.143s] Level 1:colcon.colcon_core.environment:checking '/home/hem436/Documents/ros2_ws/install/aws_robomaker_small_warehouse_world/lib/python3.10/site-packages'
[1.144s] Level 1:colcon.colcon_core.environment:checking '/home/hem436/Documents/ros2_ws/install/aws_robomaker_small_warehouse_world/bin'
[1.144s] INFO:colcon.colcon_core.shell:Creating package script '/home/hem436/Documents/ros2_ws/install/aws_robomaker_small_warehouse_world/share/aws_robomaker_small_warehouse_world/package.ps1'
[1.146s] INFO:colcon.colcon_core.shell:Creating package descriptor '/home/hem436/Documents/ros2_ws/install/aws_robomaker_small_warehouse_world/share/aws_robomaker_small_warehouse_world/package.dsv'
[1.147s] INFO:colcon.colcon_core.shell:Creating package script '/home/hem436/Documents/ros2_ws/install/aws_robomaker_small_warehouse_world/share/aws_robomaker_small_warehouse_world/package.sh'
[1.149s] INFO:colcon.colcon_core.shell:Creating package script '/home/hem436/Documents/ros2_ws/install/aws_robomaker_small_warehouse_world/share/aws_robomaker_small_warehouse_world/package.bash'
[1.151s] INFO:colcon.colcon_core.shell:Creating package script '/home/hem436/Documents/ros2_ws/install/aws_robomaker_small_warehouse_world/share/aws_robomaker_small_warehouse_world/package.zsh'
[1.153s] Level 1:colcon.colcon_core.environment:create_file_with_runtime_dependencies(/home/hem436/Documents/ros2_ws/install/aws_robomaker_small_warehouse_world/share/colcon-core/packages/aws_robomaker_small_warehouse_world)
[1.155s] Level 1:colcon.colcon_core.environment:create_environment_scripts_only(aws_robomaker_small_warehouse_world)
[1.155s] Level 1:colcon.colcon_core.environment:checking '/home/hem436/Documents/ros2_ws/install/aws_robomaker_small_warehouse_world' for CMake module files
[1.156s] Level 1:colcon.colcon_core.environment:checking '/home/hem436/Documents/ros2_ws/install/aws_robomaker_small_warehouse_world' for CMake config files
[1.158s] Level 1:colcon.colcon_core.shell:create_environment_hook('aws_robomaker_small_warehouse_world', 'cmake_prefix_path')
[1.159s] INFO:colcon.colcon_core.shell:Creating environment hook '/home/hem436/Documents/ros2_ws/install/aws_robomaker_small_warehouse_world/share/aws_robomaker_small_warehouse_world/hook/cmake_prefix_path.ps1'
[1.160s] INFO:colcon.colcon_core.shell:Creating environment descriptor '/home/hem436/Documents/ros2_ws/install/aws_robomaker_small_warehouse_world/share/aws_robomaker_small_warehouse_world/hook/cmake_prefix_path.dsv'
[1.161s] INFO:colcon.colcon_core.shell:Creating environment hook '/home/hem436/Documents/ros2_ws/install/aws_robomaker_small_warehouse_world/share/aws_robomaker_small_warehouse_world/hook/cmake_prefix_path.sh'
[1.162s] Level 1:colcon.colcon_core.environment:checking '/home/hem436/Documents/ros2_ws/install/aws_robomaker_small_warehouse_world/bin'
[1.162s] Level 1:colcon.colcon_core.environment:checking '/home/hem436/Documents/ros2_ws/install/aws_robomaker_small_warehouse_world/lib/pkgconfig/aws_robomaker_small_warehouse_world.pc'
[1.162s] Level 1:colcon.colcon_core.environment:checking '/home/hem436/Documents/ros2_ws/install/aws_robomaker_small_warehouse_world/lib/python3.10/site-packages'
[1.163s] Level 1:colcon.colcon_core.environment:checking '/home/hem436/Documents/ros2_ws/install/aws_robomaker_small_warehouse_world/bin'
[1.163s] INFO:colcon.colcon_core.shell:Creating package script '/home/hem436/Documents/ros2_ws/install/aws_robomaker_small_warehouse_world/share/aws_robomaker_small_warehouse_world/package.ps1'
[1.164s] INFO:colcon.colcon_core.shell:Creating package descriptor '/home/hem436/Documents/ros2_ws/install/aws_robomaker_small_warehouse_world/share/aws_robomaker_small_warehouse_world/package.dsv'
[1.165s] INFO:colcon.colcon_core.shell:Creating package script '/home/hem436/Documents/ros2_ws/install/aws_robomaker_small_warehouse_world/share/aws_robomaker_small_warehouse_world/package.sh'
[1.166s] INFO:colcon.colcon_core.shell:Creating package script '/home/hem436/Documents/ros2_ws/install/aws_robomaker_small_warehouse_world/share/aws_robomaker_small_warehouse_world/package.bash'
[1.167s] INFO:colcon.colcon_core.shell:Creating package script '/home/hem436/Documents/ros2_ws/install/aws_robomaker_small_warehouse_world/share/aws_robomaker_small_warehouse_world/package.zsh'
[1.168s] Level 1:colcon.colcon_core.environment:create_file_with_runtime_dependencies(/home/hem436/Documents/ros2_ws/install/aws_robomaker_small_warehouse_world/share/colcon-core/packages/aws_robomaker_small_warehouse_world)
[2.057s] DEBUG:colcon.colcon_core.event_handler.log_command:Invoking command in '/home/hem436/Documents/ros2_ws/src/object_detection': PYTHONPATH=/home/hem436/Documents/ros2_ws/build/object_detection/prefix_override:/usr/lib/python3/dist-packages/colcon_core/task/python/colcon_distutils_commands:/home/hem436/Documents/ros2_ws/install/object_detection/lib/python3.10/site-packages:${PYTHONPATH} /usr/bin/python3 -W ignore:setup.py install is deprecated -W ignore:easy_install command is deprecated setup.py egg_info --egg-base ../../build/object_detection build --build-base /home/hem436/Documents/ros2_ws/build/object_detection/build install --record /home/hem436/Documents/ros2_ws/build/object_detection/install.log --single-version-externally-managed install_data
[2.060s] DEBUG:colcon.colcon_core.event_handler.log_command:Invoking command in '/home/hem436/Documents/ros2_ws/src/robot_bringup': PYTHONPATH=/home/hem436/Documents/ros2_ws/build/robot_bringup/prefix_override:/usr/lib/python3/dist-packages/colcon_core/task/python/colcon_distutils_commands:/home/hem436/Documents/ros2_ws/install/robot_bringup/lib/python3.10/site-packages:${PYTHONPATH} /usr/bin/python3 -W ignore:setup.py install is deprecated -W ignore:easy_install command is deprecated setup.py egg_info --egg-base ../../build/robot_bringup build --build-base /home/hem436/Documents/ros2_ws/build/robot_bringup/build install --record /home/hem436/Documents/ros2_ws/build/robot_bringup/install.log --single-version-externally-managed install_data
[2.924s] Level 1:colcon.colcon_core.environment:checking '/home/hem436/Documents/ros2_ws/install/object_detection' for CMake module files
[2.926s] DEBUG:colcon.colcon_core.event_handler.log_command:Invoked command in '/home/hem436/Documents/ros2_ws/src/object_detection' returned '0': PYTHONPATH=/home/hem436/Documents/ros2_ws/build/object_detection/prefix_override:/usr/lib/python3/dist-packages/colcon_core/task/python/colcon_distutils_commands:/home/hem436/Documents/ros2_ws/install/object_detection/lib/python3.10/site-packages:${PYTHONPATH} /usr/bin/python3 -W ignore:setup.py install is deprecated -W ignore:easy_install command is deprecated setup.py egg_info --egg-base ../../build/object_detection build --build-base /home/hem436/Documents/ros2_ws/build/object_detection/build install --record /home/hem436/Documents/ros2_ws/build/object_detection/install.log --single-version-externally-managed install_data
[2.927s] Level 1:colcon.colcon_core.environment:checking '/home/hem436/Documents/ros2_ws/install/object_detection' for CMake config files
[2.928s] Level 1:colcon.colcon_core.environment:checking '/home/hem436/Documents/ros2_ws/install/object_detection/lib'
[2.929s] Level 1:colcon.colcon_core.environment:checking '/home/hem436/Documents/ros2_ws/install/object_detection/bin'
[2.929s] Level 1:colcon.colcon_core.environment:checking '/home/hem436/Documents/ros2_ws/install/object_detection/lib/pkgconfig/object_detection.pc'
[2.930s] Level 1:colcon.colcon_core.environment:checking '/home/hem436/Documents/ros2_ws/install/object_detection/lib/python3.10/site-packages'
[2.930s] Level 1:colcon.colcon_core.shell:create_environment_hook('object_detection', 'pythonpath')
[2.930s] INFO:colcon.colcon_core.shell:Creating environment hook '/home/hem436/Documents/ros2_ws/install/object_detection/share/object_detection/hook/pythonpath.ps1'
[2.932s] INFO:colcon.colcon_core.shell:Creating environment descriptor '/home/hem436/Documents/ros2_ws/install/object_detection/share/object_detection/hook/pythonpath.dsv'
[2.933s] INFO:colcon.colcon_core.shell:Creating environment hook '/home/hem436/Documents/ros2_ws/install/object_detection/share/object_detection/hook/pythonpath.sh'
[2.934s] Level 1:colcon.colcon_core.environment:checking '/home/hem436/Documents/ros2_ws/install/object_detection/bin'
[2.934s] Level 1:colcon.colcon_core.environment:create_environment_scripts_only(object_detection)
[2.935s] INFO:colcon.colcon_core.shell:Creating package script '/home/hem436/Documents/ros2_ws/install/object_detection/share/object_detection/package.ps1'
[2.937s] INFO:colcon.colcon_core.shell:Creating package descriptor '/home/hem436/Documents/ros2_ws/install/object_detection/share/object_detection/package.dsv'
[2.938s] INFO:colcon.colcon_core.shell:Creating package script '/home/hem436/Documents/ros2_ws/install/object_detection/share/object_detection/package.sh'
[2.939s] INFO:colcon.colcon_core.shell:Creating package script '/home/hem436/Documents/ros2_ws/install/object_detection/share/object_detection/package.bash'
[2.940s] INFO:colcon.colcon_core.shell:Creating package script '/home/hem436/Documents/ros2_ws/install/object_detection/share/object_detection/package.zsh'
[2.941s] Level 1:colcon.colcon_core.environment:create_file_with_runtime_dependencies(/home/hem436/Documents/ros2_ws/install/object_detection/share/colcon-core/packages/object_detection)
[2.944s] Level 1:colcon.colcon_core.environment:checking '/home/hem436/Documents/ros2_ws/install/robot_bringup' for CMake module files
[2.946s] Level 1:colcon.colcon_core.environment:checking '/home/hem436/Documents/ros2_ws/install/robot_bringup' for CMake config files
[2.947s] DEBUG:colcon.colcon_core.event_handler.log_command:Invoked command in '/home/hem436/Documents/ros2_ws/src/robot_bringup' returned '0': PYTHONPATH=/home/hem436/Documents/ros2_ws/build/robot_bringup/prefix_override:/usr/lib/python3/dist-packages/colcon_core/task/python/colcon_distutils_commands:/home/hem436/Documents/ros2_ws/install/robot_bringup/lib/python3.10/site-packages:${PYTHONPATH} /usr/bin/python3 -W ignore:setup.py install is deprecated -W ignore:easy_install command is deprecated setup.py egg_info --egg-base ../../build/robot_bringup build --build-base /home/hem436/Documents/ros2_ws/build/robot_bringup/build install --record /home/hem436/Documents/ros2_ws/build/robot_bringup/install.log --single-version-externally-managed install_data
[2.948s] Level 1:colcon.colcon_core.environment:checking '/home/hem436/Documents/ros2_ws/install/robot_bringup/lib'
[2.948s] Level 1:colcon.colcon_core.environment:checking '/home/hem436/Documents/ros2_ws/install/robot_bringup/bin'
[2.949s] Level 1:colcon.colcon_core.environment:checking '/home/hem436/Documents/ros2_ws/install/robot_bringup/lib/pkgconfig/robot_bringup.pc'
[2.949s] Level 1:colcon.colcon_core.environment:checking '/home/hem436/Documents/ros2_ws/install/robot_bringup/lib/python3.10/site-packages'
[2.950s] Level 1:colcon.colcon_core.shell:create_environment_hook('robot_bringup', 'pythonpath')
[2.950s] INFO:colcon.colcon_core.shell:Creating environment hook '/home/hem436/Documents/ros2_ws/install/robot_bringup/share/robot_bringup/hook/pythonpath.ps1'
[2.952s] INFO:colcon.colcon_core.shell:Creating environment descriptor '/home/hem436/Documents/ros2_ws/install/robot_bringup/share/robot_bringup/hook/pythonpath.dsv'
[2.953s] INFO:colcon.colcon_core.shell:Creating environment hook '/home/hem436/Documents/ros2_ws/install/robot_bringup/share/robot_bringup/hook/pythonpath.sh'
[2.955s] Level 1:colcon.colcon_core.environment:checking '/home/hem436/Documents/ros2_ws/install/robot_bringup/bin'
[2.955s] Level 1:colcon.colcon_core.environment:create_environment_scripts_only(robot_bringup)
[2.956s] INFO:colcon.colcon_core.shell:Creating package script '/home/hem436/Documents/ros2_ws/install/robot_bringup/share/robot_bringup/package.ps1'
[2.958s] INFO:colcon.colcon_core.shell:Creating package descriptor '/home/hem436/Documents/ros2_ws/install/robot_bringup/share/robot_bringup/package.dsv'
[2.959s] INFO:colcon.colcon_core.shell:Creating package script '/home/hem436/Documents/ros2_ws/install/robot_bringup/share/robot_bringup/package.sh'
[2.960s] INFO:colcon.colcon_core.shell:Creating package script '/home/hem436/Documents/ros2_ws/install/robot_bringup/share/robot_bringup/package.bash'
[2.962s] INFO:colcon.colcon_core.shell:Creating package script '/home/hem436/Documents/ros2_ws/install/robot_bringup/share/robot_bringup/package.zsh'
[2.963s] Level 1:colcon.colcon_core.environment:create_file_with_runtime_dependencies(/home/hem436/Documents/ros2_ws/install/robot_bringup/share/colcon-core/packages/robot_bringup)
[3.285s] DEBUG:colcon.colcon_core.event_handler.log_command:Invoked command in '/home/hem436/Documents/ros2_ws/build/robot_controller' returned '0': CMAKE_PREFIX_PATH=${CMAKE_PREFIX_PATH}:/home/hem436/Documents/ros2_ws/install/robot_bringup:/opt/ros/humble /usr/bin/cmake /home/hem436/Documents/ros2_ws/src/robot_controller -DCMAKE_INSTALL_PREFIX=/home/hem436/Documents/ros2_ws/install/robot_controller
[3.288s] DEBUG:colcon.colcon_core.event_handler.log_command:Invoking command in '/home/hem436/Documents/ros2_ws/build/robot_controller': CMAKE_PREFIX_PATH=${CMAKE_PREFIX_PATH}:/home/hem436/Documents/ros2_ws/install/robot_bringup:/opt/ros/humble /usr/bin/cmake --build /home/hem436/Documents/ros2_ws/build/robot_controller -- -j8 -l8
[22.732s] DEBUG:colcon.colcon_core.event_handler.log_command:Invoked command in '/home/hem436/Documents/ros2_ws/build/robot_controller' returned '0': CMAKE_PREFIX_PATH=${CMAKE_PREFIX_PATH}:/home/hem436/Documents/ros2_ws/install/robot_bringup:/opt/ros/humble /usr/bin/cmake --build /home/hem436/Documents/ros2_ws/build/robot_controller -- -j8 -l8
[22.737s] DEBUG:colcon.colcon_core.event_handler.log_command:Invoking command in '/home/hem436/Documents/ros2_ws/build/robot_controller': CMAKE_PREFIX_PATH=${CMAKE_PREFIX_PATH}:/home/hem436/Documents/ros2_ws/install/robot_bringup:/opt/ros/humble /usr/bin/cmake --install /home/hem436/Documents/ros2_ws/build/robot_controller
[22.803s] Level 1:colcon.colcon_core.environment:create_environment_scripts_only(robot_controller)
[22.804s] Level 1:colcon.colcon_core.environment:checking '/home/hem436/Documents/ros2_ws/install/robot_controller' for CMake module files
[22.805s] DEBUG:colcon.colcon_core.event_handler.log_command:Invoked command in '/home/hem436/Documents/ros2_ws/build/robot_controller' returned '0': CMAKE_PREFIX_PATH=${CMAKE_PREFIX_PATH}:/home/hem436/Documents/ros2_ws/install/robot_bringup:/opt/ros/humble /usr/bin/cmake --install /home/hem436/Documents/ros2_ws/build/robot_controller
[22.806s] Level 1:colcon.colcon_core.environment:checking '/home/hem436/Documents/ros2_ws/install/robot_controller' for CMake config files
[22.807s] Level 1:colcon.colcon_core.shell:create_environment_hook('robot_controller', 'cmake_prefix_path')
[22.807s] INFO:colcon.colcon_core.shell:Creating environment hook '/home/hem436/Documents/ros2_ws/install/robot_controller/share/robot_controller/hook/cmake_prefix_path.ps1'
[22.808s] INFO:colcon.colcon_core.shell:Creating environment descriptor '/home/hem436/Documents/ros2_ws/install/robot_controller/share/robot_controller/hook/cmake_prefix_path.dsv'
[22.809s] INFO:colcon.colcon_core.shell:Creating environment hook '/home/hem436/Documents/ros2_ws/install/robot_controller/share/robot_controller/hook/cmake_prefix_path.sh'
[22.810s] Level 1:colcon.colcon_core.environment:checking '/home/hem436/Documents/ros2_ws/install/robot_controller/lib'
[22.810s] Level 1:colcon.colcon_core.environment:checking '/home/hem436/Documents/ros2_ws/install/robot_controller/bin'
[22.810s] Level 1:colcon.colcon_core.environment:checking '/home/hem436/Documents/ros2_ws/install/robot_controller/lib/pkgconfig/robot_controller.pc'
[22.810s] Level 1:colcon.colcon_core.environment:checking '/home/hem436/Documents/ros2_ws/install/robot_controller/lib/python3.10/site-packages'
[22.810s] Level 1:colcon.colcon_core.environment:checking '/home/hem436/Documents/ros2_ws/install/robot_controller/bin'
[22.811s] INFO:colcon.colcon_core.shell:Creating package script '/home/hem436/Documents/ros2_ws/install/robot_controller/share/robot_controller/package.ps1'
[22.811s] INFO:colcon.colcon_core.shell:Creating package descriptor '/home/hem436/Documents/ros2_ws/install/robot_controller/share/robot_controller/package.dsv'
[22.812s] INFO:colcon.colcon_core.shell:Creating package script '/home/hem436/Documents/ros2_ws/install/robot_controller/share/robot_controller/package.sh'
[22.813s] INFO:colcon.colcon_core.shell:Creating package script '/home/hem436/Documents/ros2_ws/install/robot_controller/share/robot_controller/package.bash'
[22.813s] INFO:colcon.colcon_core.shell:Creating package script '/home/hem436/Documents/ros2_ws/install/robot_controller/share/robot_controller/package.zsh'
[22.813s] Level 1:colcon.colcon_core.environment:create_file_with_runtime_dependencies(/home/hem436/Documents/ros2_ws/install/robot_controller/share/colcon-core/packages/robot_controller)
[22.814s] Level 1:colcon.colcon_core.environment:create_environment_scripts_only(robot_controller)
[22.815s] Level 1:colcon.colcon_core.environment:checking '/home/hem436/Documents/ros2_ws/install/robot_controller' for CMake module files
[22.815s] Level 1:colcon.colcon_core.environment:checking '/home/hem436/Documents/ros2_ws/install/robot_controller' for CMake config files
[22.816s] Level 1:colcon.colcon_core.shell:create_environment_hook('robot_controller', 'cmake_prefix_path')
[22.816s] INFO:colcon.colcon_core.shell:Creating environment hook '/home/hem436/Documents/ros2_ws/install/robot_controller/share/robot_controller/hook/cmake_prefix_path.ps1'
[22.817s] INFO:colcon.colcon_core.shell:Creating environment descriptor '/home/hem436/Documents/ros2_ws/install/robot_controller/share/robot_controller/hook/cmake_prefix_path.dsv'
[22.817s] INFO:colcon.colcon_core.shell:Creating environment hook '/home/hem436/Documents/ros2_ws/install/robot_controller/share/robot_controller/hook/cmake_prefix_path.sh'
[22.818s] Level 1:colcon.colcon_core.environment:checking '/home/hem436/Documents/ros2_ws/install/robot_controller/lib'
[22.818s] Level 1:colcon.colcon_core.environment:checking '/home/hem436/Documents/ros2_ws/install/robot_controller/bin'
[22.818s] Level 1:colcon.colcon_core.environment:checking '/home/hem436/Documents/ros2_ws/install/robot_controller/lib/pkgconfig/robot_controller.pc'
[22.819s] Level 1:colcon.colcon_core.environment:checking '/home/hem436/Documents/ros2_ws/install/robot_controller/lib/python3.10/site-packages'
[22.819s] Level 1:colcon.colcon_core.environment:checking '/home/hem436/Documents/ros2_ws/install/robot_controller/bin'
[22.819s] INFO:colcon.colcon_core.shell:Creating package script '/home/hem436/Documents/ros2_ws/install/robot_controller/share/robot_controller/package.ps1'
[22.820s] INFO:colcon.colcon_core.shell:Creating package descriptor '/home/hem436/Documents/ros2_ws/install/robot_controller/share/robot_controller/package.dsv'
[22.820s] INFO:colcon.colcon_core.shell:Creating package script '/home/hem436/Documents/ros2_ws/install/robot_controller/share/robot_controller/package.sh'
[22.821s] INFO:colcon.colcon_core.shell:Creating package script '/home/hem436/Documents/ros2_ws/install/robot_controller/share/robot_controller/package.bash'
[22.821s] INFO:colcon.colcon_core.shell:Creating package script '/home/hem436/Documents/ros2_ws/install/robot_controller/share/robot_controller/package.zsh'
[22.822s] Level 1:colcon.colcon_core.environment:create_file_with_runtime_dependencies(/home/hem436/Documents/ros2_ws/install/robot_controller/share/colcon-core/packages/robot_controller)
[22.822s] DEBUG:colcon.colcon_parallel_executor.executor.parallel:closing loop
[22.822s] DEBUG:colcon.colcon_parallel_executor.executor.parallel:loop closed
[22.822s] DEBUG:colcon.colcon_parallel_executor.executor.parallel:run_until_complete finished with '0'
[22.823s] DEBUG:colcon.colcon_core.event_reactor:joining thread
[22.838s] INFO:colcon.colcon_core.plugin_system:Skipping extension 'colcon_notification.desktop_notification.terminal_notifier': Not used on non-Darwin systems
[22.838s] INFO:colcon.colcon_core.plugin_system:Skipping extension 'colcon_notification.desktop_notification.win32': Not used on non-Windows systems
[22.838s] INFO:colcon.colcon_notification.desktop_notification:Sending desktop notification using 'notify2'
[22.868s] DEBUG:colcon.colcon_core.event_reactor:joined thread
[22.869s] INFO:colcon.colcon_core.shell:Creating prefix script '/home/hem436/Documents/ros2_ws/install/local_setup.ps1'
[22.871s] INFO:colcon.colcon_core.shell:Creating prefix util module '/home/hem436/Documents/ros2_ws/install/_local_setup_util_ps1.py'
[22.875s] INFO:colcon.colcon_core.shell:Creating prefix chain script '/home/hem436/Documents/ros2_ws/install/setup.ps1'
[22.879s] INFO:colcon.colcon_core.shell:Creating prefix script '/home/hem436/Documents/ros2_ws/install/local_setup.sh'
[22.881s] INFO:colcon.colcon_core.shell:Creating prefix util module '/home/hem436/Documents/ros2_ws/install/_local_setup_util_sh.py'
[22.883s] INFO:colcon.colcon_core.shell:Creating prefix chain script '/home/hem436/Documents/ros2_ws/install/setup.sh'
[22.886s] INFO:colcon.colcon_core.shell:Creating prefix script '/home/hem436/Documents/ros2_ws/install/local_setup.bash'
[22.888s] INFO:colcon.colcon_core.shell:Creating prefix chain script '/home/hem436/Documents/ros2_ws/install/setup.bash'
[22.891s] INFO:colcon.colcon_core.shell:Creating prefix script '/home/hem436/Documents/ros2_ws/install/local_setup.zsh'
[22.893s] INFO:colcon.colcon_core.shell:Creating prefix chain script '/home/hem436/Documents/ros2_ws/install/setup.zsh'
