[1.353s] Invoking command in '/home/hem436/Documents/ros2_ws/src/warehouse_inspection': PYTHONPATH=/home/hem436/Documents/ros2_ws/build/warehouse_inspection/prefix_override:/usr/lib/python3/dist-packages/colcon_core/task/python/colcon_distutils_commands:/home/hem436/Documents/ros2_ws/install/warehouse_inspection/lib/python3.10/site-packages:${PYTHONPATH} /usr/bin/python3 -W ignore:setup.py install is deprecated -W ignore:easy_install command is deprecated setup.py egg_info --egg-base ../../build/warehouse_inspection build --build-base /home/hem436/Documents/ros2_ws/build/warehouse_inspection/build install --record /home/hem436/Documents/ros2_ws/build/warehouse_inspection/install.log --single-version-externally-managed install_data
[1.702s] running egg_info
[1.702s] creating ../../build/warehouse_inspection/warehouse_inspection.egg-info
[1.703s] writing ../../build/warehouse_inspection/warehouse_inspection.egg-info/PKG-INFO
[1.705s] writing dependency_links to ../../build/warehouse_inspection/warehouse_inspection.egg-info/dependency_links.txt
[1.706s] writing entry points to ../../build/warehouse_inspection/warehouse_inspection.egg-info/entry_points.txt
[1.706s] writing requirements to ../../build/warehouse_inspection/warehouse_inspection.egg-info/requires.txt
[1.706s] writing top-level names to ../../build/warehouse_inspection/warehouse_inspection.egg-info/top_level.txt
[1.707s] writing manifest file '../../build/warehouse_inspection/warehouse_inspection.egg-info/SOURCES.txt'
[1.709s] reading manifest file '../../build/warehouse_inspection/warehouse_inspection.egg-info/SOURCES.txt'
[1.710s] writing manifest file '../../build/warehouse_inspection/warehouse_inspection.egg-info/SOURCES.txt'
[1.711s] running build
[1.712s] running build_py
[1.712s] creating /home/hem436/Documents/ros2_ws/build/warehouse_inspection/build
[1.713s] creating /home/hem436/Documents/ros2_ws/build/warehouse_inspection/build/lib
[1.713s] creating /home/hem436/Documents/ros2_ws/build/warehouse_inspection/build/lib/warehouse_inspection
[1.713s] copying warehouse_inspection/__init__.py -> /home/hem436/Documents/ros2_ws/build/warehouse_inspection/build/lib/warehouse_inspection
[1.714s] running install
[1.714s] running install_lib
[1.715s] creating /home/hem436/Documents/ros2_ws/install/warehouse_inspection/lib/python3.10/site-packages/warehouse_inspection
[1.716s] copying /home/hem436/Documents/ros2_ws/build/warehouse_inspection/build/lib/warehouse_inspection/__init__.py -> /home/hem436/Documents/ros2_ws/install/warehouse_inspection/lib/python3.10/site-packages/warehouse_inspection
[1.716s] byte-compiling /home/hem436/Documents/ros2_ws/install/warehouse_inspection/lib/python3.10/site-packages/warehouse_inspection/__init__.py to __init__.cpython-310.pyc
[1.717s] running install_data
[1.717s] creating /home/hem436/Documents/ros2_ws/install/warehouse_inspection/share/ament_index
[1.717s] creating /home/hem436/Documents/ros2_ws/install/warehouse_inspection/share/ament_index/resource_index
[1.718s] creating /home/hem436/Documents/ros2_ws/install/warehouse_inspection/share/ament_index/resource_index/packages
[1.718s] copying resource/warehouse_inspection -> /home/hem436/Documents/ros2_ws/install/warehouse_inspection/share/ament_index/resource_index/packages
[1.718s] copying package.xml -> /home/hem436/Documents/ros2_ws/install/warehouse_inspection/share/warehouse_inspection
[1.719s] running install_egg_info
[1.720s] Copying ../../build/warehouse_inspection/warehouse_inspection.egg-info to /home/hem436/Documents/ros2_ws/install/warehouse_inspection/lib/python3.10/site-packages/warehouse_inspection-0.0.0-py3.10.egg-info
[1.722s] running install_scripts
[1.757s] writing list of installed files to '/home/hem436/Documents/ros2_ws/build/warehouse_inspection/install.log'
[1.804s] Invoked command in '/home/hem436/Documents/ros2_ws/src/warehouse_inspection' returned '0': PYTHONPATH=/home/hem436/Documents/ros2_ws/build/warehouse_inspection/prefix_override:/usr/lib/python3/dist-packages/colcon_core/task/python/colcon_distutils_commands:/home/hem436/Documents/ros2_ws/install/warehouse_inspection/lib/python3.10/site-packages:${PYTHONPATH} /usr/bin/python3 -W ignore:setup.py install is deprecated -W ignore:easy_install command is deprecated setup.py egg_info --egg-base ../../build/warehouse_inspection build --build-base /home/hem436/Documents/ros2_ws/build/warehouse_inspection/build install --record /home/hem436/Documents/ros2_ws/build/warehouse_inspection/install.log --single-version-externally-managed install_data
