[2.150s] Invoking command in '/home/hem436/Documents/ros2_ws/src/robot_controller': PYTHONPATH=/home/hem436/Documents/ros2_ws/build/robot_controller/prefix_override:/usr/lib/python3/dist-packages/colcon_core/task/python/colcon_distutils_commands:/home/hem436/Documents/ros2_ws/install/robot_controller/lib/python3.10/site-packages:${PYTHONPATH} /usr/bin/python3 -W ignore:setup.py install is deprecated -W ignore:easy_install command is deprecated setup.py egg_info --egg-base ../../build/robot_controller build --build-base /home/hem436/Documents/ros2_ws/build/robot_controller/build install --record /home/hem436/Documents/ros2_ws/build/robot_controller/install.log --single-version-externally-managed install_data
[2.725s] running egg_info
[2.727s] writing ../../build/robot_controller/robot_controller.egg-info/PKG-INFO
[2.727s] writing dependency_links to ../../build/robot_controller/robot_controller.egg-info/dependency_links.txt
[2.728s] writing entry points to ../../build/robot_controller/robot_controller.egg-info/entry_points.txt
[2.728s] writing requirements to ../../build/robot_controller/robot_controller.egg-info/requires.txt
[2.728s] writing top-level names to ../../build/robot_controller/robot_controller.egg-info/top_level.txt
[2.732s] reading manifest file '../../build/robot_controller/robot_controller.egg-info/SOURCES.txt'
[2.738s] writing manifest file '../../build/robot_controller/robot_controller.egg-info/SOURCES.txt'
[2.738s] running build
[2.739s] running build_py
[2.739s] running install
[2.741s] running install_lib
[2.744s] running install_data
[2.744s] creating /home/hem436/Documents/ros2_ws/install/robot_controller/share/robot_controller/urdf/lite
[2.745s] copying urdf/lite/turtlebot4.urdf.xacro -> /home/hem436/Documents/ros2_ws/install/robot_controller/share/robot_controller/urdf/lite/
[2.745s] creating /home/hem436/Documents/ros2_ws/install/robot_controller/share/robot_controller/meshes
[2.745s] copying meshes/shell.dae -> /home/hem436/Documents/ros2_ws/install/robot_controller/share/robot_controller/meshes/
[2.760s] copying meshes/tower_standoff.dae -> /home/hem436/Documents/ros2_ws/install/robot_controller/share/robot_controller/meshes/
[2.761s] copying meshes/oakd_lite.dae -> /home/hem436/Documents/ros2_ws/install/robot_controller/share/robot_controller/meshes/
[2.773s] copying meshes/oakd_pro.dae -> /home/hem436/Documents/ros2_ws/install/robot_controller/share/robot_controller/meshes/
[2.816s] copying meshes/tower_sensor_plate.dae -> /home/hem436/Documents/ros2_ws/install/robot_controller/share/robot_controller/meshes/
[2.817s] copying meshes/camera_bracket.dae -> /home/hem436/Documents/ros2_ws/install/robot_controller/share/robot_controller/meshes/
[2.817s] copying meshes/shell_collision.dae -> /home/hem436/Documents/ros2_ws/install/robot_controller/share/robot_controller/meshes/
[2.827s] copying meshes/tower.dae -> /home/hem436/Documents/ros2_ws/install/robot_controller/share/robot_controller/meshes/
[2.829s] copying meshes/weight_block.dae -> /home/hem436/Documents/ros2_ws/install/robot_controller/share/robot_controller/meshes/
[2.829s] copying meshes/rplidar.dae -> /home/hem436/Documents/ros2_ws/install/robot_controller/share/robot_controller/meshes/
[2.829s] running install_egg_info
[2.835s] removing '/home/hem436/Documents/ros2_ws/install/robot_controller/lib/python3.10/site-packages/robot_controller-0.0.0-py3.10.egg-info' (and everything under it)
[2.836s] Copying ../../build/robot_controller/robot_controller.egg-info to /home/hem436/Documents/ros2_ws/install/robot_controller/lib/python3.10/site-packages/robot_controller-0.0.0-py3.10.egg-info
[2.839s] running install_scripts
[2.886s] Installing draw_circle script to /home/hem436/Documents/ros2_ws/install/robot_controller/lib/robot_controller
[2.886s] Installing test_node script to /home/hem436/Documents/ros2_ws/install/robot_controller/lib/robot_controller
[2.887s] writing list of installed files to '/home/hem436/Documents/ros2_ws/build/robot_controller/install.log'
[2.944s] Invoked command in '/home/hem436/Documents/ros2_ws/src/robot_controller' returned '0': PYTHONPATH=/home/hem436/Documents/ros2_ws/build/robot_controller/prefix_override:/usr/lib/python3/dist-packages/colcon_core/task/python/colcon_distutils_commands:/home/hem436/Documents/ros2_ws/install/robot_controller/lib/python3.10/site-packages:${PYTHONPATH} /usr/bin/python3 -W ignore:setup.py install is deprecated -W ignore:easy_install command is deprecated setup.py egg_info --egg-base ../../build/robot_controller build --build-base /home/hem436/Documents/ros2_ws/build/robot_controller/build install --record /home/hem436/Documents/ros2_ws/build/robot_controller/install.log --single-version-externally-managed install_data
