[2.065s] Invoking command in '/home/hem436/Documents/ros2_ws/src/robot_controller': PYTHONPATH=/home/hem436/Documents/ros2_ws/build/robot_controller/prefix_override:/usr/lib/python3/dist-packages/colcon_core/task/python/colcon_distutils_commands:/home/hem436/Documents/ros2_ws/install/robot_controller/lib/python3.10/site-packages:${PYTHONPATH} /usr/bin/python3 -W ignore:setup.py install is deprecated -W ignore:easy_install command is deprecated setup.py egg_info --egg-base ../../build/robot_controller build --build-base /home/hem436/Documents/ros2_ws/build/robot_controller/build install --record /home/hem436/Documents/ros2_ws/build/robot_controller/install.log --single-version-externally-managed install_data
[2.610s] running egg_info
[2.612s] writing ../../build/robot_controller/robot_controller.egg-info/PKG-INFO
[2.612s] writing dependency_links to ../../build/robot_controller/robot_controller.egg-info/dependency_links.txt
[2.613s] writing entry points to ../../build/robot_controller/robot_controller.egg-info/entry_points.txt
[2.613s] writing requirements to ../../build/robot_controller/robot_controller.egg-info/requires.txt
[2.613s] writing top-level names to ../../build/robot_controller/robot_controller.egg-info/top_level.txt
[2.617s] reading manifest file '../../build/robot_controller/robot_controller.egg-info/SOURCES.txt'
[2.621s] writing manifest file '../../build/robot_controller/robot_controller.egg-info/SOURCES.txt'
[2.621s] running build
[2.622s] running build_py
[2.622s] running install
[2.623s] running install_lib
[2.625s] creating /home/hem436/Documents/ros2_ws/install/robot_controller/lib/python3.10/site-packages/robot_controller
[2.625s] copying /home/hem436/Documents/ros2_ws/build/robot_controller/build/lib/robot_controller/__init__.py -> /home/hem436/Documents/ros2_ws/install/robot_controller/lib/python3.10/site-packages/robot_controller
[2.625s] copying /home/hem436/Documents/ros2_ws/build/robot_controller/build/lib/robot_controller/draw_circle.py -> /home/hem436/Documents/ros2_ws/install/robot_controller/lib/python3.10/site-packages/robot_controller
[2.626s] copying /home/hem436/Documents/ros2_ws/build/robot_controller/build/lib/robot_controller/robot_node.py -> /home/hem436/Documents/ros2_ws/install/robot_controller/lib/python3.10/site-packages/robot_controller
[2.626s] byte-compiling /home/hem436/Documents/ros2_ws/install/robot_controller/lib/python3.10/site-packages/robot_controller/__init__.py to __init__.cpython-310.pyc
[2.627s] byte-compiling /home/hem436/Documents/ros2_ws/install/robot_controller/lib/python3.10/site-packages/robot_controller/draw_circle.py to draw_circle.cpython-310.pyc
[2.628s] byte-compiling /home/hem436/Documents/ros2_ws/install/robot_controller/lib/python3.10/site-packages/robot_controller/robot_node.py to robot_node.cpython-310.pyc
[2.629s] running install_data
[2.629s] creating /home/hem436/Documents/ros2_ws/install/robot_controller/share/ament_index
[2.630s] creating /home/hem436/Documents/ros2_ws/install/robot_controller/share/ament_index/resource_index
[2.630s] creating /home/hem436/Documents/ros2_ws/install/robot_controller/share/ament_index/resource_index/packages
[2.630s] copying resource/robot_controller -> /home/hem436/Documents/ros2_ws/install/robot_controller/share/ament_index/resource_index/packages
[2.630s] copying package.xml -> /home/hem436/Documents/ros2_ws/install/robot_controller/share/robot_controller
[2.631s] copying launch/robot_description.launch.py -> /home/hem436/Documents/ros2_ws/install/robot_controller/share/robot_controller
[2.631s] running install_egg_info
[2.635s] Copying ../../build/robot_controller/robot_controller.egg-info to /home/hem436/Documents/ros2_ws/install/robot_controller/lib/python3.10/site-packages/robot_controller-0.0.0-py3.10.egg-info
[2.637s] running install_scripts
[2.681s] Installing draw_circle script to /home/hem436/Documents/ros2_ws/install/robot_controller/lib/robot_controller
[2.682s] Installing test_node script to /home/hem436/Documents/ros2_ws/install/robot_controller/lib/robot_controller
[2.682s] writing list of installed files to '/home/hem436/Documents/ros2_ws/build/robot_controller/install.log'
[2.736s] Invoked command in '/home/hem436/Documents/ros2_ws/src/robot_controller' returned '0': PYTHONPATH=/home/hem436/Documents/ros2_ws/build/robot_controller/prefix_override:/usr/lib/python3/dist-packages/colcon_core/task/python/colcon_distutils_commands:/home/hem436/Documents/ros2_ws/install/robot_controller/lib/python3.10/site-packages:${PYTHONPATH} /usr/bin/python3 -W ignore:setup.py install is deprecated -W ignore:easy_install command is deprecated setup.py egg_info --egg-base ../../build/robot_controller build --build-base /home/hem436/Documents/ros2_ws/build/robot_controller/build install --record /home/hem436/Documents/ros2_ws/build/robot_controller/install.log --single-version-externally-managed install_data
