[0.772s] Invoking command in '/home/hem436/Documents/ros2_ws/build/robot_controller': CMAKE_PREFIX_PATH=${CMAKE_PREFIX_PATH}:/home/hem436/Documents/ros2_ws/install/object_detection:/home/hem436/Documents/ros2_ws/install/robot_bringup:/opt/ros/humble PS1=(.env) ${debian_chroot:+($debian_chroot)}\[\033[01;32m\]\u@\[\033[00m\]:\[\033[01;34m\]\w\[\033[00m\]\$ VIRTUAL_ENV_PROMPT=(.env) /usr/bin/cmake /home/hem436/Documents/ros2_ws/src/robot_controller -DAMENT_CMAKE_SYMLINK_INSTALL=1 -DCMAKE_INSTALL_PREFIX=/home/hem436/Documents/ros2_ws/install/robot_controller
[0.781s] -- Found ament_cmake: 1.3.11 (/opt/ros/humble/share/ament_cmake/cmake)
[0.991s] -- Override CMake install command with custom implementation using symlinks instead of copying resources
[1.013s] [33mCMake Warning (dev) at /usr/share/cmake-3.22/Modules/FindPackageHandleStandardArgs.cmake:438 (message):
[1.013s]   The package name passed to `find_package_handle_standard_args` (PkgConfig)
[1.014s]   does not match the name of the calling package (gazebo).  This can lead to
[1.014s]   problems in calling code that expects `find_package` result variables
[1.014s]   (e.g., `_FOUND`) to follow a certain pattern.
[1.014s] Call Stack (most recent call first):
[1.014s]   /usr/share/cmake-3.22/Modules/FindPkgConfig.cmake:99 (find_package_handle_standard_args)
[1.014s]   /usr/lib/x86_64-linux-gnu/cmake/gazebo/gazebo-config.cmake:72 (include)
[1.014s]   CMakeLists.txt:23 (find_package)
[1.015s] This warning is for project developers.  Use -Wno-dev to suppress it.
[1.015s] [0m
[1.062s] -- Found DART: /usr/include (Required is at least version "6.6") found components: dart 
[1.127s] -- Found Protobuf: /usr/lib/x86_64-linux-gnu/libprotobuf.so (found version "3.12.4") 
[1.130s] -- Looking for ignition-math6 -- found version 6.15.1
[1.137s] -- Searching for dependencies of ignition-math6
[1.140s] -- Looking for OGRE...
[1.152s] -- Found Ogre Ghadamon (1.9.0)
[1.152s] -- Found OGRE: optimized;/usr/lib/x86_64-linux-gnu/libOgreMain.so;debug;/usr/lib/x86_64-linux-gnu/libOgreMain.so
[1.171s] -- Looking for OGRE_Paging...
[1.171s] -- Found OGRE_Paging: optimized;/usr/lib/x86_64-linux-gnu/libOgrePaging.so;debug;/usr/lib/x86_64-linux-gnu/libOgrePaging.so
[1.171s] -- Looking for OGRE_Terrain...
[1.172s] -- Found OGRE_Terrain: optimized;/usr/lib/x86_64-linux-gnu/libOgreTerrain.so;debug;/usr/lib/x86_64-linux-gnu/libOgreTerrain.so
[1.172s] -- Looking for OGRE_Property...
[1.172s] -- Found OGRE_Property: optimized;/usr/lib/x86_64-linux-gnu/libOgreProperty.so;debug;/usr/lib/x86_64-linux-gnu/libOgreProperty.so
[1.172s] -- Looking for OGRE_RTShaderSystem...
[1.172s] -- Found OGRE_RTShaderSystem: optimized;/usr/lib/x86_64-linux-gnu/libOgreRTShaderSystem.so;debug;/usr/lib/x86_64-linux-gnu/libOgreRTShaderSystem.so
[1.172s] -- Looking for OGRE_Volume...
[1.173s] -- Found OGRE_Volume: optimized;/usr/lib/x86_64-linux-gnu/libOgreVolume.so;debug;/usr/lib/x86_64-linux-gnu/libOgreVolume.so
[1.173s] -- Looking for OGRE_Overlay...
[1.173s] -- Found OGRE_Overlay: optimized;/usr/lib/x86_64-linux-gnu/libOgreOverlay.so;debug;/usr/lib/x86_64-linux-gnu/libOgreOverlay.so
[1.494s] -- Looking for ignition-math6 -- found version 6.15.1
[1.494s] -- Looking for ignition-transport8 -- found version 8.2.1
[1.495s] -- Searching for dependencies of ignition-transport8
[1.531s] -- Found Protobuf: /usr/lib/x86_64-linux-gnu/libprotobuf.so (found suitable version "3.12.4", minimum required is "3") 
[1.554s] -- Config-file not installed for ZeroMQ -- checking for pkg-config
[1.565s] -- Checking for module 'libzmq >= 4'
[1.600s] --   Found libzmq , version 4.3.4
[1.693s] -- Checking for module 'uuid'
[1.720s] --   Found uuid, version 2.37.2
[1.798s] -- Looking for ignition-msgs5 -- found version 5.8.1
[1.800s] -- Searching for dependencies of ignition-msgs5
[1.878s] -- Looking for ignition-math6 -- found version 6.15.1
[1.891s] -- Checking for module 'tinyxml2'
[1.928s] --   Found tinyxml2, version 9.0.0
[2.003s] -- Looking for ignition-msgs5 -- found version 5.8.1
[2.004s] -- Looking for ignition-common3 -- found version 3.14.0
[2.005s] -- Searching for dependencies of ignition-common3
[2.005s] -- Looking for dlfcn.h - found
[2.005s] -- Looking for libdl - found
[2.026s] -- Searching for <ignition-common3> component [graphics]
[2.026s] -- Looking for ignition-common3-graphics -- found version 3.14.0
[2.027s] -- Searching for dependencies of ignition-common3-graphics
[2.028s] -- Looking for ignition-math6 -- found version 6.15.1
[2.030s] -- Looking for ignition-fuel_tools4 -- found version 4.4.0
[2.030s] -- Searching for dependencies of ignition-fuel_tools4
[2.106s] -- Checking for module 'jsoncpp'
[2.133s] --   Found jsoncpp, version 1.9.5
[2.220s] -- Checking for module 'libzip'
[2.249s] --   Found libzip, version 1.7.3
[2.342s] -- Looking for ignition-common3 -- found version 3.14.0
[2.343s] -- Looking for ignition-math6 -- found version 6.15.1
[2.344s] -- Looking for ignition-msgs5 -- found version 5.8.1
[2.348s] -- Found gazebo_ros_pkgs: 3.7.0 (/opt/ros/humble/share/gazebo_ros_pkgs/cmake)
[2.349s] -- Found geometry_msgs: 4.2.4 (/opt/ros/humble/share/geometry_msgs/cmake)
[2.383s] -- Found rosidl_generator_c: 3.1.6 (/opt/ros/humble/share/rosidl_generator_c/cmake)
[2.387s] -- Found rosidl_adapter: 3.1.6 (/opt/ros/humble/share/rosidl_adapter/cmake)
[2.397s] -- Found rosidl_generator_cpp: 3.1.6 (/opt/ros/humble/share/rosidl_generator_cpp/cmake)
[2.416s] -- Using all available rosidl_typesupport_c: rosidl_typesupport_fastrtps_c;rosidl_typesupport_introspection_c
[2.445s] -- Using all available rosidl_typesupport_cpp: rosidl_typesupport_fastrtps_cpp;rosidl_typesupport_introspection_cpp
[2.530s] -- Found nav_msgs: 4.2.4 (/opt/ros/humble/share/nav_msgs/cmake)
[2.566s] -- Found rclcpp: 16.0.11 (/opt/ros/humble/share/rclcpp/cmake)
[2.609s] -- Found rmw_implementation_cmake: 6.1.2 (/opt/ros/humble/share/rmw_implementation_cmake/cmake)
[2.611s] -- Found rmw_cyclonedds_cpp: 1.3.4 (/opt/ros/humble/share/rmw_cyclonedds_cpp/cmake)
[2.641s] -- Using RMW implementation 'rmw_cyclonedds_cpp' as default
[2.714s] -- Found sensor_msgs: 4.2.4 (/opt/ros/humble/share/sensor_msgs/cmake)
[2.755s] -- Found tf2: 0.25.9 (/opt/ros/humble/share/tf2/cmake)
[3.011s] -- Configuring done
[3.105s] -- Generating done
[3.125s] -- Build files have been written to: /home/hem436/Documents/ros2_ws/build/robot_controller
[3.152s] Invoked command in '/home/hem436/Documents/ros2_ws/build/robot_controller' returned '0': CMAKE_PREFIX_PATH=${CMAKE_PREFIX_PATH}:/home/hem436/Documents/ros2_ws/install/object_detection:/home/hem436/Documents/ros2_ws/install/robot_bringup:/opt/ros/humble PS1=(.env) ${debian_chroot:+($debian_chroot)}\[\033[01;32m\]\u@\[\033[00m\]:\[\033[01;34m\]\w\[\033[00m\]\$ VIRTUAL_ENV_PROMPT=(.env) /usr/bin/cmake /home/hem436/Documents/ros2_ws/src/robot_controller -DAMENT_CMAKE_SYMLINK_INSTALL=1 -DCMAKE_INSTALL_PREFIX=/home/hem436/Documents/ros2_ws/install/robot_controller
[3.155s] Invoking command in '/home/hem436/Documents/ros2_ws/build/robot_controller': CMAKE_PREFIX_PATH=${CMAKE_PREFIX_PATH}:/home/hem436/Documents/ros2_ws/install/object_detection:/home/hem436/Documents/ros2_ws/install/robot_bringup:/opt/ros/humble PS1=(.env) ${debian_chroot:+($debian_chroot)}\[\033[01;32m\]\u@\[\033[00m\]:\[\033[01;34m\]\w\[\033[00m\]\$ VIRTUAL_ENV_PROMPT=(.env) /usr/bin/cmake --build /home/hem436/Documents/ros2_ws/build/robot_controller -- -j8 -l8
[3.253s] [35m[1mConsolidate compiler generated dependencies of target obstacle2[0m
[3.253s] [35m[1mConsolidate compiler generated dependencies of target turtlebot3_drive[0m
[3.260s] [35m[1mConsolidate compiler generated dependencies of target obstacles[0m
[3.264s] [35m[1mConsolidate compiler generated dependencies of target obstacle1[0m
[3.313s] [ 12%] [32m[1mLinking CXX executable turtlebot3_drive[0m
[3.349s] [ 37%] Built target obstacle2
[3.414s] [ 62%] Built target obstacle1
[3.422s] [ 87%] Built target obstacles
[4.813s] [100%] Built target turtlebot3_drive
[4.843s] Invoked command in '/home/hem436/Documents/ros2_ws/build/robot_controller' returned '0': CMAKE_PREFIX_PATH=${CMAKE_PREFIX_PATH}:/home/hem436/Documents/ros2_ws/install/object_detection:/home/hem436/Documents/ros2_ws/install/robot_bringup:/opt/ros/humble PS1=(.env) ${debian_chroot:+($debian_chroot)}\[\033[01;32m\]\u@\[\033[00m\]:\[\033[01;34m\]\w\[\033[00m\]\$ VIRTUAL_ENV_PROMPT=(.env) /usr/bin/cmake --build /home/hem436/Documents/ros2_ws/build/robot_controller -- -j8 -l8
[4.847s] Invoking command in '/home/hem436/Documents/ros2_ws/build/robot_controller': CMAKE_PREFIX_PATH=${CMAKE_PREFIX_PATH}:/home/hem436/Documents/ros2_ws/install/object_detection:/home/hem436/Documents/ros2_ws/install/robot_bringup:/opt/ros/humble PS1=(.env) ${debian_chroot:+($debian_chroot)}\[\033[01;32m\]\u@\[\033[00m\]:\[\033[01;34m\]\w\[\033[00m\]\$ VIRTUAL_ENV_PROMPT=(.env) /usr/bin/cmake --install /home/hem436/Documents/ros2_ws/build/robot_controller
[4.863s] -- Install configuration: ""
[4.863s] -- Execute custom install script
[4.863s] -- Symlinking: /home/hem436/Documents/ros2_ws/install/robot_controller/lib/robot_controller/turtlebot3_drive
[4.892s] -- Symlinking: /home/hem436/Documents/ros2_ws/install/robot_controller/share/robot_controller//launch/empty_world.launch.py
[4.913s] -- Symlinking: /home/hem436/Documents/ros2_ws/install/robot_controller/share/robot_controller//launch/robot_state_publisher.launch.py
[4.942s] -- Symlinking: /home/hem436/Documents/ros2_ws/install/robot_controller/share/robot_controller//launch/spawn_turtlebot3.launch.py
[4.965s] -- Symlinking: /home/hem436/Documents/ros2_ws/install/robot_controller/share/robot_controller//launch/turtlebot3_dqn_stage1.launch.py
[4.992s] -- Symlinking: /home/hem436/Documents/ros2_ws/install/robot_controller/share/robot_controller//launch/turtlebot3_dqn_stage2.launch.py
[5.013s] -- Symlinking: /home/hem436/Documents/ros2_ws/install/robot_controller/share/robot_controller//launch/turtlebot3_dqn_stage3.launch.py
[5.033s] -- Symlinking: /home/hem436/Documents/ros2_ws/install/robot_controller/share/robot_controller//launch/turtlebot3_dqn_stage4.launch.py
[5.053s] -- Symlinking: /home/hem436/Documents/ros2_ws/install/robot_controller/share/robot_controller//launch/turtlebot3_house.launch.py
[5.074s] -- Symlinking: /home/hem436/Documents/ros2_ws/install/robot_controller/share/robot_controller//launch/turtlebot3_world.launch.py
[5.093s] -- Symlinking: /home/hem436/Documents/ros2_ws/install/robot_controller/share/robot_controller//models/turtlebot3_burger/model-1_4.sdf
[5.110s] -- Symlinking: /home/hem436/Documents/ros2_ws/install/robot_controller/share/robot_controller//models/turtlebot3_burger/model.config
[5.128s] -- Symlinking: /home/hem436/Documents/ros2_ws/install/robot_controller/share/robot_controller//models/turtlebot3_burger/model.sdf
[5.146s] -- Symlinking: /home/hem436/Documents/ros2_ws/install/robot_controller/share/robot_controller//models/turtlebot3_common/meshes/burger_base.dae
[5.162s] -- Symlinking: /home/hem436/Documents/ros2_ws/install/robot_controller/share/robot_controller//models/turtlebot3_common/meshes/lds.dae
[5.179s] -- Symlinking: /home/hem436/Documents/ros2_ws/install/robot_controller/share/robot_controller//models/turtlebot3_common/meshes/r200.dae
[5.196s] -- Symlinking: /home/hem436/Documents/ros2_ws/install/robot_controller/share/robot_controller//models/turtlebot3_common/meshes/tire.dae
[5.213s] -- Symlinking: /home/hem436/Documents/ros2_ws/install/robot_controller/share/robot_controller//models/turtlebot3_common/meshes/waffle_base.dae
[5.231s] -- Symlinking: /home/hem436/Documents/ros2_ws/install/robot_controller/share/robot_controller//models/turtlebot3_common/meshes/waffle_pi_base.dae
[5.249s] -- Symlinking: /home/hem436/Documents/ros2_ws/install/robot_controller/share/robot_controller//models/turtlebot3_common/model.config
[5.266s] -- Symlinking: /home/hem436/Documents/ros2_ws/install/robot_controller/share/robot_controller//models/turtlebot3_dqn_world/goal_box/model.config
[5.284s] -- Symlinking: /home/hem436/Documents/ros2_ws/install/robot_controller/share/robot_controller//models/turtlebot3_dqn_world/goal_box/model.sdf
[5.301s] -- Symlinking: /home/hem436/Documents/ros2_ws/install/robot_controller/share/robot_controller//models/turtlebot3_dqn_world/inner_walls/model.config
[5.319s] -- Symlinking: /home/hem436/Documents/ros2_ws/install/robot_controller/share/robot_controller//models/turtlebot3_dqn_world/inner_walls/model.sdf
[5.336s] -- Symlinking: /home/hem436/Documents/ros2_ws/install/robot_controller/share/robot_controller//models/turtlebot3_dqn_world/model.config
[5.353s] -- Symlinking: /home/hem436/Documents/ros2_ws/install/robot_controller/share/robot_controller//models/turtlebot3_dqn_world/model.sdf
[5.369s] -- Symlinking: /home/hem436/Documents/ros2_ws/install/robot_controller/share/robot_controller//models/turtlebot3_dqn_world/obstacle1/model.config
[5.387s] -- Symlinking: /home/hem436/Documents/ros2_ws/install/robot_controller/share/robot_controller//models/turtlebot3_dqn_world/obstacle1/model.sdf
[5.404s] -- Symlinking: /home/hem436/Documents/ros2_ws/install/robot_controller/share/robot_controller//models/turtlebot3_dqn_world/obstacle2/model.config
[5.422s] -- Symlinking: /home/hem436/Documents/ros2_ws/install/robot_controller/share/robot_controller//models/turtlebot3_dqn_world/obstacle2/model.sdf
[5.439s] -- Symlinking: /home/hem436/Documents/ros2_ws/install/robot_controller/share/robot_controller//models/turtlebot3_dqn_world/obstacle_plugin/CMakeLists.txt
[5.459s] -- Symlinking: /home/hem436/Documents/ros2_ws/install/robot_controller/share/robot_controller//models/turtlebot3_dqn_world/obstacle_plugin/obstacle1.cc
[5.476s] -- Symlinking: /home/hem436/Documents/ros2_ws/install/robot_controller/share/robot_controller//models/turtlebot3_dqn_world/obstacle_plugin/obstacle2.cc
[5.495s] -- Symlinking: /home/hem436/Documents/ros2_ws/install/robot_controller/share/robot_controller//models/turtlebot3_dqn_world/obstacle_plugin/obstacles.cc
[5.511s] -- Symlinking: /home/hem436/Documents/ros2_ws/install/robot_controller/share/robot_controller//models/turtlebot3_dqn_world/obstacles/model.config
[5.528s] -- Symlinking: /home/hem436/Documents/ros2_ws/install/robot_controller/share/robot_controller//models/turtlebot3_dqn_world/obstacles/model.sdf
[5.544s] -- Symlinking: /home/hem436/Documents/ros2_ws/install/robot_controller/share/robot_controller//models/turtlebot3_house/model.config
[5.573s] -- Symlinking: /home/hem436/Documents/ros2_ws/install/robot_controller/share/robot_controller//models/turtlebot3_house/model.sdf
[5.590s] -- Symlinking: /home/hem436/Documents/ros2_ws/install/robot_controller/share/robot_controller//models/turtlebot3_waffle/model-1_4.sdf
[5.609s] -- Symlinking: /home/hem436/Documents/ros2_ws/install/robot_controller/share/robot_controller//models/turtlebot3_waffle/model.config
[5.628s] -- Symlinking: /home/hem436/Documents/ros2_ws/install/robot_controller/share/robot_controller//models/turtlebot3_waffle/model.sdf
[5.644s] -- Symlinking: /home/hem436/Documents/ros2_ws/install/robot_controller/share/robot_controller//models/turtlebot3_waffle_pi/model-1_4_.sdf
[5.667s] -- Symlinking: /home/hem436/Documents/ros2_ws/install/robot_controller/share/robot_controller//models/turtlebot3_waffle_pi/model.config
[5.683s] -- Symlinking: /home/hem436/Documents/ros2_ws/install/robot_controller/share/robot_controller//models/turtlebot3_waffle_pi/model.sdf
[5.698s] -- Symlinking: /home/hem436/Documents/ros2_ws/install/robot_controller/share/robot_controller//models/turtlebot3_world/meshes/hexagon.dae
[5.716s] -- Symlinking: /home/hem436/Documents/ros2_ws/install/robot_controller/share/robot_controller//models/turtlebot3_world/meshes/wall.dae
[5.732s] -- Symlinking: /home/hem436/Documents/ros2_ws/install/robot_controller/share/robot_controller//models/turtlebot3_world/model-1_4.sdf
[5.759s] -- Symlinking: /home/hem436/Documents/ros2_ws/install/robot_controller/share/robot_controller//models/turtlebot3_world/model.config
[5.784s] -- Symlinking: /home/hem436/Documents/ros2_ws/install/robot_controller/share/robot_controller//models/turtlebot3_world/model.sdf
[5.801s] -- Symlinking: /home/hem436/Documents/ros2_ws/install/robot_controller/share/robot_controller//rviz/tb3_gazebo.rviz
[5.818s] -- Symlinking: /home/hem436/Documents/ros2_ws/install/robot_controller/share/robot_controller//urdf/common_properties.urdf
[5.833s] -- Symlinking: /home/hem436/Documents/ros2_ws/install/robot_controller/share/robot_controller//urdf/turtlebot3_burger.urdf
[5.849s] -- Symlinking: /home/hem436/Documents/ros2_ws/install/robot_controller/share/robot_controller//urdf/turtlebot3_waffle.urdf
[5.864s] -- Symlinking: /home/hem436/Documents/ros2_ws/install/robot_controller/share/robot_controller//urdf/turtlebot3_waffle_pi.urdf
[5.879s] -- Symlinking: /home/hem436/Documents/ros2_ws/install/robot_controller/share/robot_controller//worlds/empty_world.world
[5.893s] -- Symlinking: /home/hem436/Documents/ros2_ws/install/robot_controller/share/robot_controller//worlds/turtlebot3_dqn_stage1.world
[5.906s] -- Symlinking: /home/hem436/Documents/ros2_ws/install/robot_controller/share/robot_controller//worlds/turtlebot3_dqn_stage2.world
[5.919s] -- Symlinking: /home/hem436/Documents/ros2_ws/install/robot_controller/share/robot_controller//worlds/turtlebot3_dqn_stage3.world
[5.933s] -- Symlinking: /home/hem436/Documents/ros2_ws/install/robot_controller/share/robot_controller//worlds/turtlebot3_dqn_stage4.world
[5.948s] -- Symlinking: /home/hem436/Documents/ros2_ws/install/robot_controller/share/robot_controller//worlds/turtlebot3_house.world
[5.962s] -- Symlinking: /home/hem436/Documents/ros2_ws/install/robot_controller/share/robot_controller//worlds/turtlebot3_world.world
[5.975s] -- Symlinking: /home/hem436/Documents/ros2_ws/install/robot_controller/include//robot_controller/turtlebot3_drive.hpp
[5.991s] -- Symlinking: /home/hem436/Documents/ros2_ws/install/robot_controller/share/ament_index/resource_index/package_run_dependencies/robot_controller
[6.017s] -- Symlinking: /home/hem436/Documents/ros2_ws/install/robot_controller/share/ament_index/resource_index/parent_prefix_path/robot_controller
[6.041s] -- Symlinking: /home/hem436/Documents/ros2_ws/install/robot_controller/share/robot_controller/environment/ament_prefix_path.sh
[6.055s] -- Symlinking: /home/hem436/Documents/ros2_ws/install/robot_controller/share/robot_controller/environment/ament_prefix_path.dsv
[6.074s] -- Symlinking: /home/hem436/Documents/ros2_ws/install/robot_controller/share/robot_controller/environment/path.sh
[6.087s] -- Symlinking: /home/hem436/Documents/ros2_ws/install/robot_controller/share/robot_controller/environment/path.dsv
[6.102s] -- Symlinking: /home/hem436/Documents/ros2_ws/install/robot_controller/share/robot_controller/local_setup.bash
[6.115s] -- Symlinking: /home/hem436/Documents/ros2_ws/install/robot_controller/share/robot_controller/local_setup.sh
[6.129s] -- Symlinking: /home/hem436/Documents/ros2_ws/install/robot_controller/share/robot_controller/local_setup.zsh
[6.142s] -- Symlinking: /home/hem436/Documents/ros2_ws/install/robot_controller/share/robot_controller/local_setup.dsv
[6.155s] -- Symlinking: /home/hem436/Documents/ros2_ws/install/robot_controller/share/robot_controller/package.dsv
[6.169s] -- Symlinking: /home/hem436/Documents/ros2_ws/install/robot_controller/share/ament_index/resource_index/packages/robot_controller
[6.182s] -- Symlinking: /home/hem436/Documents/ros2_ws/install/robot_controller/share/robot_controller/cmake/ament_cmake_export_include_directories-extras.cmake
[6.204s] -- Symlinking: /home/hem436/Documents/ros2_ws/install/robot_controller/share/robot_controller/cmake/ament_cmake_export_dependencies-extras.cmake
[6.222s] -- Symlinking: /home/hem436/Documents/ros2_ws/install/robot_controller/share/robot_controller/cmake/robot_controllerConfig.cmake
[6.237s] -- Symlinking: /home/hem436/Documents/ros2_ws/install/robot_controller/share/robot_controller/cmake/robot_controllerConfig-version.cmake
[6.252s] -- Symlinking: /home/hem436/Documents/ros2_ws/install/robot_controller/share/robot_controller/package.xml
[6.273s] Invoked command in '/home/hem436/Documents/ros2_ws/build/robot_controller' returned '0': CMAKE_PREFIX_PATH=${CMAKE_PREFIX_PATH}:/home/hem436/Documents/ros2_ws/install/object_detection:/home/hem436/Documents/ros2_ws/install/robot_bringup:/opt/ros/humble PS1=(.env) ${debian_chroot:+($debian_chroot)}\[\033[01;32m\]\u@\[\033[00m\]:\[\033[01;34m\]\w\[\033[00m\]\$ VIRTUAL_ENV_PROMPT=(.env) /usr/bin/cmake --install /home/hem436/Documents/ros2_ws/build/robot_controller
