[0.132s] DEBUG:colcon:Command line arguments: ['/usr/bin/colcon', 'build']
[0.132s] DEBUG:colcon:Parsed command line arguments: Namespace(log_base=None, log_level=None, verb_name='build', build_base='build', install_base='install', merge_install=False, symlink_install=False, test_result_base=None, continue_on_error=False, executor='parallel', parallel_workers=8, event_handlers=None, ignore_user_meta=False, metas=['./colcon.meta'], base_paths=['.'], packages_ignore=None, packages_ignore_regex=None, paths=None, packages_up_to=None, packages_up_to_regex=None, packages_above=None, packages_above_and_dependencies=None, packages_above_depth=None, packages_select_by_dep=None, packages_skip_by_dep=None, packages_skip_up_to=None, packages_select_build_failed=False, packages_skip_build_finished=False, packages_select_test_failures=False, packages_skip_test_passed=False, packages_select=None, packages_skip=None, packages_select_regex=None, packages_skip_regex=None, packages_start=None, packages_end=None, allow_overriding=[], cmake_args=None, cmake_target=None, cmake_target_skip_unavailable=False, cmake_clean_cache=False, cmake_clean_first=False, cmake_force_configure=False, ament_cmake_args=None, catkin_cmake_args=None, catkin_skip_building_tests=False, mixin_files=None, mixin=None, verb_parser=<colcon_mixin.mixin.mixin_argument.MixinArgumentDecorator object at 0x7589ec444a60>, verb_extension=<colcon_core.verb.build.BuildVerb object at 0x7589ec58d990>, main=<bound method BuildVerb.main of <colcon_core.verb.build.BuildVerb object at 0x7589ec58d990>>, mixin_verb=('build',))
[0.258s] Level 1:colcon.colcon_core.package_discovery:discover_packages(colcon_meta) check parameters
[0.258s] Level 1:colcon.colcon_core.package_discovery:discover_packages(recursive) check parameters
[0.258s] Level 1:colcon.colcon_core.package_discovery:discover_packages(ignore) check parameters
[0.258s] Level 1:colcon.colcon_core.package_discovery:discover_packages(path) check parameters
[0.258s] Level 1:colcon.colcon_core.package_discovery:discover_packages(colcon_meta) discover
[0.258s] Level 1:colcon.colcon_core.package_discovery:discover_packages(recursive) discover
[0.258s] INFO:colcon.colcon_core.package_discovery:Crawling recursively for packages in '/home/hem436/Documents/ros2_ws'
[0.258s] Level 1:colcon.colcon_core.package_identification:_identify(.) by extensions ['ignore', 'ignore_ament_install']
[0.258s] Level 1:colcon.colcon_core.package_identification:_identify(.) by extension 'ignore'
[0.258s] Level 1:colcon.colcon_core.package_identification:_identify(.) by extension 'ignore_ament_install'
[0.258s] Level 1:colcon.colcon_core.package_identification:_identify(.) by extensions ['colcon_pkg']
[0.259s] Level 1:colcon.colcon_core.package_identification:_identify(.) by extension 'colcon_pkg'
[0.259s] Level 1:colcon.colcon_core.package_identification:_identify(.) by extensions ['colcon_meta']
[0.259s] Level 1:colcon.colcon_core.package_identification:_identify(.) by extension 'colcon_meta'
[0.259s] Level 1:colcon.colcon_core.package_identification:_identify(.) by extensions ['ros']
[0.259s] Level 1:colcon.colcon_core.package_identification:_identify(.) by extension 'ros'
[0.262s] Level 1:colcon.colcon_core.package_identification:_identify(.) by extensions ['cmake', 'python']
[0.262s] Level 1:colcon.colcon_core.package_identification:_identify(.) by extension 'cmake'
[0.262s] Level 1:colcon.colcon_core.package_identification:_identify(.) by extension 'python'
[0.262s] Level 1:colcon.colcon_core.package_identification:_identify(.) by extensions ['python_setup_py']
[0.262s] Level 1:colcon.colcon_core.package_identification:_identify(.) by extension 'python_setup_py'
[0.263s] Level 1:colcon.colcon_core.package_identification:_identify(build) by extensions ['ignore', 'ignore_ament_install']
[0.263s] Level 1:colcon.colcon_core.package_identification:_identify(build) by extension 'ignore'
[0.263s] Level 1:colcon.colcon_core.package_identification:_identify(build) ignored
[0.263s] Level 1:colcon.colcon_core.package_identification:_identify(install) by extensions ['ignore', 'ignore_ament_install']
[0.263s] Level 1:colcon.colcon_core.package_identification:_identify(install) by extension 'ignore'
[0.263s] Level 1:colcon.colcon_core.package_identification:_identify(install) ignored
[0.263s] Level 1:colcon.colcon_core.package_identification:_identify(log) by extensions ['ignore', 'ignore_ament_install']
[0.263s] Level 1:colcon.colcon_core.package_identification:_identify(log) by extension 'ignore'
[0.263s] Level 1:colcon.colcon_core.package_identification:_identify(log) ignored
[0.264s] Level 1:colcon.colcon_core.package_identification:_identify(src) by extensions ['ignore', 'ignore_ament_install']
[0.264s] Level 1:colcon.colcon_core.package_identification:_identify(src) by extension 'ignore'
[0.264s] Level 1:colcon.colcon_core.package_identification:_identify(src) by extension 'ignore_ament_install'
[0.264s] Level 1:colcon.colcon_core.package_identification:_identify(src) by extensions ['colcon_pkg']
[0.264s] Level 1:colcon.colcon_core.package_identification:_identify(src) by extension 'colcon_pkg'
[0.264s] Level 1:colcon.colcon_core.package_identification:_identify(src) by extensions ['colcon_meta']
[0.264s] Level 1:colcon.colcon_core.package_identification:_identify(src) by extension 'colcon_meta'
[0.264s] Level 1:colcon.colcon_core.package_identification:_identify(src) by extensions ['ros']
[0.264s] Level 1:colcon.colcon_core.package_identification:_identify(src) by extension 'ros'
[0.264s] Level 1:colcon.colcon_core.package_identification:_identify(src) by extensions ['cmake', 'python']
[0.264s] Level 1:colcon.colcon_core.package_identification:_identify(src) by extension 'cmake'
[0.264s] Level 1:colcon.colcon_core.package_identification:_identify(src) by extension 'python'
[0.264s] Level 1:colcon.colcon_core.package_identification:_identify(src) by extensions ['python_setup_py']
[0.264s] Level 1:colcon.colcon_core.package_identification:_identify(src) by extension 'python_setup_py'
[0.265s] Level 1:colcon.colcon_core.package_identification:_identify(src/aws-robomaker-small-warehouse-world) by extensions ['ignore', 'ignore_ament_install']
[0.265s] Level 1:colcon.colcon_core.package_identification:_identify(src/aws-robomaker-small-warehouse-world) by extension 'ignore'
[0.265s] Level 1:colcon.colcon_core.package_identification:_identify(src/aws-robomaker-small-warehouse-world) by extension 'ignore_ament_install'
[0.265s] Level 1:colcon.colcon_core.package_identification:_identify(src/aws-robomaker-small-warehouse-world) by extensions ['colcon_pkg']
[0.265s] Level 1:colcon.colcon_core.package_identification:_identify(src/aws-robomaker-small-warehouse-world) by extension 'colcon_pkg'
[0.265s] Level 1:colcon.colcon_core.package_identification:_identify(src/aws-robomaker-small-warehouse-world) by extensions ['colcon_meta']
[0.265s] Level 1:colcon.colcon_core.package_identification:_identify(src/aws-robomaker-small-warehouse-world) by extension 'colcon_meta'
[0.265s] Level 1:colcon.colcon_core.package_identification:_identify(src/aws-robomaker-small-warehouse-world) by extensions ['ros']
[0.265s] Level 1:colcon.colcon_core.package_identification:_identify(src/aws-robomaker-small-warehouse-world) by extension 'ros'
[0.268s] DEBUG:colcon.colcon_core.package_identification:Package 'src/aws-robomaker-small-warehouse-world' with type 'ros.ament_cmake' and name 'aws_robomaker_small_warehouse_world'
[0.268s] Level 1:colcon.colcon_core.package_identification:_identify(src/robot_bringup) by extensions ['ignore', 'ignore_ament_install']
[0.268s] Level 1:colcon.colcon_core.package_identification:_identify(src/robot_bringup) by extension 'ignore'
[0.268s] Level 1:colcon.colcon_core.package_identification:_identify(src/robot_bringup) by extension 'ignore_ament_install'
[0.268s] Level 1:colcon.colcon_core.package_identification:_identify(src/robot_bringup) by extensions ['colcon_pkg']
[0.268s] Level 1:colcon.colcon_core.package_identification:_identify(src/robot_bringup) by extension 'colcon_pkg'
[0.268s] Level 1:colcon.colcon_core.package_identification:_identify(src/robot_bringup) by extensions ['colcon_meta']
[0.268s] Level 1:colcon.colcon_core.package_identification:_identify(src/robot_bringup) by extension 'colcon_meta'
[0.269s] Level 1:colcon.colcon_core.package_identification:_identify(src/robot_bringup) by extensions ['ros']
[0.269s] Level 1:colcon.colcon_core.package_identification:_identify(src/robot_bringup) by extension 'ros'
[0.269s] DEBUG:colcon.colcon_core.package_identification:Package 'src/robot_bringup' with type 'ros.ament_python' and name 'robot_bringup'
[0.269s] Level 1:colcon.colcon_core.package_identification:_identify(src/robot_controller) by extensions ['ignore', 'ignore_ament_install']
[0.270s] Level 1:colcon.colcon_core.package_identification:_identify(src/robot_controller) by extension 'ignore'
[0.270s] Level 1:colcon.colcon_core.package_identification:_identify(src/robot_controller) by extension 'ignore_ament_install'
[0.270s] Level 1:colcon.colcon_core.package_identification:_identify(src/robot_controller) by extensions ['colcon_pkg']
[0.270s] Level 1:colcon.colcon_core.package_identification:_identify(src/robot_controller) by extension 'colcon_pkg'
[0.270s] Level 1:colcon.colcon_core.package_identification:_identify(src/robot_controller) by extensions ['colcon_meta']
[0.270s] Level 1:colcon.colcon_core.package_identification:_identify(src/robot_controller) by extension 'colcon_meta'
[0.270s] Level 1:colcon.colcon_core.package_identification:_identify(src/robot_controller) by extensions ['ros']
[0.270s] Level 1:colcon.colcon_core.package_identification:_identify(src/robot_controller) by extension 'ros'
[0.271s] DEBUG:colcon.colcon_core.package_identification:Found ROS schema reference in package manifest in 'src/robot_controller'
[0.272s] WARNING:colcon.colcon_core.package_identification:Failed to parse ROS package manifest in 'src/robot_controller': Error(s) in package 'src/robot_controller/package.xml':
Package version ".0.0.0" does not follow version conventions
[0.272s] Level 1:colcon.colcon_core.package_identification:_identify(src/robot_controller) by extensions ['cmake', 'python']
[0.272s] Level 1:colcon.colcon_core.package_identification:_identify(src/robot_controller) by extension 'cmake'
[0.274s] Level 1:colcon.colcon_core.package_identification:_identify(src/robot_controller) by extension 'python'
[0.274s] DEBUG:colcon.colcon_core.package_identification:Package 'src/robot_controller' with type 'cmake' and name 'robot_controller'
[0.274s] Level 1:colcon.colcon_core.package_discovery:discover_packages(recursive) using defaults
[0.274s] Level 1:colcon.colcon_core.package_discovery:discover_packages(ignore) discover
[0.274s] Level 1:colcon.colcon_core.package_discovery:discover_packages(ignore) using defaults
[0.274s] Level 1:colcon.colcon_core.package_discovery:discover_packages(path) discover
[0.274s] Level 1:colcon.colcon_core.package_discovery:discover_packages(path) using defaults
[0.297s] Level 1:colcon.colcon_core.package_discovery:discover_packages(prefix_path) check parameters
[0.298s] Level 1:colcon.colcon_core.package_discovery:discover_packages(prefix_path) discover
[0.299s] WARNING:colcon.colcon_ros.prefix_path.ament:The path '/home/hem436/Documents/ros2_ws/install/robot_controller' in the environment variable AMENT_PREFIX_PATH doesn't exist
[0.299s] WARNING:colcon.colcon_ros.prefix_path.ament:The path '/home/hem436/Documents/ros2_ws/install/aws_robomaker_small_warehouse_world' in the environment variable AMENT_PREFIX_PATH doesn't exist
[0.300s] WARNING:colcon.colcon_ros.prefix_path.catkin:The path '/home/hem436/Documents/ros2_ws/install/robot_controller' in the environment variable CMAKE_PREFIX_PATH doesn't exist
[0.300s] WARNING:colcon.colcon_ros.prefix_path.catkin:The path '/home/hem436/Documents/ros2_ws/install/aws_robomaker_small_warehouse_world' in the environment variable CMAKE_PREFIX_PATH doesn't exist
[0.301s] DEBUG:colcon.colcon_installed_package_information.package_discovery:Found 0 installed packages in /home/hem436/Documents/ros2_ws/install
[0.303s] DEBUG:colcon.colcon_installed_package_information.package_discovery:Found 458 installed packages in /opt/ros/humble
[0.307s] Level 1:colcon.colcon_core.package_discovery:discover_packages(prefix_path) using defaults
[0.372s] Level 5:colcon.colcon_core.verb:set package 'aws_robomaker_small_warehouse_world' build argument 'cmake_args' from command line to 'None'
[0.372s] Level 5:colcon.colcon_core.verb:set package 'aws_robomaker_small_warehouse_world' build argument 'cmake_target' from command line to 'None'
[0.372s] Level 5:colcon.colcon_core.verb:set package 'aws_robomaker_small_warehouse_world' build argument 'cmake_target_skip_unavailable' from command line to 'False'
[0.372s] Level 5:colcon.colcon_core.verb:set package 'aws_robomaker_small_warehouse_world' build argument 'cmake_clean_cache' from command line to 'False'
[0.372s] Level 5:colcon.colcon_core.verb:set package 'aws_robomaker_small_warehouse_world' build argument 'cmake_clean_first' from command line to 'False'
[0.373s] Level 5:colcon.colcon_core.verb:set package 'aws_robomaker_small_warehouse_world' build argument 'cmake_force_configure' from command line to 'False'
[0.373s] Level 5:colcon.colcon_core.verb:set package 'aws_robomaker_small_warehouse_world' build argument 'ament_cmake_args' from command line to 'None'
[0.373s] Level 5:colcon.colcon_core.verb:set package 'aws_robomaker_small_warehouse_world' build argument 'catkin_cmake_args' from command line to 'None'
[0.373s] Level 5:colcon.colcon_core.verb:set package 'aws_robomaker_small_warehouse_world' build argument 'catkin_skip_building_tests' from command line to 'False'
[0.373s] DEBUG:colcon.colcon_core.verb:Building package 'aws_robomaker_small_warehouse_world' with the following arguments: {'ament_cmake_args': None, 'build_base': '/home/hem436/Documents/ros2_ws/build/aws_robomaker_small_warehouse_world', 'catkin_cmake_args': None, 'catkin_skip_building_tests': False, 'cmake_args': None, 'cmake_clean_cache': False, 'cmake_clean_first': False, 'cmake_force_configure': False, 'cmake_target': None, 'cmake_target_skip_unavailable': False, 'install_base': '/home/hem436/Documents/ros2_ws/install/aws_robomaker_small_warehouse_world', 'merge_install': False, 'path': '/home/hem436/Documents/ros2_ws/src/aws-robomaker-small-warehouse-world', 'symlink_install': False, 'test_result_base': None}
[0.373s] Level 5:colcon.colcon_core.verb:set package 'robot_bringup' build argument 'cmake_args' from command line to 'None'
[0.373s] Level 5:colcon.colcon_core.verb:set package 'robot_bringup' build argument 'cmake_target' from command line to 'None'
[0.373s] Level 5:colcon.colcon_core.verb:set package 'robot_bringup' build argument 'cmake_target_skip_unavailable' from command line to 'False'
[0.373s] Level 5:colcon.colcon_core.verb:set package 'robot_bringup' build argument 'cmake_clean_cache' from command line to 'False'
[0.373s] Level 5:colcon.colcon_core.verb:set package 'robot_bringup' build argument 'cmake_clean_first' from command line to 'False'
[0.373s] Level 5:colcon.colcon_core.verb:set package 'robot_bringup' build argument 'cmake_force_configure' from command line to 'False'
[0.374s] Level 5:colcon.colcon_core.verb:set package 'robot_bringup' build argument 'ament_cmake_args' from command line to 'None'
[0.374s] Level 5:colcon.colcon_core.verb:set package 'robot_bringup' build argument 'catkin_cmake_args' from command line to 'None'
[0.374s] Level 5:colcon.colcon_core.verb:set package 'robot_bringup' build argument 'catkin_skip_building_tests' from command line to 'False'
[0.374s] DEBUG:colcon.colcon_core.verb:Building package 'robot_bringup' with the following arguments: {'ament_cmake_args': None, 'build_base': '/home/hem436/Documents/ros2_ws/build/robot_bringup', 'catkin_cmake_args': None, 'catkin_skip_building_tests': False, 'cmake_args': None, 'cmake_clean_cache': False, 'cmake_clean_first': False, 'cmake_force_configure': False, 'cmake_target': None, 'cmake_target_skip_unavailable': False, 'install_base': '/home/hem436/Documents/ros2_ws/install/robot_bringup', 'merge_install': False, 'path': '/home/hem436/Documents/ros2_ws/src/robot_bringup', 'symlink_install': False, 'test_result_base': None}
[0.374s] Level 5:colcon.colcon_core.verb:set package 'robot_controller' build argument 'cmake_args' from command line to 'None'
[0.374s] Level 5:colcon.colcon_core.verb:set package 'robot_controller' build argument 'cmake_target' from command line to 'None'
[0.374s] Level 5:colcon.colcon_core.verb:set package 'robot_controller' build argument 'cmake_target_skip_unavailable' from command line to 'False'
[0.374s] Level 5:colcon.colcon_core.verb:set package 'robot_controller' build argument 'cmake_clean_cache' from command line to 'False'
[0.374s] Level 5:colcon.colcon_core.verb:set package 'robot_controller' build argument 'cmake_clean_first' from command line to 'False'
[0.374s] Level 5:colcon.colcon_core.verb:set package 'robot_controller' build argument 'cmake_force_configure' from command line to 'False'
[0.374s] Level 5:colcon.colcon_core.verb:set package 'robot_controller' build argument 'ament_cmake_args' from command line to 'None'
[0.374s] Level 5:colcon.colcon_core.verb:set package 'robot_controller' build argument 'catkin_cmake_args' from command line to 'None'
[0.374s] Level 5:colcon.colcon_core.verb:set package 'robot_controller' build argument 'catkin_skip_building_tests' from command line to 'False'
[0.375s] DEBUG:colcon.colcon_core.verb:Building package 'robot_controller' with the following arguments: {'ament_cmake_args': None, 'build_base': '/home/hem436/Documents/ros2_ws/build/robot_controller', 'catkin_cmake_args': None, 'catkin_skip_building_tests': False, 'cmake_args': None, 'cmake_clean_cache': False, 'cmake_clean_first': False, 'cmake_force_configure': False, 'cmake_target': None, 'cmake_target_skip_unavailable': False, 'install_base': '/home/hem436/Documents/ros2_ws/install/robot_controller', 'merge_install': False, 'path': '/home/hem436/Documents/ros2_ws/src/robot_controller', 'symlink_install': False, 'test_result_base': None}
[0.375s] INFO:colcon.colcon_core.executor:Executing jobs using 'parallel' executor
[0.376s] DEBUG:colcon.colcon_parallel_executor.executor.parallel:run_until_complete
[0.377s] INFO:colcon.colcon_ros.task.ament_cmake.build:Building ROS package in '/home/hem436/Documents/ros2_ws/src/aws-robomaker-small-warehouse-world' with build type 'ament_cmake'
[0.377s] INFO:colcon.colcon_cmake.task.cmake.build:Building CMake package in '/home/hem436/Documents/ros2_ws/src/aws-robomaker-small-warehouse-world'
[0.379s] INFO:colcon.colcon_core.plugin_system:Skipping extension 'colcon_core.shell.bat': Not used on non-Windows systems
[0.380s] INFO:colcon.colcon_core.shell:Skip shell extension 'powershell' for command environment: Not usable outside of PowerShell
[0.380s] DEBUG:colcon.colcon_core.shell:Skip shell extension 'dsv' for command environment
[0.385s] INFO:colcon.colcon_ros.task.ament_python.build:Building ROS package in '/home/hem436/Documents/ros2_ws/src/robot_bringup' with build type 'ament_python'
[0.385s] Level 1:colcon.colcon_core.shell:create_environment_hook('robot_bringup', 'ament_prefix_path')
[0.386s] INFO:colcon.colcon_core.shell:Creating environment hook '/home/hem436/Documents/ros2_ws/install/robot_bringup/share/robot_bringup/hook/ament_prefix_path.ps1'
[0.387s] INFO:colcon.colcon_core.shell:Creating environment descriptor '/home/hem436/Documents/ros2_ws/install/robot_bringup/share/robot_bringup/hook/ament_prefix_path.dsv'
[0.387s] INFO:colcon.colcon_core.shell:Creating environment hook '/home/hem436/Documents/ros2_ws/install/robot_bringup/share/robot_bringup/hook/ament_prefix_path.sh'
[0.388s] INFO:colcon.colcon_core.shell:Skip shell extension 'powershell' for command environment: Not usable outside of PowerShell
[0.388s] DEBUG:colcon.colcon_core.shell:Skip shell extension 'dsv' for command environment
[0.393s] INFO:colcon.colcon_cmake.task.cmake.build:Building CMake package in '/home/hem436/Documents/ros2_ws/src/robot_controller'
[0.394s] INFO:colcon.colcon_core.shell:Skip shell extension 'powershell' for command environment: Not usable outside of PowerShell
[0.394s] DEBUG:colcon.colcon_core.shell:Skip shell extension 'dsv' for command environment
[0.408s] DEBUG:colcon.colcon_core.event_handler.log_command:Invoking command in '/home/hem436/Documents/ros2_ws/build/aws_robomaker_small_warehouse_world': CMAKE_PREFIX_PATH=${CMAKE_PREFIX_PATH}:/home/hem436/Documents/ros2_ws/install/robot_bringup:/opt/ros/humble /usr/bin/cmake --build /home/hem436/Documents/ros2_ws/build/aws_robomaker_small_warehouse_world -- -j8 -l8
[0.804s] INFO:colcon.colcon_core.task.python.build:Building Python package in '/home/hem436/Documents/ros2_ws/src/robot_bringup'
[0.805s] INFO:colcon.colcon_core.shell:Skip shell extension 'powershell' for command environment: Not usable outside of PowerShell
[0.805s] DEBUG:colcon.colcon_core.shell:Skip shell extension 'dsv' for command environment
[0.821s] DEBUG:colcon.colcon_core.event_handler.log_command:Invoking command in '/home/hem436/Documents/ros2_ws/build/robot_controller': /usr/bin/cmake /home/hem436/Documents/ros2_ws/src/robot_controller -DCMAKE_INSTALL_PREFIX=/home/hem436/Documents/ros2_ws/install/robot_controller
[0.821s] DEBUG:colcon.colcon_core.event_handler.log_command:Invoked command in '/home/hem436/Documents/ros2_ws/build/aws_robomaker_small_warehouse_world' returned '0': CMAKE_PREFIX_PATH=${CMAKE_PREFIX_PATH}:/home/hem436/Documents/ros2_ws/install/robot_bringup:/opt/ros/humble /usr/bin/cmake --build /home/hem436/Documents/ros2_ws/build/aws_robomaker_small_warehouse_world -- -j8 -l8
[0.846s] DEBUG:colcon.colcon_core.event_handler.log_command:Invoking command in '/home/hem436/Documents/ros2_ws/build/aws_robomaker_small_warehouse_world': CMAKE_PREFIX_PATH=${CMAKE_PREFIX_PATH}:/home/hem436/Documents/ros2_ws/install/robot_bringup:/opt/ros/humble /usr/bin/cmake --install /home/hem436/Documents/ros2_ws/build/aws_robomaker_small_warehouse_world
[1.065s] Level 1:colcon.colcon_core.environment:create_environment_scripts_only(aws_robomaker_small_warehouse_world)
[1.066s] DEBUG:colcon.colcon_core.event_handler.log_command:Invoked command in '/home/hem436/Documents/ros2_ws/build/aws_robomaker_small_warehouse_world' returned '0': CMAKE_PREFIX_PATH=${CMAKE_PREFIX_PATH}:/home/hem436/Documents/ros2_ws/install/robot_bringup:/opt/ros/humble /usr/bin/cmake --install /home/hem436/Documents/ros2_ws/build/aws_robomaker_small_warehouse_world
[1.070s] Level 1:colcon.colcon_core.environment:checking '/home/hem436/Documents/ros2_ws/install/aws_robomaker_small_warehouse_world' for CMake module files
[1.071s] Level 1:colcon.colcon_core.environment:checking '/home/hem436/Documents/ros2_ws/install/aws_robomaker_small_warehouse_world' for CMake config files
[1.073s] Level 1:colcon.colcon_core.shell:create_environment_hook('aws_robomaker_small_warehouse_world', 'cmake_prefix_path')
[1.073s] INFO:colcon.colcon_core.shell:Creating environment hook '/home/hem436/Documents/ros2_ws/install/aws_robomaker_small_warehouse_world/share/aws_robomaker_small_warehouse_world/hook/cmake_prefix_path.ps1'
[1.074s] INFO:colcon.colcon_core.shell:Creating environment descriptor '/home/hem436/Documents/ros2_ws/install/aws_robomaker_small_warehouse_world/share/aws_robomaker_small_warehouse_world/hook/cmake_prefix_path.dsv'
[1.075s] INFO:colcon.colcon_core.shell:Creating environment hook '/home/hem436/Documents/ros2_ws/install/aws_robomaker_small_warehouse_world/share/aws_robomaker_small_warehouse_world/hook/cmake_prefix_path.sh'
[1.077s] Level 1:colcon.colcon_core.environment:checking '/home/hem436/Documents/ros2_ws/install/aws_robomaker_small_warehouse_world/bin'
[1.077s] Level 1:colcon.colcon_core.environment:checking '/home/hem436/Documents/ros2_ws/install/aws_robomaker_small_warehouse_world/lib/pkgconfig/aws_robomaker_small_warehouse_world.pc'
[1.077s] Level 1:colcon.colcon_core.environment:checking '/home/hem436/Documents/ros2_ws/install/aws_robomaker_small_warehouse_world/lib/python3.10/site-packages'
[1.078s] Level 1:colcon.colcon_core.environment:checking '/home/hem436/Documents/ros2_ws/install/aws_robomaker_small_warehouse_world/bin'
[1.078s] INFO:colcon.colcon_core.shell:Creating package script '/home/hem436/Documents/ros2_ws/install/aws_robomaker_small_warehouse_world/share/aws_robomaker_small_warehouse_world/package.ps1'
[1.080s] INFO:colcon.colcon_core.shell:Creating package descriptor '/home/hem436/Documents/ros2_ws/install/aws_robomaker_small_warehouse_world/share/aws_robomaker_small_warehouse_world/package.dsv'
[1.080s] INFO:colcon.colcon_core.shell:Creating package script '/home/hem436/Documents/ros2_ws/install/aws_robomaker_small_warehouse_world/share/aws_robomaker_small_warehouse_world/package.sh'
[1.081s] INFO:colcon.colcon_core.shell:Creating package script '/home/hem436/Documents/ros2_ws/install/aws_robomaker_small_warehouse_world/share/aws_robomaker_small_warehouse_world/package.bash'
[1.083s] INFO:colcon.colcon_core.shell:Creating package script '/home/hem436/Documents/ros2_ws/install/aws_robomaker_small_warehouse_world/share/aws_robomaker_small_warehouse_world/package.zsh'
[1.083s] Level 1:colcon.colcon_core.environment:create_file_with_runtime_dependencies(/home/hem436/Documents/ros2_ws/install/aws_robomaker_small_warehouse_world/share/colcon-core/packages/aws_robomaker_small_warehouse_world)
[1.084s] Level 1:colcon.colcon_core.environment:create_environment_scripts_only(aws_robomaker_small_warehouse_world)
[1.085s] Level 1:colcon.colcon_core.environment:checking '/home/hem436/Documents/ros2_ws/install/aws_robomaker_small_warehouse_world' for CMake module files
[1.085s] Level 1:colcon.colcon_core.environment:checking '/home/hem436/Documents/ros2_ws/install/aws_robomaker_small_warehouse_world' for CMake config files
[1.087s] Level 1:colcon.colcon_core.shell:create_environment_hook('aws_robomaker_small_warehouse_world', 'cmake_prefix_path')
[1.088s] INFO:colcon.colcon_core.shell:Creating environment hook '/home/hem436/Documents/ros2_ws/install/aws_robomaker_small_warehouse_world/share/aws_robomaker_small_warehouse_world/hook/cmake_prefix_path.ps1'
[1.089s] INFO:colcon.colcon_core.shell:Creating environment descriptor '/home/hem436/Documents/ros2_ws/install/aws_robomaker_small_warehouse_world/share/aws_robomaker_small_warehouse_world/hook/cmake_prefix_path.dsv'
[1.089s] INFO:colcon.colcon_core.shell:Creating environment hook '/home/hem436/Documents/ros2_ws/install/aws_robomaker_small_warehouse_world/share/aws_robomaker_small_warehouse_world/hook/cmake_prefix_path.sh'
[1.090s] Level 1:colcon.colcon_core.environment:checking '/home/hem436/Documents/ros2_ws/install/aws_robomaker_small_warehouse_world/bin'
[1.090s] Level 1:colcon.colcon_core.environment:checking '/home/hem436/Documents/ros2_ws/install/aws_robomaker_small_warehouse_world/lib/pkgconfig/aws_robomaker_small_warehouse_world.pc'
[1.090s] Level 1:colcon.colcon_core.environment:checking '/home/hem436/Documents/ros2_ws/install/aws_robomaker_small_warehouse_world/lib/python3.10/site-packages'
[1.091s] Level 1:colcon.colcon_core.environment:checking '/home/hem436/Documents/ros2_ws/install/aws_robomaker_small_warehouse_world/bin'
[1.091s] INFO:colcon.colcon_core.shell:Creating package script '/home/hem436/Documents/ros2_ws/install/aws_robomaker_small_warehouse_world/share/aws_robomaker_small_warehouse_world/package.ps1'
[1.092s] INFO:colcon.colcon_core.shell:Creating package descriptor '/home/hem436/Documents/ros2_ws/install/aws_robomaker_small_warehouse_world/share/aws_robomaker_small_warehouse_world/package.dsv'
[1.093s] INFO:colcon.colcon_core.shell:Creating package script '/home/hem436/Documents/ros2_ws/install/aws_robomaker_small_warehouse_world/share/aws_robomaker_small_warehouse_world/package.sh'
[1.093s] INFO:colcon.colcon_core.shell:Creating package script '/home/hem436/Documents/ros2_ws/install/aws_robomaker_small_warehouse_world/share/aws_robomaker_small_warehouse_world/package.bash'
[1.094s] INFO:colcon.colcon_core.shell:Creating package script '/home/hem436/Documents/ros2_ws/install/aws_robomaker_small_warehouse_world/share/aws_robomaker_small_warehouse_world/package.zsh'
[1.094s] Level 1:colcon.colcon_core.environment:create_file_with_runtime_dependencies(/home/hem436/Documents/ros2_ws/install/aws_robomaker_small_warehouse_world/share/colcon-core/packages/aws_robomaker_small_warehouse_world)
[1.788s] DEBUG:colcon.colcon_core.event_handler.log_command:Invoking command in '/home/hem436/Documents/ros2_ws/src/robot_bringup': PYTHONPATH=/home/hem436/Documents/ros2_ws/build/robot_bringup/prefix_override:/usr/lib/python3/dist-packages/colcon_core/task/python/colcon_distutils_commands:/home/hem436/Documents/ros2_ws/install/robot_bringup/lib/python3.10/site-packages:${PYTHONPATH} /usr/bin/python3 -W ignore:setup.py install is deprecated -W ignore:easy_install command is deprecated setup.py egg_info --egg-base ../../build/robot_bringup build --build-base /home/hem436/Documents/ros2_ws/build/robot_bringup/build install --record /home/hem436/Documents/ros2_ws/build/robot_bringup/install.log --single-version-externally-managed install_data
[2.417s] DEBUG:colcon.colcon_core.event_handler.log_command:Invoked command in '/home/hem436/Documents/ros2_ws/src/robot_bringup' returned '1': PYTHONPATH=/home/hem436/Documents/ros2_ws/build/robot_bringup/prefix_override:/usr/lib/python3/dist-packages/colcon_core/task/python/colcon_distutils_commands:/home/hem436/Documents/ros2_ws/install/robot_bringup/lib/python3.10/site-packages:${PYTHONPATH} /usr/bin/python3 -W ignore:setup.py install is deprecated -W ignore:easy_install command is deprecated setup.py egg_info --egg-base ../../build/robot_bringup build --build-base /home/hem436/Documents/ros2_ws/build/robot_bringup/build install --record /home/hem436/Documents/ros2_ws/build/robot_bringup/install.log --single-version-externally-managed install_data
[2.863s] DEBUG:colcon.colcon_parallel_executor.executor.parallel:closing loop
[2.863s] DEBUG:colcon.colcon_parallel_executor.executor.parallel:loop closed
[2.863s] DEBUG:colcon.colcon_parallel_executor.executor.parallel:run_until_complete finished with '1'
[2.863s] DEBUG:colcon.colcon_core.event_reactor:joining thread
[2.875s] INFO:colcon.colcon_core.plugin_system:Skipping extension 'colcon_notification.desktop_notification.terminal_notifier': Not used on non-Darwin systems
[2.876s] INFO:colcon.colcon_core.plugin_system:Skipping extension 'colcon_notification.desktop_notification.win32': Not used on non-Windows systems
[2.876s] INFO:colcon.colcon_notification.desktop_notification:Sending desktop notification using 'notify2'
[2.903s] DEBUG:colcon.colcon_core.event_reactor:joined thread
[2.904s] INFO:colcon.colcon_core.shell:Creating prefix script '/home/hem436/Documents/ros2_ws/install/local_setup.ps1'
[2.907s] INFO:colcon.colcon_core.shell:Creating prefix util module '/home/hem436/Documents/ros2_ws/install/_local_setup_util_ps1.py'
[2.912s] INFO:colcon.colcon_core.shell:Creating prefix chain script '/home/hem436/Documents/ros2_ws/install/setup.ps1'
[2.915s] INFO:colcon.colcon_core.shell:Creating prefix script '/home/hem436/Documents/ros2_ws/install/local_setup.sh'
[2.917s] INFO:colcon.colcon_core.shell:Creating prefix util module '/home/hem436/Documents/ros2_ws/install/_local_setup_util_sh.py'
[2.918s] INFO:colcon.colcon_core.shell:Creating prefix chain script '/home/hem436/Documents/ros2_ws/install/setup.sh'
[2.922s] INFO:colcon.colcon_core.shell:Creating prefix script '/home/hem436/Documents/ros2_ws/install/local_setup.bash'
[2.924s] INFO:colcon.colcon_core.shell:Creating prefix chain script '/home/hem436/Documents/ros2_ws/install/setup.bash'
[2.927s] INFO:colcon.colcon_core.shell:Creating prefix script '/home/hem436/Documents/ros2_ws/install/local_setup.zsh'
[2.928s] INFO:colcon.colcon_core.shell:Creating prefix chain script '/home/hem436/Documents/ros2_ws/install/setup.zsh'
