[2.134s] Invoking command in '/home/hem436/Documents/ros2_ws/src/robot_bringup': PS1=(.env) ${debian_chroot:+($debian_chroot)}\[\033[01;32m\]\u@\[\033[00m\]:\[\033[01;34m\]\w\[\033[00m\]\$ PYTHONPATH=/home/hem436/Documents/ros2_ws/build/robot_bringup/prefix_override:/usr/lib/python3/dist-packages/colcon_core/task/python/colcon_distutils_commands:/home/hem436/Documents/ros2_ws/install/robot_bringup/lib/python3.10/site-packages:${PYTHONPATH} VIRTUAL_ENV_PROMPT=(.env) /usr/bin/python3 -W ignore:setup.py install is deprecated -W ignore:easy_install command is deprecated setup.py egg_info --egg-base ../../build/robot_bringup build --build-base /home/hem436/Documents/ros2_ws/build/robot_bringup/build install --record /home/hem436/Documents/ros2_ws/build/robot_bringup/install.log --single-version-externally-managed install_data
[2.592s] running egg_info
[2.623s] writing ../../build/robot_bringup/robot_bringup.egg-info/PKG-INFO
[2.624s] writing dependency_links to ../../build/robot_bringup/robot_bringup.egg-info/dependency_links.txt
[2.626s] writing requirements to ../../build/robot_bringup/robot_bringup.egg-info/requires.txt
[2.626s] writing top-level names to ../../build/robot_bringup/robot_bringup.egg-info/top_level.txt
[2.690s] reading manifest file '../../build/robot_bringup/robot_bringup.egg-info/SOURCES.txt'
[2.691s] writing manifest file '../../build/robot_bringup/robot_bringup.egg-info/SOURCES.txt'
[2.691s] running build
[2.692s] running build_py
[2.692s] copying robot_bringup/__init__.py -> /home/hem436/Documents/ros2_ws/build/robot_bringup/build/lib/robot_bringup
[2.692s] running install
[2.702s] running install_lib
[2.738s] running install_data
[2.738s] copying resource/robot_bringup -> /home/hem436/Documents/ros2_ws/install/robot_bringup/share/ament_index/resource_index/packages
[2.738s] copying package.xml -> /home/hem436/Documents/ros2_ws/install/robot_bringup/share/robot_bringup
[2.739s] copying launch/test.launch.py -> /home/hem436/Documents/ros2_ws/install/robot_bringup/share/robot_bringup/launch/
[2.739s] running install_egg_info
[2.775s] removing '/home/hem436/Documents/ros2_ws/install/robot_bringup/lib/python3.10/site-packages/robot_bringup-0.0.0-py3.10.egg-info' (and everything under it)
[2.775s] Copying ../../build/robot_bringup/robot_bringup.egg-info to /home/hem436/Documents/ros2_ws/install/robot_bringup/lib/python3.10/site-packages/robot_bringup-0.0.0-py3.10.egg-info
[2.777s] running install_scripts
[3.058s] writing list of installed files to '/home/hem436/Documents/ros2_ws/build/robot_bringup/install.log'
[3.128s] Invoked command in '/home/hem436/Documents/ros2_ws/src/robot_bringup' returned '0': PS1=(.env) ${debian_chroot:+($debian_chroot)}\[\033[01;32m\]\u@\[\033[00m\]:\[\033[01;34m\]\w\[\033[00m\]\$ PYTHONPATH=/home/hem436/Documents/ros2_ws/build/robot_bringup/prefix_override:/usr/lib/python3/dist-packages/colcon_core/task/python/colcon_distutils_commands:/home/hem436/Documents/ros2_ws/install/robot_bringup/lib/python3.10/site-packages:${PYTHONPATH} VIRTUAL_ENV_PROMPT=(.env) /usr/bin/python3 -W ignore:setup.py install is deprecated -W ignore:easy_install command is deprecated setup.py egg_info --egg-base ../../build/robot_bringup build --build-base /home/hem436/Documents/ros2_ws/build/robot_bringup/build install --record /home/hem436/Documents/ros2_ws/build/robot_bringup/install.log --single-version-externally-managed install_data
