/home/hem436/Documents/ros2_ws/install/robot_controller/lib/python3.10/site-packages/robot_controller/__init__.py
/home/hem436/Documents/ros2_ws/install/robot_controller/lib/python3.10/site-packages/robot_controller/draw_circle.py
/home/hem436/Documents/ros2_ws/install/robot_controller/lib/python3.10/site-packages/robot_controller/robot_node.py
/home/hem436/Documents/ros2_ws/install/robot_controller/lib/python3.10/site-packages/robot_controller/__pycache__/__init__.cpython-310.pyc
/home/hem436/Documents/ros2_ws/install/robot_controller/lib/python3.10/site-packages/robot_controller/__pycache__/draw_circle.cpython-310.pyc
/home/hem436/Documents/ros2_ws/install/robot_controller/lib/python3.10/site-packages/robot_controller/__pycache__/robot_node.cpython-310.pyc
/home/hem436/Documents/ros2_ws/install/robot_controller/share/ament_index/resource_index/packages/robot_controller
/home/hem436/Documents/ros2_ws/install/robot_controller/share/robot_controller/package.xml
/home/hem436/Documents/ros2_ws/install/robot_controller/share/robot_controller/robot_description.launch.py
/home/hem436/Documents/ros2_ws/install/robot_controller/share/robot_controller/urdf/standard/weight_block.urdf.xacro
/home/hem436/Documents/ros2_ws/install/robot_controller/share/robot_controller/urdf/standard/tower_sensor_plate.urdf.xacro
/home/hem436/Documents/ros2_ws/install/robot_controller/share/robot_controller/urdf/standard/turtlebot4.urdf.xacro
/home/hem436/Documents/ros2_ws/install/robot_controller/share/robot_controller/urdf/standard/tower_standoff.urdf.xacro
/home/hem436/Documents/ros2_ws/install/robot_controller/share/robot_controller/urdf/sensors/camera_bracket.urdf.xacro
/home/hem436/Documents/ros2_ws/install/robot_controller/share/robot_controller/urdf/sensors/oakd.urdf.xacro
/home/hem436/Documents/ros2_ws/install/robot_controller/share/robot_controller/urdf/sensors/rplidar.urdf.xacro
/home/hem436/Documents/ros2_ws/install/robot_controller/share/robot_controller/urdf/lite/turtlebot4.urdf.xacro
/home/hem436/Documents/ros2_ws/install/robot_controller/share/robot_controller/meshes/shell.dae
/home/hem436/Documents/ros2_ws/install/robot_controller/share/robot_controller/meshes/tower_standoff.dae
/home/hem436/Documents/ros2_ws/install/robot_controller/share/robot_controller/meshes/oakd_lite.dae
/home/hem436/Documents/ros2_ws/install/robot_controller/share/robot_controller/meshes/oakd_pro.dae
/home/hem436/Documents/ros2_ws/install/robot_controller/share/robot_controller/meshes/tower_sensor_plate.dae
/home/hem436/Documents/ros2_ws/install/robot_controller/share/robot_controller/meshes/camera_bracket.dae
/home/hem436/Documents/ros2_ws/install/robot_controller/share/robot_controller/meshes/shell_collision.dae
/home/hem436/Documents/ros2_ws/install/robot_controller/share/robot_controller/meshes/tower.dae
/home/hem436/Documents/ros2_ws/install/robot_controller/share/robot_controller/meshes/weight_block.dae
/home/hem436/Documents/ros2_ws/install/robot_controller/share/robot_controller/meshes/rplidar.dae
/home/hem436/Documents/ros2_ws/install/robot_controller/lib/python3.10/site-packages/robot_controller-0.0.0-py3.10.egg-info/zip-safe
/home/hem436/Documents/ros2_ws/install/robot_controller/lib/python3.10/site-packages/robot_controller-0.0.0-py3.10.egg-info/SOURCES.txt
/home/hem436/Documents/ros2_ws/install/robot_controller/lib/python3.10/site-packages/robot_controller-0.0.0-py3.10.egg-info/top_level.txt
/home/hem436/Documents/ros2_ws/install/robot_controller/lib/python3.10/site-packages/robot_controller-0.0.0-py3.10.egg-info/dependency_links.txt
/home/hem436/Documents/ros2_ws/install/robot_controller/lib/python3.10/site-packages/robot_controller-0.0.0-py3.10.egg-info/PKG-INFO
/home/hem436/Documents/ros2_ws/install/robot_controller/lib/python3.10/site-packages/robot_controller-0.0.0-py3.10.egg-info/entry_points.txt
/home/hem436/Documents/ros2_ws/install/robot_controller/lib/python3.10/site-packages/robot_controller-0.0.0-py3.10.egg-info/requires.txt
/home/hem436/Documents/ros2_ws/install/robot_controller/lib/robot_controller/draw_circle
/home/hem436/Documents/ros2_ws/install/robot_controller/lib/robot_controller/test_node
