[2.019s] Invoking command in '/home/hem436/Documents/ros2_ws/build/robot_controller': PYTHONPATH=/home/hem436/Documents/ros2_ws/build/robot_controller/prefix_override:/usr/lib/python3/dist-packages/colcon_core/task/python/colcon_distutils_commands:/home/hem436/Documents/ros2_ws/install/robot_controller/lib/python3.10/site-packages:${PYTHONPATH} /usr/bin/python3 -W ignore:setup.py install is deprecated -W ignore:easy_install command is deprecated setup.py develop --uninstall --editable --build-directory /home/hem436/Documents/ros2_ws/build/robot_controller/build
[2.615s] running develop
[3.008s] Removing /home/hem436/Documents/ros2_ws/install/robot_controller/lib/python3.10/site-packages/robot-controller.egg-link (link to .)
[3.082s] Invoked command in '/home/hem436/Documents/ros2_ws/build/robot_controller' returned '0': PYTHONPATH=/home/hem436/Documents/ros2_ws/build/robot_controller/prefix_override:/usr/lib/python3/dist-packages/colcon_core/task/python/colcon_distutils_commands:/home/hem436/Documents/ros2_ws/install/robot_controller/lib/python3.10/site-packages:${PYTHONPATH} /usr/bin/python3 -W ignore:setup.py install is deprecated -W ignore:easy_install command is deprecated setup.py develop --uninstall --editable --build-directory /home/hem436/Documents/ros2_ws/build/robot_controller/build
[3.084s] Invoking command in '/home/hem436/Documents/ros2_ws/src/robot_controller': PYTHONPATH=/home/hem436/Documents/ros2_ws/build/robot_controller/prefix_override:/usr/lib/python3/dist-packages/colcon_core/task/python/colcon_distutils_commands:/home/hem436/Documents/ros2_ws/install/robot_controller/lib/python3.10/site-packages:${PYTHONPATH} /usr/bin/python3 -W ignore:setup.py install is deprecated -W ignore:easy_install command is deprecated setup.py egg_info --egg-base ../../build/robot_controller build --build-base /home/hem436/Documents/ros2_ws/build/robot_controller/build install --record /home/hem436/Documents/ros2_ws/build/robot_controller/install.log --single-version-externally-managed install_data --force
[3.637s] running egg_info
[3.639s] writing ../../build/robot_controller/robot_controller.egg-info/PKG-INFO
[3.639s] writing dependency_links to ../../build/robot_controller/robot_controller.egg-info/dependency_links.txt
[3.640s] writing entry points to ../../build/robot_controller/robot_controller.egg-info/entry_points.txt
[3.640s] writing requirements to ../../build/robot_controller/robot_controller.egg-info/requires.txt
[3.641s] writing top-level names to ../../build/robot_controller/robot_controller.egg-info/top_level.txt
[3.646s] reading manifest file '../../build/robot_controller/robot_controller.egg-info/SOURCES.txt'
[3.649s] writing manifest file '../../build/robot_controller/robot_controller.egg-info/SOURCES.txt'
[3.649s] running build
[3.649s] running build_py
[3.649s] copying robot_controller/draw_circle.py -> /home/hem436/Documents/ros2_ws/build/robot_controller/build/lib/robot_controller
[3.650s] copying robot_controller/robot_node.py -> /home/hem436/Documents/ros2_ws/build/robot_controller/build/lib/robot_controller
[3.651s] running install
[3.651s] running install_lib
[3.653s] creating /home/hem436/Documents/ros2_ws/install/robot_controller/lib/python3.10/site-packages/robot_controller
[3.654s] copying /home/hem436/Documents/ros2_ws/build/robot_controller/build/lib/robot_controller/__init__.py -> /home/hem436/Documents/ros2_ws/install/robot_controller/lib/python3.10/site-packages/robot_controller
[3.654s] copying /home/hem436/Documents/ros2_ws/build/robot_controller/build/lib/robot_controller/draw_circle.py -> /home/hem436/Documents/ros2_ws/install/robot_controller/lib/python3.10/site-packages/robot_controller
[3.654s] copying /home/hem436/Documents/ros2_ws/build/robot_controller/build/lib/robot_controller/robot_node.py -> /home/hem436/Documents/ros2_ws/install/robot_controller/lib/python3.10/site-packages/robot_controller
[3.655s] byte-compiling /home/hem436/Documents/ros2_ws/install/robot_controller/lib/python3.10/site-packages/robot_controller/__init__.py to __init__.cpython-310.pyc
[3.656s] byte-compiling /home/hem436/Documents/ros2_ws/install/robot_controller/lib/python3.10/site-packages/robot_controller/draw_circle.py to draw_circle.cpython-310.pyc
[3.657s] byte-compiling /home/hem436/Documents/ros2_ws/install/robot_controller/lib/python3.10/site-packages/robot_controller/robot_node.py to robot_node.cpython-310.pyc
[3.657s] running install_data
[3.658s] copying resource/robot_controller -> /home/hem436/Documents/ros2_ws/install/robot_controller/share/ament_index/resource_index/packages
[3.658s] copying package.xml -> /home/hem436/Documents/ros2_ws/install/robot_controller/share/robot_controller
[3.658s] running install_egg_info
[3.664s] Copying ../../build/robot_controller/robot_controller.egg-info to /home/hem436/Documents/ros2_ws/install/robot_controller/lib/python3.10/site-packages/robot_controller-0.0.0-py3.10.egg-info
[3.666s] running install_scripts
[3.709s] Installing draw_circle script to /home/hem436/Documents/ros2_ws/install/robot_controller/lib/robot_controller
[3.709s] Installing test_node script to /home/hem436/Documents/ros2_ws/install/robot_controller/lib/robot_controller
[3.710s] writing list of installed files to '/home/hem436/Documents/ros2_ws/build/robot_controller/install.log'
[3.794s] Invoked command in '/home/hem436/Documents/ros2_ws/src/robot_controller' returned '0': PYTHONPATH=/home/hem436/Documents/ros2_ws/build/robot_controller/prefix_override:/usr/lib/python3/dist-packages/colcon_core/task/python/colcon_distutils_commands:/home/hem436/Documents/ros2_ws/install/robot_controller/lib/python3.10/site-packages:${PYTHONPATH} /usr/bin/python3 -W ignore:setup.py install is deprecated -W ignore:easy_install command is deprecated setup.py egg_info --egg-base ../../build/robot_controller build --build-base /home/hem436/Documents/ros2_ws/build/robot_controller/build install --record /home/hem436/Documents/ros2_ws/build/robot_controller/install.log --single-version-externally-managed install_data --force
