[2.000s] Invoking command in '/home/hem436/Documents/ros2_ws/build/warehouse_inspection': PYTHONPATH=/home/hem436/Documents/ros2_ws/build/warehouse_inspection/prefix_override:/usr/lib/python3/dist-packages/colcon_core/task/python/colcon_distutils_commands:/home/hem436/Documents/ros2_ws/install/warehouse_inspection/lib/python3.10/site-packages:${PYTHONPATH} /usr/bin/python3 -W ignore:setup.py install is deprecated -W ignore:easy_install command is deprecated setup.py develop --uninstall --editable --build-directory /home/hem436/Documents/ros2_ws/build/warehouse_inspection/build
[2.586s] running develop
[2.972s] Removing /home/hem436/Documents/ros2_ws/install/warehouse_inspection/lib/python3.10/site-packages/warehouse-inspection.egg-link (link to .)
[3.043s] Invoked command in '/home/hem436/Documents/ros2_ws/build/warehouse_inspection' returned '0': PYTHONPATH=/home/hem436/Documents/ros2_ws/build/warehouse_inspection/prefix_override:/usr/lib/python3/dist-packages/colcon_core/task/python/colcon_distutils_commands:/home/hem436/Documents/ros2_ws/install/warehouse_inspection/lib/python3.10/site-packages:${PYTHONPATH} /usr/bin/python3 -W ignore:setup.py install is deprecated -W ignore:easy_install command is deprecated setup.py develop --uninstall --editable --build-directory /home/hem436/Documents/ros2_ws/build/warehouse_inspection/build
[3.049s] Invoking command in '/home/hem436/Documents/ros2_ws/src/warehouse_inspection': PYTHONPATH=/home/hem436/Documents/ros2_ws/build/warehouse_inspection/prefix_override:/usr/lib/python3/dist-packages/colcon_core/task/python/colcon_distutils_commands:/home/hem436/Documents/ros2_ws/install/warehouse_inspection/lib/python3.10/site-packages:${PYTHONPATH} /usr/bin/python3 -W ignore:setup.py install is deprecated -W ignore:easy_install command is deprecated setup.py egg_info --egg-base ../../build/warehouse_inspection build --build-base /home/hem436/Documents/ros2_ws/build/warehouse_inspection/build install --record /home/hem436/Documents/ros2_ws/build/warehouse_inspection/install.log --single-version-externally-managed install_data --force
[3.609s] running egg_info
[3.611s] writing ../../build/warehouse_inspection/warehouse_inspection.egg-info/PKG-INFO
[3.611s] writing dependency_links to ../../build/warehouse_inspection/warehouse_inspection.egg-info/dependency_links.txt
[3.611s] writing entry points to ../../build/warehouse_inspection/warehouse_inspection.egg-info/entry_points.txt
[3.612s] writing requirements to ../../build/warehouse_inspection/warehouse_inspection.egg-info/requires.txt
[3.612s] writing top-level names to ../../build/warehouse_inspection/warehouse_inspection.egg-info/top_level.txt
[3.616s] reading manifest file '../../build/warehouse_inspection/warehouse_inspection.egg-info/SOURCES.txt'
[3.618s] writing manifest file '../../build/warehouse_inspection/warehouse_inspection.egg-info/SOURCES.txt'
[3.619s] running build
[3.619s] running build_py
[3.619s] running install
[3.619s] running install_lib
[3.621s] creating /home/hem436/Documents/ros2_ws/install/warehouse_inspection/lib/python3.10/site-packages/warehouse_inspection
[3.621s] copying /home/hem436/Documents/ros2_ws/build/warehouse_inspection/build/lib/warehouse_inspection/__init__.py -> /home/hem436/Documents/ros2_ws/install/warehouse_inspection/lib/python3.10/site-packages/warehouse_inspection
[3.623s] byte-compiling /home/hem436/Documents/ros2_ws/install/warehouse_inspection/lib/python3.10/site-packages/warehouse_inspection/__init__.py to __init__.cpython-310.pyc
[3.624s] running install_data
[3.624s] copying resource/warehouse_inspection -> /home/hem436/Documents/ros2_ws/install/warehouse_inspection/share/ament_index/resource_index/packages
[3.624s] copying package.xml -> /home/hem436/Documents/ros2_ws/install/warehouse_inspection/share/warehouse_inspection
[3.625s] running install_egg_info
[3.630s] Copying ../../build/warehouse_inspection/warehouse_inspection.egg-info to /home/hem436/Documents/ros2_ws/install/warehouse_inspection/lib/python3.10/site-packages/warehouse_inspection-0.0.0-py3.10.egg-info
[3.633s] running install_scripts
[3.673s] writing list of installed files to '/home/hem436/Documents/ros2_ws/build/warehouse_inspection/install.log'
[3.734s] Invoked command in '/home/hem436/Documents/ros2_ws/src/warehouse_inspection' returned '0': PYTHONPATH=/home/hem436/Documents/ros2_ws/build/warehouse_inspection/prefix_override:/usr/lib/python3/dist-packages/colcon_core/task/python/colcon_distutils_commands:/home/hem436/Documents/ros2_ws/install/warehouse_inspection/lib/python3.10/site-packages:${PYTHONPATH} /usr/bin/python3 -W ignore:setup.py install is deprecated -W ignore:easy_install command is deprecated setup.py egg_info --egg-base ../../build/warehouse_inspection build --build-base /home/hem436/Documents/ros2_ws/build/warehouse_inspection/build install --record /home/hem436/Documents/ros2_ws/build/warehouse_inspection/install.log --single-version-externally-managed install_data --force
