[2.221s] Invoking command in '/home/hem436/Documents/ros2_ws/src/robot_bringup': PYTHONPATH=/home/hem436/Documents/ros2_ws/build/robot_bringup/prefix_override:/usr/lib/python3/dist-packages/colcon_core/task/python/colcon_distutils_commands:/home/hem436/Documents/ros2_ws/install/robot_bringup/lib/python3.10/site-packages:${PYTHONPATH} /usr/bin/python3 -W ignore:setup.py install is deprecated -W ignore:easy_install command is deprecated setup.py egg_info --egg-base ../../build/robot_bringup build --build-base /home/hem436/Documents/ros2_ws/build/robot_bringup/build install --record /home/hem436/Documents/ros2_ws/build/robot_bringup/install.log --single-version-externally-managed install_data
[2.726s] /home/hem436/.local/lib/python3.10/site-packages/setuptools/_distutils/dist.py:261: UserWarning: Unknown distribution option: 'tests_require'
[2.726s]   warnings.warn(msg)
[3.002s] running egg_info
[3.052s] creating ../../build/robot_bringup/robot_bringup.egg-info
[3.053s] writing ../../build/robot_bringup/robot_bringup.egg-info/PKG-INFO
[3.054s] writing dependency_links to ../../build/robot_bringup/robot_bringup.egg-info/dependency_links.txt
[3.054s] writing requirements to ../../build/robot_bringup/robot_bringup.egg-info/requires.txt
[3.054s] writing top-level names to ../../build/robot_bringup/robot_bringup.egg-info/top_level.txt
[3.055s] writing manifest file '../../build/robot_bringup/robot_bringup.egg-info/SOURCES.txt'
[3.140s] reading manifest file '../../build/robot_bringup/robot_bringup.egg-info/SOURCES.txt'
[3.140s] Traceback (most recent call last):
[3.140s]   File "/home/hem436/Documents/ros2_ws/src/robot_bringup/setup.py", line 6, in <module>
[3.141s]     setup(
[3.141s]   File "/home/hem436/.local/lib/python3.10/site-packages/setuptools/__init__.py", line 117, in setup
[3.141s]     return distutils.core.setup(**attrs)
[3.141s]   File "/home/hem436/.local/lib/python3.10/site-packages/setuptools/_distutils/core.py", line 183, in setup
[3.141s]     return run_commands(dist)
[3.141s]   File "/home/hem436/.local/lib/python3.10/site-packages/setuptools/_distutils/core.py", line 199, in run_commands
[3.142s]     dist.run_commands()
[3.142s]   File "/home/hem436/.local/lib/python3.10/site-packages/setuptools/_distutils/dist.py", line 954, in run_commands
[3.142s]     self.run_command(cmd)
[3.142s]   File "/home/hem436/.local/lib/python3.10/site-packages/setuptools/dist.py", line 995, in run_command
[3.142s]     super().run_command(command)
[3.142s]   File "/home/hem436/.local/lib/python3.10/site-packages/setuptools/_distutils/dist.py", line 973, in run_command
[3.142s]     cmd_obj.run()
[3.142s]   File "/home/hem436/.local/lib/python3.10/site-packages/setuptools/command/egg_info.py", line 313, in run
[3.143s]     self.find_sources()
[3.143s]   File "/home/hem436/.local/lib/python3.10/site-packages/setuptools/command/egg_info.py", line 321, in find_sources
[3.143s]     mm.run()
[3.143s]   File "/home/hem436/.local/lib/python3.10/site-packages/setuptools/command/egg_info.py", line 549, in run
[3.143s]     self.prune_file_list()
[3.143s]   File "/home/hem436/.local/lib/python3.10/site-packages/setuptools/command/sdist.py", line 162, in prune_file_list
[3.143s]     super().prune_file_list()
[3.143s]   File "/home/hem436/.local/lib/python3.10/site-packages/setuptools/_distutils/command/sdist.py", line 380, in prune_file_list
[3.143s]     base_dir = self.distribution.get_fullname()
[3.144s]   File "/home/hem436/.local/lib/python3.10/site-packages/setuptools/_core_metadata.py", line 267, in get_fullname
[3.144s]     return _distribution_fullname(self.get_name(), self.get_version())
[3.144s]   File "/home/hem436/.local/lib/python3.10/site-packages/setuptools/_core_metadata.py", line 285, in _distribution_fullname
[3.144s]     canonicalize_version(version, strip_trailing_zero=False),
[3.144s] TypeError: canonicalize_version() got an unexpected keyword argument 'strip_trailing_zero'
