[2.056s] Invoking command in '/home/hem436/Documents/ros2_ws/src/robot_controller': PYTHONPATH=/home/hem436/Documents/ros2_ws/build/robot_controller/prefix_override:/usr/lib/python3/dist-packages/colcon_core/task/python/colcon_distutils_commands:/home/hem436/Documents/ros2_ws/install/robot_controller/lib/python3.10/site-packages:${PYTHONPATH} /usr/bin/python3 -W ignore:setup.py install is deprecated -W ignore:easy_install command is deprecated setup.py egg_info --egg-base ../../build/robot_controller build --build-base /home/hem436/Documents/ros2_ws/build/robot_controller/build install --record /home/hem436/Documents/ros2_ws/build/robot_controller/install.log --single-version-externally-managed install_data
[2.634s] running egg_info
[2.636s] writing ../../build/robot_controller/robot_controller.egg-info/PKG-INFO
[2.637s] writing dependency_links to ../../build/robot_controller/robot_controller.egg-info/dependency_links.txt
[2.637s] writing entry points to ../../build/robot_controller/robot_controller.egg-info/entry_points.txt
[2.637s] writing requirements to ../../build/robot_controller/robot_controller.egg-info/requires.txt
[2.638s] writing top-level names to ../../build/robot_controller/robot_controller.egg-info/top_level.txt
[2.643s] reading manifest file '../../build/robot_controller/robot_controller.egg-info/SOURCES.txt'
[2.647s] writing manifest file '../../build/robot_controller/robot_controller.egg-info/SOURCES.txt'
[2.648s] running build
[2.648s] running build_py
[2.648s] running install
[2.648s] running install_lib
[2.651s] running install_data
[2.652s] creating /home/hem436/Documents/ros2_ws/install/robot_controller/share/robot_controller/urdf/sensors
[2.652s] creating /home/hem436/Documents/ros2_ws/install/robot_controller/share/robot_controller/urdf/sensors/*
[2.653s] copying urdf/sensors/camera_bracket.urdf.xacro -> /home/hem436/Documents/ros2_ws/install/robot_controller/share/robot_controller/urdf/sensors/*
[2.653s] copying urdf/sensors/oakd.urdf.xacro -> /home/hem436/Documents/ros2_ws/install/robot_controller/share/robot_controller/urdf/sensors/*
[2.653s] copying urdf/sensors/rplidar.urdf.xacro -> /home/hem436/Documents/ros2_ws/install/robot_controller/share/robot_controller/urdf/sensors/*
[2.654s] creating /home/hem436/Documents/ros2_ws/install/robot_controller/share/robot_controller/urdf/lite
[2.654s] creating /home/hem436/Documents/ros2_ws/install/robot_controller/share/robot_controller/urdf/lite/*
[2.654s] copying urdf/lite/turtlebot4.urdf.xacro -> /home/hem436/Documents/ros2_ws/install/robot_controller/share/robot_controller/urdf/lite/*
[2.654s] running install_egg_info
[2.658s] removing '/home/hem436/Documents/ros2_ws/install/robot_controller/lib/python3.10/site-packages/robot_controller-0.0.0-py3.10.egg-info' (and everything under it)
[2.659s] Copying ../../build/robot_controller/robot_controller.egg-info to /home/hem436/Documents/ros2_ws/install/robot_controller/lib/python3.10/site-packages/robot_controller-0.0.0-py3.10.egg-info
[2.661s] running install_scripts
[2.702s] Installing draw_circle script to /home/hem436/Documents/ros2_ws/install/robot_controller/lib/robot_controller
[2.703s] Installing test_node script to /home/hem436/Documents/ros2_ws/install/robot_controller/lib/robot_controller
[2.704s] writing list of installed files to '/home/hem436/Documents/ros2_ws/build/robot_controller/install.log'
[2.771s] Invoked command in '/home/hem436/Documents/ros2_ws/src/robot_controller' returned '0': PYTHONPATH=/home/hem436/Documents/ros2_ws/build/robot_controller/prefix_override:/usr/lib/python3/dist-packages/colcon_core/task/python/colcon_distutils_commands:/home/hem436/Documents/ros2_ws/install/robot_controller/lib/python3.10/site-packages:${PYTHONPATH} /usr/bin/python3 -W ignore:setup.py install is deprecated -W ignore:easy_install command is deprecated setup.py egg_info --egg-base ../../build/robot_controller build --build-base /home/hem436/Documents/ros2_ws/build/robot_controller/build install --record /home/hem436/Documents/ros2_ws/build/robot_controller/install.log --single-version-externally-managed install_data
