[1.292s] Invoking command in '/home/hem436/Documents/ros2_ws/src/robot_controller': PYTHONPATH=/home/hem436/Documents/ros2_ws/build/robot_controller/prefix_override:/usr/lib/python3/dist-packages/colcon_core/task/python/colcon_distutils_commands:/home/hem436/Documents/ros2_ws/install/robot_controller/lib/python3.10/site-packages:${PYTHONPATH} /usr/bin/python3 -W ignore:setup.py install is deprecated -W ignore:easy_install command is deprecated setup.py egg_info --egg-base ../../build/robot_controller build --build-base /home/hem436/Documents/ros2_ws/build/robot_controller/build install --record /home/hem436/Documents/ros2_ws/build/robot_controller/install.log --single-version-externally-managed install_data
[1.659s] running egg_info
[1.661s] writing ../../build/robot_controller/robot_controller.egg-info/PKG-INFO
[1.661s] writing dependency_links to ../../build/robot_controller/robot_controller.egg-info/dependency_links.txt
[1.661s] writing entry points to ../../build/robot_controller/robot_controller.egg-info/entry_points.txt
[1.662s] writing requirements to ../../build/robot_controller/robot_controller.egg-info/requires.txt
[1.662s] writing top-level names to ../../build/robot_controller/robot_controller.egg-info/top_level.txt
[1.665s] reading manifest file '../../build/robot_controller/robot_controller.egg-info/SOURCES.txt'
[1.669s] writing manifest file '../../build/robot_controller/robot_controller.egg-info/SOURCES.txt'
[1.669s] running build
[1.670s] running build_py
[1.670s] running install
[1.671s] running install_lib
[1.673s] running install_data
[1.673s] running install_egg_info
[1.676s] removing '/home/hem436/Documents/ros2_ws/install/robot_controller/lib/python3.10/site-packages/robot_controller-0.0.0-py3.10.egg-info' (and everything under it)
[1.677s] Copying ../../build/robot_controller/robot_controller.egg-info to /home/hem436/Documents/ros2_ws/install/robot_controller/lib/python3.10/site-packages/robot_controller-0.0.0-py3.10.egg-info
[1.679s] running install_scripts
[1.709s] Installing test_node script to /home/hem436/Documents/ros2_ws/install/robot_controller/lib/robot_controller
[1.710s] writing list of installed files to '/home/hem436/Documents/ros2_ws/build/robot_controller/install.log'
[1.786s] Invoked command in '/home/hem436/Documents/ros2_ws/src/robot_controller' returned '0': PYTHONPATH=/home/hem436/Documents/ros2_ws/build/robot_controller/prefix_override:/usr/lib/python3/dist-packages/colcon_core/task/python/colcon_distutils_commands:/home/hem436/Documents/ros2_ws/install/robot_controller/lib/python3.10/site-packages:${PYTHONPATH} /usr/bin/python3 -W ignore:setup.py install is deprecated -W ignore:easy_install command is deprecated setup.py egg_info --egg-base ../../build/robot_controller build --build-base /home/hem436/Documents/ros2_ws/build/robot_controller/build install --record /home/hem436/Documents/ros2_ws/build/robot_controller/install.log --single-version-externally-managed install_data
