[0.653s] Invoking command in '/home/hem436/Documents/ros2_ws/build/robot_controller': CMAKE_PREFIX_PATH=${CMAKE_PREFIX_PATH}:/home/hem436/Documents/ros2_ws/install/robot_bringup:/opt/ros/humble /usr/bin/cmake /home/hem436/Documents/ros2_ws/src/robot_controller -DCMAKE_INSTALL_PREFIX=/home/hem436/Documents/ros2_ws/install/robot_controller
[0.689s] -- Found ament_cmake: 1.3.11 (/opt/ros/humble/share/ament_cmake/cmake)
[0.917s] [33mCMake Warning (dev) at /usr/share/cmake-3.22/Modules/FindPackageHandleStandardArgs.cmake:438 (message):
[0.917s]   The package name passed to `find_package_handle_standard_args` (PkgConfig)
[0.917s]   does not match the name of the calling package (gazebo).  This can lead to
[0.917s]   problems in calling code that expects `find_package` result variables
[0.918s]   (e.g., `_FOUND`) to follow a certain pattern.
[0.918s] Call Stack (most recent call first):
[0.918s]   /usr/share/cmake-3.22/Modules/FindPkgConfig.cmake:99 (find_package_handle_standard_args)
[0.918s]   /usr/lib/x86_64-linux-gnu/cmake/gazebo/gazebo-config.cmake:72 (include)
[0.918s]   CMakeLists.txt:23 (find_package)
[0.918s] This warning is for project developers.  Use -Wno-dev to suppress it.
[0.918s] [0m
[0.963s] -- Found DART: /usr/include (Required is at least version "6.6") found components: dart 
[1.025s] -- Found Protobuf: /usr/lib/x86_64-linux-gnu/libprotobuf.so (found version "3.12.4") 
[1.025s] -- Looking for ignition-math6 -- found version 6.15.1
[1.026s] -- Searching for dependencies of ignition-math6
[1.028s] -- Looking for OGRE...
[1.039s] -- Found Ogre Ghadamon (1.9.0)
[1.040s] -- Found OGRE: optimized;/usr/lib/x86_64-linux-gnu/libOgreMain.so;debug;/usr/lib/x86_64-linux-gnu/libOgreMain.so
[1.053s] -- Looking for OGRE_Paging...
[1.054s] -- Found OGRE_Paging: optimized;/usr/lib/x86_64-linux-gnu/libOgrePaging.so;debug;/usr/lib/x86_64-linux-gnu/libOgrePaging.so
[1.054s] -- Looking for OGRE_Terrain...
[1.055s] -- Found OGRE_Terrain: optimized;/usr/lib/x86_64-linux-gnu/libOgreTerrain.so;debug;/usr/lib/x86_64-linux-gnu/libOgreTerrain.so
[1.055s] -- Looking for OGRE_Property...
[1.055s] -- Found OGRE_Property: optimized;/usr/lib/x86_64-linux-gnu/libOgreProperty.so;debug;/usr/lib/x86_64-linux-gnu/libOgreProperty.so
[1.055s] -- Looking for OGRE_RTShaderSystem...
[1.055s] -- Found OGRE_RTShaderSystem: optimized;/usr/lib/x86_64-linux-gnu/libOgreRTShaderSystem.so;debug;/usr/lib/x86_64-linux-gnu/libOgreRTShaderSystem.so
[1.056s] -- Looking for OGRE_Volume...
[1.056s] -- Found OGRE_Volume: optimized;/usr/lib/x86_64-linux-gnu/libOgreVolume.so;debug;/usr/lib/x86_64-linux-gnu/libOgreVolume.so
[1.056s] -- Looking for OGRE_Overlay...
[1.056s] -- Found OGRE_Overlay: optimized;/usr/lib/x86_64-linux-gnu/libOgreOverlay.so;debug;/usr/lib/x86_64-linux-gnu/libOgreOverlay.so
[1.334s] -- Looking for ignition-math6 -- found version 6.15.1
[1.335s] -- Looking for ignition-transport8 -- found version 8.2.1
[1.335s] -- Searching for dependencies of ignition-transport8
[1.373s] -- Found Protobuf: /usr/lib/x86_64-linux-gnu/libprotobuf.so (found suitable version "3.12.4", minimum required is "3") 
[1.396s] -- Config-file not installed for ZeroMQ -- checking for pkg-config
[1.407s] -- Checking for module 'libzmq >= 4'
[1.444s] --   Found libzmq , version 4.3.4
[1.556s] -- Checking for module 'uuid'
[1.596s] --   Found uuid, version 2.37.2
[1.690s] -- Looking for ignition-msgs5 -- found version 5.8.1
[1.691s] -- Searching for dependencies of ignition-msgs5
[1.743s] -- Looking for ignition-math6 -- found version 6.15.1
[1.754s] -- Checking for module 'tinyxml2'
[1.782s] --   Found tinyxml2, version 9.0.0
[1.853s] -- Looking for ignition-msgs5 -- found version 5.8.1
[1.854s] -- Looking for ignition-common3 -- found version 3.14.0
[1.855s] -- Searching for dependencies of ignition-common3
[1.855s] -- Looking for dlfcn.h - found
[1.855s] -- Looking for libdl - found
[1.873s] -- Searching for <ignition-common3> component [graphics]
[1.873s] -- Looking for ignition-common3-graphics -- found version 3.14.0
[1.874s] -- Searching for dependencies of ignition-common3-graphics
[1.875s] -- Looking for ignition-math6 -- found version 6.15.1
[1.876s] -- Looking for ignition-fuel_tools4 -- found version 4.4.0
[1.877s] -- Searching for dependencies of ignition-fuel_tools4
[1.960s] -- Checking for module 'jsoncpp'
[1.998s] --   Found jsoncpp, version 1.9.5
[2.122s] -- Checking for module 'libzip'
[2.163s] --   Found libzip, version 1.7.3
[2.257s] -- Looking for ignition-common3 -- found version 3.14.0
[2.258s] -- Looking for ignition-math6 -- found version 6.15.1
[2.259s] -- Looking for ignition-msgs5 -- found version 5.8.1
[2.264s] -- Found gazebo_ros_pkgs: 3.7.0 (/opt/ros/humble/share/gazebo_ros_pkgs/cmake)
[2.264s] -- Found geometry_msgs: 4.2.4 (/opt/ros/humble/share/geometry_msgs/cmake)
[2.303s] -- Found rosidl_generator_c: 3.1.6 (/opt/ros/humble/share/rosidl_generator_c/cmake)
[2.307s] -- Found rosidl_adapter: 3.1.6 (/opt/ros/humble/share/rosidl_adapter/cmake)
[2.317s] -- Found rosidl_generator_cpp: 3.1.6 (/opt/ros/humble/share/rosidl_generator_cpp/cmake)
[2.332s] -- Using all available rosidl_typesupport_c: rosidl_typesupport_fastrtps_c;rosidl_typesupport_introspection_c
[2.352s] -- Using all available rosidl_typesupport_cpp: rosidl_typesupport_fastrtps_cpp;rosidl_typesupport_introspection_cpp
[2.406s] -- Found nav_msgs: 4.2.4 (/opt/ros/humble/share/nav_msgs/cmake)
[2.429s] -- Found rclcpp: 16.0.11 (/opt/ros/humble/share/rclcpp/cmake)
[2.468s] -- Found rmw_implementation_cmake: 6.1.2 (/opt/ros/humble/share/rmw_implementation_cmake/cmake)
[2.471s] -- Found rmw_cyclonedds_cpp: 1.3.4 (/opt/ros/humble/share/rmw_cyclonedds_cpp/cmake)
[2.500s] -- Using RMW implementation 'rmw_cyclonedds_cpp' as default
[2.554s] -- Found sensor_msgs: 4.2.4 (/opt/ros/humble/share/sensor_msgs/cmake)
[2.575s] -- Found tf2: 0.25.9 (/opt/ros/humble/share/tf2/cmake)
[2.757s] -- Configuring done
[2.861s] -- Generating done
[2.873s] -- Build files have been written to: /home/hem436/Documents/ros2_ws/build/robot_controller
[2.887s] Invoked command in '/home/hem436/Documents/ros2_ws/build/robot_controller' returned '0': CMAKE_PREFIX_PATH=${CMAKE_PREFIX_PATH}:/home/hem436/Documents/ros2_ws/install/robot_bringup:/opt/ros/humble /usr/bin/cmake /home/hem436/Documents/ros2_ws/src/robot_controller -DCMAKE_INSTALL_PREFIX=/home/hem436/Documents/ros2_ws/install/robot_controller
[2.890s] Invoking command in '/home/hem436/Documents/ros2_ws/build/robot_controller': CMAKE_PREFIX_PATH=${CMAKE_PREFIX_PATH}:/home/hem436/Documents/ros2_ws/install/robot_bringup:/opt/ros/humble /usr/bin/cmake --build /home/hem436/Documents/ros2_ws/build/robot_controller -- -j8 -l8
[2.987s] [ 12%] [32mBuilding CXX object CMakeFiles/obstacle2.dir/models/turtlebot3_dqn_world/obstacle_plugin/obstacle2.cc.o[0m
[2.988s] [ 25%] [32mBuilding CXX object CMakeFiles/obstacle1.dir/models/turtlebot3_dqn_world/obstacle_plugin/obstacle1.cc.o[0m
[2.991s] [ 37%] [32mBuilding CXX object CMakeFiles/obstacles.dir/models/turtlebot3_dqn_world/obstacle_plugin/obstacles.cc.o[0m
[2.994s] [ 50%] [32mBuilding CXX object CMakeFiles/turtlebot3_drive.dir/src/turtlebot3_drive.cpp.o[0m
[21.091s] [ 62%] [32m[1mLinking CXX executable turtlebot3_drive[0m
[21.315s] [ 75%] [32m[1mLinking CXX shared library libobstacles.so[0m
[21.331s] [ 87%] [32m[1mLinking CXX shared library libobstacle1.so[0m
[21.368s] [100%] [32m[1mLinking CXX shared library libobstacle2.so[0m
[21.916s] [100%] Built target obstacle1
[21.917s] [100%] Built target obstacle2
[21.956s] [100%] Built target obstacles
[22.314s] [100%] Built target turtlebot3_drive
[22.334s] Invoked command in '/home/hem436/Documents/ros2_ws/build/robot_controller' returned '0': CMAKE_PREFIX_PATH=${CMAKE_PREFIX_PATH}:/home/hem436/Documents/ros2_ws/install/robot_bringup:/opt/ros/humble /usr/bin/cmake --build /home/hem436/Documents/ros2_ws/build/robot_controller -- -j8 -l8
[22.339s] Invoking command in '/home/hem436/Documents/ros2_ws/build/robot_controller': CMAKE_PREFIX_PATH=${CMAKE_PREFIX_PATH}:/home/hem436/Documents/ros2_ws/install/robot_bringup:/opt/ros/humble /usr/bin/cmake --install /home/hem436/Documents/ros2_ws/build/robot_controller
[22.350s] -- Install configuration: ""
[22.351s] -- Installing: /home/hem436/Documents/ros2_ws/install/robot_controller/lib/robot_controller/turtlebot3_drive
[22.362s] -- Set runtime path of "/home/hem436/Documents/ros2_ws/install/robot_controller/lib/robot_controller/turtlebot3_drive" to ""
[22.363s] -- Installing: /home/hem436/Documents/ros2_ws/install/robot_controller/share/robot_controller//launch
[22.363s] -- Installing: /home/hem436/Documents/ros2_ws/install/robot_controller/share/robot_controller//launch/turtlebot3_dqn_stage1.launch.py
[22.364s] -- Installing: /home/hem436/Documents/ros2_ws/install/robot_controller/share/robot_controller//launch/robot_state_publisher.launch.py
[22.364s] -- Installing: /home/hem436/Documents/ros2_ws/install/robot_controller/share/robot_controller//launch/turtlebot3_dqn_stage4.launch.py
[22.364s] -- Installing: /home/hem436/Documents/ros2_ws/install/robot_controller/share/robot_controller//launch/empty_world.launch.py
[22.364s] -- Installing: /home/hem436/Documents/ros2_ws/install/robot_controller/share/robot_controller//launch/turtlebot3_dqn_stage3.launch.py
[22.365s] -- Installing: /home/hem436/Documents/ros2_ws/install/robot_controller/share/robot_controller//launch/spawn_turtlebot3.launch.py
[22.365s] -- Installing: /home/hem436/Documents/ros2_ws/install/robot_controller/share/robot_controller//launch/turtlebot3_dqn_stage2.launch.py
[22.365s] -- Installing: /home/hem436/Documents/ros2_ws/install/robot_controller/share/robot_controller//launch/turtlebot3_world.launch.py
[22.365s] -- Installing: /home/hem436/Documents/ros2_ws/install/robot_controller/share/robot_controller//launch/turtlebot3_house.launch.py
[22.365s] -- Installing: /home/hem436/Documents/ros2_ws/install/robot_controller/share/robot_controller//models
[22.366s] -- Installing: /home/hem436/Documents/ros2_ws/install/robot_controller/share/robot_controller//models/turtlebot3_dqn_world
[22.366s] -- Installing: /home/hem436/Documents/ros2_ws/install/robot_controller/share/robot_controller//models/turtlebot3_dqn_world/obstacle_plugin
[22.366s] -- Installing: /home/hem436/Documents/ros2_ws/install/robot_controller/share/robot_controller//models/turtlebot3_dqn_world/obstacle_plugin/obstacles.cc
[22.366s] -- Installing: /home/hem436/Documents/ros2_ws/install/robot_controller/share/robot_controller//models/turtlebot3_dqn_world/obstacle_plugin/CMakeLists.txt
[22.366s] -- Installing: /home/hem436/Documents/ros2_ws/install/robot_controller/share/robot_controller//models/turtlebot3_dqn_world/obstacle_plugin/obstacle2.cc
[22.367s] -- Installing: /home/hem436/Documents/ros2_ws/install/robot_controller/share/robot_controller//models/turtlebot3_dqn_world/obstacle_plugin/obstacle1.cc
[22.367s] -- Installing: /home/hem436/Documents/ros2_ws/install/robot_controller/share/robot_controller//models/turtlebot3_dqn_world/obstacle2
[22.367s] -- Installing: /home/hem436/Documents/ros2_ws/install/robot_controller/share/robot_controller//models/turtlebot3_dqn_world/obstacle2/model.config
[22.367s] -- Installing: /home/hem436/Documents/ros2_ws/install/robot_controller/share/robot_controller//models/turtlebot3_dqn_world/obstacle2/model.sdf
[22.367s] -- Installing: /home/hem436/Documents/ros2_ws/install/robot_controller/share/robot_controller//models/turtlebot3_dqn_world/inner_walls
[22.368s] -- Installing: /home/hem436/Documents/ros2_ws/install/robot_controller/share/robot_controller//models/turtlebot3_dqn_world/inner_walls/model.config
[22.368s] -- Installing: /home/hem436/Documents/ros2_ws/install/robot_controller/share/robot_controller//models/turtlebot3_dqn_world/inner_walls/model.sdf
[22.368s] -- Installing: /home/hem436/Documents/ros2_ws/install/robot_controller/share/robot_controller//models/turtlebot3_dqn_world/goal_box
[22.368s] -- Installing: /home/hem436/Documents/ros2_ws/install/robot_controller/share/robot_controller//models/turtlebot3_dqn_world/goal_box/model.config
[22.368s] -- Installing: /home/hem436/Documents/ros2_ws/install/robot_controller/share/robot_controller//models/turtlebot3_dqn_world/goal_box/model.sdf
[22.369s] -- Installing: /home/hem436/Documents/ros2_ws/install/robot_controller/share/robot_controller//models/turtlebot3_dqn_world/model.config
[22.369s] -- Installing: /home/hem436/Documents/ros2_ws/install/robot_controller/share/robot_controller//models/turtlebot3_dqn_world/obstacles
[22.370s] -- Installing: /home/hem436/Documents/ros2_ws/install/robot_controller/share/robot_controller//models/turtlebot3_dqn_world/obstacles/model.config
[22.370s] -- Installing: /home/hem436/Documents/ros2_ws/install/robot_controller/share/robot_controller//models/turtlebot3_dqn_world/obstacles/model.sdf
[22.370s] -- Installing: /home/hem436/Documents/ros2_ws/install/robot_controller/share/robot_controller//models/turtlebot3_dqn_world/model.sdf
[22.371s] -- Installing: /home/hem436/Documents/ros2_ws/install/robot_controller/share/robot_controller//models/turtlebot3_dqn_world/obstacle1
[22.371s] -- Installing: /home/hem436/Documents/ros2_ws/install/robot_controller/share/robot_controller//models/turtlebot3_dqn_world/obstacle1/model.config
[22.372s] -- Installing: /home/hem436/Documents/ros2_ws/install/robot_controller/share/robot_controller//models/turtlebot3_dqn_world/obstacle1/model.sdf
[22.372s] -- Installing: /home/hem436/Documents/ros2_ws/install/robot_controller/share/robot_controller//models/turtlebot3_waffle_pi
[22.373s] -- Installing: /home/hem436/Documents/ros2_ws/install/robot_controller/share/robot_controller//models/turtlebot3_waffle_pi/model.config
[22.373s] -- Installing: /home/hem436/Documents/ros2_ws/install/robot_controller/share/robot_controller//models/turtlebot3_waffle_pi/model.sdf
[22.373s] -- Installing: /home/hem436/Documents/ros2_ws/install/robot_controller/share/robot_controller//models/turtlebot3_waffle_pi/model-1_4_.sdf
[22.374s] -- Installing: /home/hem436/Documents/ros2_ws/install/robot_controller/share/robot_controller//models/turtlebot3_world
[22.374s] -- Installing: /home/hem436/Documents/ros2_ws/install/robot_controller/share/robot_controller//models/turtlebot3_world/meshes
[22.374s] -- Installing: /home/hem436/Documents/ros2_ws/install/robot_controller/share/robot_controller//models/turtlebot3_world/meshes/wall.dae
[22.375s] -- Installing: /home/hem436/Documents/ros2_ws/install/robot_controller/share/robot_controller//models/turtlebot3_world/meshes/hexagon.dae
[22.375s] -- Installing: /home/hem436/Documents/ros2_ws/install/robot_controller/share/robot_controller//models/turtlebot3_world/model-1_4.sdf
[22.376s] -- Installing: /home/hem436/Documents/ros2_ws/install/robot_controller/share/robot_controller//models/turtlebot3_world/model.config
[22.376s] -- Installing: /home/hem436/Documents/ros2_ws/install/robot_controller/share/robot_controller//models/turtlebot3_world/model.sdf
[22.377s] -- Installing: /home/hem436/Documents/ros2_ws/install/robot_controller/share/robot_controller//models/turtlebot3_common
[22.377s] -- Installing: /home/hem436/Documents/ros2_ws/install/robot_controller/share/robot_controller//models/turtlebot3_common/meshes
[22.377s] -- Installing: /home/hem436/Documents/ros2_ws/install/robot_controller/share/robot_controller//models/turtlebot3_common/meshes/waffle_pi_base.dae
[22.378s] -- Installing: /home/hem436/Documents/ros2_ws/install/robot_controller/share/robot_controller//models/turtlebot3_common/meshes/tire.dae
[22.378s] -- Installing: /home/hem436/Documents/ros2_ws/install/robot_controller/share/robot_controller//models/turtlebot3_common/meshes/waffle_base.dae
[22.379s] -- Installing: /home/hem436/Documents/ros2_ws/install/robot_controller/share/robot_controller//models/turtlebot3_common/meshes/burger_base.dae
[22.379s] -- Installing: /home/hem436/Documents/ros2_ws/install/robot_controller/share/robot_controller//models/turtlebot3_common/meshes/lds.dae
[22.380s] -- Installing: /home/hem436/Documents/ros2_ws/install/robot_controller/share/robot_controller//models/turtlebot3_common/meshes/r200.dae
[22.382s] -- Installing: /home/hem436/Documents/ros2_ws/install/robot_controller/share/robot_controller//models/turtlebot3_common/model.config
[22.382s] -- Installing: /home/hem436/Documents/ros2_ws/install/robot_controller/share/robot_controller//models/turtlebot3_burger
[22.383s] -- Installing: /home/hem436/Documents/ros2_ws/install/robot_controller/share/robot_controller//models/turtlebot3_burger/model-1_4.sdf
[22.383s] -- Installing: /home/hem436/Documents/ros2_ws/install/robot_controller/share/robot_controller//models/turtlebot3_burger/model.config
[22.383s] -- Installing: /home/hem436/Documents/ros2_ws/install/robot_controller/share/robot_controller//models/turtlebot3_burger/model.sdf
[22.384s] -- Installing: /home/hem436/Documents/ros2_ws/install/robot_controller/share/robot_controller//models/turtlebot3_house
[22.384s] -- Installing: /home/hem436/Documents/ros2_ws/install/robot_controller/share/robot_controller//models/turtlebot3_house/model.config
[22.384s] -- Installing: /home/hem436/Documents/ros2_ws/install/robot_controller/share/robot_controller//models/turtlebot3_house/model.sdf
[22.386s] -- Installing: /home/hem436/Documents/ros2_ws/install/robot_controller/share/robot_controller//models/turtlebot3_waffle
[22.386s] -- Installing: /home/hem436/Documents/ros2_ws/install/robot_controller/share/robot_controller//models/turtlebot3_waffle/model-1_4.sdf
[22.387s] -- Installing: /home/hem436/Documents/ros2_ws/install/robot_controller/share/robot_controller//models/turtlebot3_waffle/model.config
[22.387s] -- Installing: /home/hem436/Documents/ros2_ws/install/robot_controller/share/robot_controller//models/turtlebot3_waffle/model.sdf
[22.388s] -- Installing: /home/hem436/Documents/ros2_ws/install/robot_controller/share/robot_controller//rviz
[22.388s] -- Installing: /home/hem436/Documents/ros2_ws/install/robot_controller/share/robot_controller//rviz/tb3_gazebo.rviz
[22.388s] -- Installing: /home/hem436/Documents/ros2_ws/install/robot_controller/share/robot_controller//urdf
[22.388s] -- Installing: /home/hem436/Documents/ros2_ws/install/robot_controller/share/robot_controller//urdf/common_properties.urdf
[22.389s] -- Installing: /home/hem436/Documents/ros2_ws/install/robot_controller/share/robot_controller//urdf/turtlebot3_burger.urdf
[22.389s] -- Installing: /home/hem436/Documents/ros2_ws/install/robot_controller/share/robot_controller//urdf/turtlebot3_waffle_pi.urdf
[22.390s] -- Installing: /home/hem436/Documents/ros2_ws/install/robot_controller/share/robot_controller//urdf/turtlebot3_waffle.urdf
[22.390s] -- Installing: /home/hem436/Documents/ros2_ws/install/robot_controller/share/robot_controller//worlds
[22.390s] -- Installing: /home/hem436/Documents/ros2_ws/install/robot_controller/share/robot_controller//worlds/turtlebot3_dqn_stage4.world
[22.391s] -- Installing: /home/hem436/Documents/ros2_ws/install/robot_controller/share/robot_controller//worlds/empty_world.world
[22.391s] -- Installing: /home/hem436/Documents/ros2_ws/install/robot_controller/share/robot_controller//worlds/turtlebot3_dqn_stage3.world
[22.391s] -- Installing: /home/hem436/Documents/ros2_ws/install/robot_controller/share/robot_controller//worlds/turtlebot3_house.world
[22.392s] -- Installing: /home/hem436/Documents/ros2_ws/install/robot_controller/share/robot_controller//worlds/turtlebot3_dqn_stage2.world
[22.392s] -- Installing: /home/hem436/Documents/ros2_ws/install/robot_controller/share/robot_controller//worlds/turtlebot3_dqn_stage1.world
[22.393s] -- Installing: /home/hem436/Documents/ros2_ws/install/robot_controller/share/robot_controller//worlds/turtlebot3_world.world
[22.393s] -- Installing: /home/hem436/Documents/ros2_ws/install/robot_controller/include/
[22.393s] -- Installing: /home/hem436/Documents/ros2_ws/install/robot_controller/include//robot_controller
[22.393s] -- Installing: /home/hem436/Documents/ros2_ws/install/robot_controller/include//robot_controller/turtlebot3_drive.hpp
[22.394s] -- Installing: /home/hem436/Documents/ros2_ws/install/robot_controller/share/ament_index/resource_index/package_run_dependencies/robot_controller
[22.395s] -- Installing: /home/hem436/Documents/ros2_ws/install/robot_controller/share/ament_index/resource_index/parent_prefix_path/robot_controller
[22.395s] -- Installing: /home/hem436/Documents/ros2_ws/install/robot_controller/share/robot_controller/environment/ament_prefix_path.sh
[22.396s] -- Installing: /home/hem436/Documents/ros2_ws/install/robot_controller/share/robot_controller/environment/ament_prefix_path.dsv
[22.396s] -- Installing: /home/hem436/Documents/ros2_ws/install/robot_controller/share/robot_controller/environment/path.sh
[22.396s] -- Installing: /home/hem436/Documents/ros2_ws/install/robot_controller/share/robot_controller/environment/path.dsv
[22.397s] -- Installing: /home/hem436/Documents/ros2_ws/install/robot_controller/share/robot_controller/local_setup.bash
[22.397s] -- Installing: /home/hem436/Documents/ros2_ws/install/robot_controller/share/robot_controller/local_setup.sh
[22.398s] -- Installing: /home/hem436/Documents/ros2_ws/install/robot_controller/share/robot_controller/local_setup.zsh
[22.398s] -- Installing: /home/hem436/Documents/ros2_ws/install/robot_controller/share/robot_controller/local_setup.dsv
[22.399s] -- Installing: /home/hem436/Documents/ros2_ws/install/robot_controller/share/robot_controller/package.dsv
[22.400s] -- Installing: /home/hem436/Documents/ros2_ws/install/robot_controller/share/ament_index/resource_index/packages/robot_controller
[22.400s] -- Installing: /home/hem436/Documents/ros2_ws/install/robot_controller/share/robot_controller/cmake/ament_cmake_export_include_directories-extras.cmake
[22.400s] -- Installing: /home/hem436/Documents/ros2_ws/install/robot_controller/share/robot_controller/cmake/ament_cmake_export_dependencies-extras.cmake
[22.401s] -- Installing: /home/hem436/Documents/ros2_ws/install/robot_controller/share/robot_controller/cmake/robot_controllerConfig.cmake
[22.402s] -- Installing: /home/hem436/Documents/ros2_ws/install/robot_controller/share/robot_controller/cmake/robot_controllerConfig-version.cmake
[22.402s] -- Installing: /home/hem436/Documents/ros2_ws/install/robot_controller/share/robot_controller/package.xml
[22.407s] Invoked command in '/home/hem436/Documents/ros2_ws/build/robot_controller' returned '0': CMAKE_PREFIX_PATH=${CMAKE_PREFIX_PATH}:/home/hem436/Documents/ros2_ws/install/robot_bringup:/opt/ros/humble /usr/bin/cmake --install /home/hem436/Documents/ros2_ws/build/robot_controller
