[0.172s] DEBUG:colcon:Command line arguments: ['/usr/bin/colcon', 'build']
[0.172s] DEBUG:colcon:Parsed command line arguments: Namespace(log_base=None, log_level=None, verb_name='build', build_base='build', install_base='install', merge_install=False, symlink_install=False, test_result_base=None, continue_on_error=False, executor='parallel', parallel_workers=8, event_handlers=None, ignore_user_meta=False, metas=['./colcon.meta'], base_paths=['.'], packages_ignore=None, packages_ignore_regex=None, paths=None, packages_up_to=None, packages_up_to_regex=None, packages_above=None, packages_above_and_dependencies=None, packages_above_depth=None, packages_select_by_dep=None, packages_skip_by_dep=None, packages_skip_up_to=None, packages_select_build_failed=False, packages_skip_build_finished=False, packages_select_test_failures=False, packages_skip_test_passed=False, packages_select=None, packages_skip=None, packages_select_regex=None, packages_skip_regex=None, packages_start=None, packages_end=None, allow_overriding=[], cmake_args=None, cmake_target=None, cmake_target_skip_unavailable=False, cmake_clean_cache=False, cmake_clean_first=False, cmake_force_configure=False, ament_cmake_args=None, catkin_cmake_args=None, catkin_skip_building_tests=False, mixin_files=None, mixin=None, verb_parser=<colcon_mixin.mixin.mixin_argument.MixinArgumentDecorator object at 0x7ae8ed450e20>, verb_extension=<colcon_core.verb.build.BuildVerb object at 0x7ae8ed57ddb0>, main=<bound method BuildVerb.main of <colcon_core.verb.build.BuildVerb object at 0x7ae8ed57ddb0>>, mixin_verb=('build',))
[0.233s] Level 1:colcon.colcon_core.package_discovery:discover_packages(colcon_meta) check parameters
[0.233s] Level 1:colcon.colcon_core.package_discovery:discover_packages(recursive) check parameters
[0.233s] Level 1:colcon.colcon_core.package_discovery:discover_packages(ignore) check parameters
[0.233s] Level 1:colcon.colcon_core.package_discovery:discover_packages(path) check parameters
[0.233s] Level 1:colcon.colcon_core.package_discovery:discover_packages(colcon_meta) discover
[0.233s] Level 1:colcon.colcon_core.package_discovery:discover_packages(recursive) discover
[0.233s] INFO:colcon.colcon_core.package_discovery:Crawling recursively for packages in '/home/hem436/Documents/ros2_ws'
[0.233s] Level 1:colcon.colcon_core.package_identification:_identify(.) by extensions ['ignore', 'ignore_ament_install']
[0.233s] Level 1:colcon.colcon_core.package_identification:_identify(.) by extension 'ignore'
[0.233s] Level 1:colcon.colcon_core.package_identification:_identify(.) by extension 'ignore_ament_install'
[0.234s] Level 1:colcon.colcon_core.package_identification:_identify(.) by extensions ['colcon_pkg']
[0.234s] Level 1:colcon.colcon_core.package_identification:_identify(.) by extension 'colcon_pkg'
[0.234s] Level 1:colcon.colcon_core.package_identification:_identify(.) by extensions ['colcon_meta']
[0.234s] Level 1:colcon.colcon_core.package_identification:_identify(.) by extension 'colcon_meta'
[0.234s] Level 1:colcon.colcon_core.package_identification:_identify(.) by extensions ['ros']
[0.234s] Level 1:colcon.colcon_core.package_identification:_identify(.) by extension 'ros'
[0.335s] Level 1:colcon.colcon_core.package_identification:_identify(.) by extensions ['cmake', 'python']
[0.335s] Level 1:colcon.colcon_core.package_identification:_identify(.) by extension 'cmake'
[0.335s] Level 1:colcon.colcon_core.package_identification:_identify(.) by extension 'python'
[0.335s] Level 1:colcon.colcon_core.package_identification:_identify(.) by extensions ['python_setup_py']
[0.335s] Level 1:colcon.colcon_core.package_identification:_identify(.) by extension 'python_setup_py'
[0.335s] Level 1:colcon.colcon_core.package_identification:_identify(build) by extensions ['ignore', 'ignore_ament_install']
[0.335s] Level 1:colcon.colcon_core.package_identification:_identify(build) by extension 'ignore'
[0.335s] Level 1:colcon.colcon_core.package_identification:_identify(build) ignored
[0.336s] Level 1:colcon.colcon_core.package_identification:_identify(install) by extensions ['ignore', 'ignore_ament_install']
[0.336s] Level 1:colcon.colcon_core.package_identification:_identify(install) by extension 'ignore'
[0.336s] Level 1:colcon.colcon_core.package_identification:_identify(install) ignored
[0.336s] Level 1:colcon.colcon_core.package_identification:_identify(log) by extensions ['ignore', 'ignore_ament_install']
[0.336s] Level 1:colcon.colcon_core.package_identification:_identify(log) by extension 'ignore'
[0.336s] Level 1:colcon.colcon_core.package_identification:_identify(log) ignored
[0.336s] Level 1:colcon.colcon_core.package_identification:_identify(src) by extensions ['ignore', 'ignore_ament_install']
[0.336s] Level 1:colcon.colcon_core.package_identification:_identify(src) by extension 'ignore'
[0.337s] Level 1:colcon.colcon_core.package_identification:_identify(src) by extension 'ignore_ament_install'
[0.337s] Level 1:colcon.colcon_core.package_identification:_identify(src) by extensions ['colcon_pkg']
[0.337s] Level 1:colcon.colcon_core.package_identification:_identify(src) by extension 'colcon_pkg'
[0.337s] Level 1:colcon.colcon_core.package_identification:_identify(src) by extensions ['colcon_meta']
[0.337s] Level 1:colcon.colcon_core.package_identification:_identify(src) by extension 'colcon_meta'
[0.337s] Level 1:colcon.colcon_core.package_identification:_identify(src) by extensions ['ros']
[0.337s] Level 1:colcon.colcon_core.package_identification:_identify(src) by extension 'ros'
[0.337s] Level 1:colcon.colcon_core.package_identification:_identify(src) by extensions ['cmake', 'python']
[0.337s] Level 1:colcon.colcon_core.package_identification:_identify(src) by extension 'cmake'
[0.337s] Level 1:colcon.colcon_core.package_identification:_identify(src) by extension 'python'
[0.337s] Level 1:colcon.colcon_core.package_identification:_identify(src) by extensions ['python_setup_py']
[0.337s] Level 1:colcon.colcon_core.package_identification:_identify(src) by extension 'python_setup_py'
[0.337s] Level 1:colcon.colcon_core.package_identification:_identify(src/aws-robomaker-small-warehouse-world) by extensions ['ignore', 'ignore_ament_install']
[0.338s] Level 1:colcon.colcon_core.package_identification:_identify(src/aws-robomaker-small-warehouse-world) by extension 'ignore'
[0.338s] Level 1:colcon.colcon_core.package_identification:_identify(src/aws-robomaker-small-warehouse-world) by extension 'ignore_ament_install'
[0.338s] Level 1:colcon.colcon_core.package_identification:_identify(src/aws-robomaker-small-warehouse-world) by extensions ['colcon_pkg']
[0.338s] Level 1:colcon.colcon_core.package_identification:_identify(src/aws-robomaker-small-warehouse-world) by extension 'colcon_pkg'
[0.338s] Level 1:colcon.colcon_core.package_identification:_identify(src/aws-robomaker-small-warehouse-world) by extensions ['colcon_meta']
[0.338s] Level 1:colcon.colcon_core.package_identification:_identify(src/aws-robomaker-small-warehouse-world) by extension 'colcon_meta'
[0.338s] Level 1:colcon.colcon_core.package_identification:_identify(src/aws-robomaker-small-warehouse-world) by extensions ['ros']
[0.338s] Level 1:colcon.colcon_core.package_identification:_identify(src/aws-robomaker-small-warehouse-world) by extension 'ros'
[0.342s] DEBUG:colcon.colcon_core.package_identification:Package 'src/aws-robomaker-small-warehouse-world' with type 'ros.ament_cmake' and name 'aws_robomaker_small_warehouse_world'
[0.342s] Level 1:colcon.colcon_core.package_identification:_identify(src/object_detection) by extensions ['ignore', 'ignore_ament_install']
[0.342s] Level 1:colcon.colcon_core.package_identification:_identify(src/object_detection) by extension 'ignore'
[0.343s] Level 1:colcon.colcon_core.package_identification:_identify(src/object_detection) by extension 'ignore_ament_install'
[0.343s] Level 1:colcon.colcon_core.package_identification:_identify(src/object_detection) by extensions ['colcon_pkg']
[0.343s] Level 1:colcon.colcon_core.package_identification:_identify(src/object_detection) by extension 'colcon_pkg'
[0.343s] Level 1:colcon.colcon_core.package_identification:_identify(src/object_detection) by extensions ['colcon_meta']
[0.343s] Level 1:colcon.colcon_core.package_identification:_identify(src/object_detection) by extension 'colcon_meta'
[0.343s] Level 1:colcon.colcon_core.package_identification:_identify(src/object_detection) by extensions ['ros']
[0.343s] Level 1:colcon.colcon_core.package_identification:_identify(src/object_detection) by extension 'ros'
[0.345s] DEBUG:colcon.colcon_core.package_identification:Package 'src/object_detection' with type 'ros.ament_python' and name 'object_detection'
[0.345s] Level 1:colcon.colcon_core.package_identification:_identify(src/robot_bringup) by extensions ['ignore', 'ignore_ament_install']
[0.345s] Level 1:colcon.colcon_core.package_identification:_identify(src/robot_bringup) by extension 'ignore'
[0.345s] Level 1:colcon.colcon_core.package_identification:_identify(src/robot_bringup) by extension 'ignore_ament_install'
[0.345s] Level 1:colcon.colcon_core.package_identification:_identify(src/robot_bringup) by extensions ['colcon_pkg']
[0.346s] Level 1:colcon.colcon_core.package_identification:_identify(src/robot_bringup) by extension 'colcon_pkg'
[0.346s] Level 1:colcon.colcon_core.package_identification:_identify(src/robot_bringup) by extensions ['colcon_meta']
[0.346s] Level 1:colcon.colcon_core.package_identification:_identify(src/robot_bringup) by extension 'colcon_meta'
[0.346s] Level 1:colcon.colcon_core.package_identification:_identify(src/robot_bringup) by extensions ['ros']
[0.346s] Level 1:colcon.colcon_core.package_identification:_identify(src/robot_bringup) by extension 'ros'
[0.347s] DEBUG:colcon.colcon_core.package_identification:Package 'src/robot_bringup' with type 'ros.ament_python' and name 'robot_bringup'
[0.347s] Level 1:colcon.colcon_core.package_identification:_identify(src/robot_controller) by extensions ['ignore', 'ignore_ament_install']
[0.347s] Level 1:colcon.colcon_core.package_identification:_identify(src/robot_controller) by extension 'ignore'
[0.347s] Level 1:colcon.colcon_core.package_identification:_identify(src/robot_controller) by extension 'ignore_ament_install'
[0.347s] Level 1:colcon.colcon_core.package_identification:_identify(src/robot_controller) by extensions ['colcon_pkg']
[0.347s] Level 1:colcon.colcon_core.package_identification:_identify(src/robot_controller) by extension 'colcon_pkg'
[0.347s] Level 1:colcon.colcon_core.package_identification:_identify(src/robot_controller) by extensions ['colcon_meta']
[0.347s] Level 1:colcon.colcon_core.package_identification:_identify(src/robot_controller) by extension 'colcon_meta'
[0.347s] Level 1:colcon.colcon_core.package_identification:_identify(src/robot_controller) by extensions ['ros']
[0.347s] Level 1:colcon.colcon_core.package_identification:_identify(src/robot_controller) by extension 'ros'
[0.349s] DEBUG:colcon.colcon_core.package_identification:Package 'src/robot_controller' with type 'ros.ament_cmake' and name 'robot_controller'
[0.349s] Level 1:colcon.colcon_core.package_discovery:discover_packages(recursive) using defaults
[0.349s] Level 1:colcon.colcon_core.package_discovery:discover_packages(ignore) discover
[0.349s] Level 1:colcon.colcon_core.package_discovery:discover_packages(ignore) using defaults
[0.349s] Level 1:colcon.colcon_core.package_discovery:discover_packages(path) discover
[0.349s] Level 1:colcon.colcon_core.package_discovery:discover_packages(path) using defaults
[0.378s] Level 1:colcon.colcon_core.package_discovery:discover_packages(prefix_path) check parameters
[0.378s] Level 1:colcon.colcon_core.package_discovery:discover_packages(prefix_path) discover
[0.380s] DEBUG:colcon.colcon_installed_package_information.package_discovery:Found 4 installed packages in /home/hem436/Documents/ros2_ws/install
[0.384s] DEBUG:colcon.colcon_installed_package_information.package_discovery:Found 458 installed packages in /opt/ros/humble
[0.387s] Level 1:colcon.colcon_core.package_discovery:discover_packages(prefix_path) using defaults
[0.470s] Level 5:colcon.colcon_core.verb:set package 'aws_robomaker_small_warehouse_world' build argument 'cmake_args' from command line to 'None'
[0.470s] Level 5:colcon.colcon_core.verb:set package 'aws_robomaker_small_warehouse_world' build argument 'cmake_target' from command line to 'None'
[0.470s] Level 5:colcon.colcon_core.verb:set package 'aws_robomaker_small_warehouse_world' build argument 'cmake_target_skip_unavailable' from command line to 'False'
[0.470s] Level 5:colcon.colcon_core.verb:set package 'aws_robomaker_small_warehouse_world' build argument 'cmake_clean_cache' from command line to 'False'
[0.470s] Level 5:colcon.colcon_core.verb:set package 'aws_robomaker_small_warehouse_world' build argument 'cmake_clean_first' from command line to 'False'
[0.470s] Level 5:colcon.colcon_core.verb:set package 'aws_robomaker_small_warehouse_world' build argument 'cmake_force_configure' from command line to 'False'
[0.470s] Level 5:colcon.colcon_core.verb:set package 'aws_robomaker_small_warehouse_world' build argument 'ament_cmake_args' from command line to 'None'
[0.470s] Level 5:colcon.colcon_core.verb:set package 'aws_robomaker_small_warehouse_world' build argument 'catkin_cmake_args' from command line to 'None'
[0.470s] Level 5:colcon.colcon_core.verb:set package 'aws_robomaker_small_warehouse_world' build argument 'catkin_skip_building_tests' from command line to 'False'
[0.471s] DEBUG:colcon.colcon_core.verb:Building package 'aws_robomaker_small_warehouse_world' with the following arguments: {'ament_cmake_args': None, 'build_base': '/home/hem436/Documents/ros2_ws/build/aws_robomaker_small_warehouse_world', 'catkin_cmake_args': None, 'catkin_skip_building_tests': False, 'cmake_args': None, 'cmake_clean_cache': False, 'cmake_clean_first': False, 'cmake_force_configure': False, 'cmake_target': None, 'cmake_target_skip_unavailable': False, 'install_base': '/home/hem436/Documents/ros2_ws/install/aws_robomaker_small_warehouse_world', 'merge_install': False, 'path': '/home/hem436/Documents/ros2_ws/src/aws-robomaker-small-warehouse-world', 'symlink_install': False, 'test_result_base': None}
[0.471s] Level 5:colcon.colcon_core.verb:set package 'object_detection' build argument 'cmake_args' from command line to 'None'
[0.471s] Level 5:colcon.colcon_core.verb:set package 'object_detection' build argument 'cmake_target' from command line to 'None'
[0.471s] Level 5:colcon.colcon_core.verb:set package 'object_detection' build argument 'cmake_target_skip_unavailable' from command line to 'False'
[0.472s] Level 5:colcon.colcon_core.verb:set package 'object_detection' build argument 'cmake_clean_cache' from command line to 'False'
[0.472s] Level 5:colcon.colcon_core.verb:set package 'object_detection' build argument 'cmake_clean_first' from command line to 'False'
[0.472s] Level 5:colcon.colcon_core.verb:set package 'object_detection' build argument 'cmake_force_configure' from command line to 'False'
[0.472s] Level 5:colcon.colcon_core.verb:set package 'object_detection' build argument 'ament_cmake_args' from command line to 'None'
[0.472s] Level 5:colcon.colcon_core.verb:set package 'object_detection' build argument 'catkin_cmake_args' from command line to 'None'
[0.472s] Level 5:colcon.colcon_core.verb:set package 'object_detection' build argument 'catkin_skip_building_tests' from command line to 'False'
[0.472s] DEBUG:colcon.colcon_core.verb:Building package 'object_detection' with the following arguments: {'ament_cmake_args': None, 'build_base': '/home/hem436/Documents/ros2_ws/build/object_detection', 'catkin_cmake_args': None, 'catkin_skip_building_tests': False, 'cmake_args': None, 'cmake_clean_cache': False, 'cmake_clean_first': False, 'cmake_force_configure': False, 'cmake_target': None, 'cmake_target_skip_unavailable': False, 'install_base': '/home/hem436/Documents/ros2_ws/install/object_detection', 'merge_install': False, 'path': '/home/hem436/Documents/ros2_ws/src/object_detection', 'symlink_install': False, 'test_result_base': None}
[0.472s] Level 5:colcon.colcon_core.verb:set package 'robot_bringup' build argument 'cmake_args' from command line to 'None'
[0.472s] Level 5:colcon.colcon_core.verb:set package 'robot_bringup' build argument 'cmake_target' from command line to 'None'
[0.472s] Level 5:colcon.colcon_core.verb:set package 'robot_bringup' build argument 'cmake_target_skip_unavailable' from command line to 'False'
[0.472s] Level 5:colcon.colcon_core.verb:set package 'robot_bringup' build argument 'cmake_clean_cache' from command line to 'False'
[0.472s] Level 5:colcon.colcon_core.verb:set package 'robot_bringup' build argument 'cmake_clean_first' from command line to 'False'
[0.473s] Level 5:colcon.colcon_core.verb:set package 'robot_bringup' build argument 'cmake_force_configure' from command line to 'False'
[0.473s] Level 5:colcon.colcon_core.verb:set package 'robot_bringup' build argument 'ament_cmake_args' from command line to 'None'
[0.473s] Level 5:colcon.colcon_core.verb:set package 'robot_bringup' build argument 'catkin_cmake_args' from command line to 'None'
[0.473s] Level 5:colcon.colcon_core.verb:set package 'robot_bringup' build argument 'catkin_skip_building_tests' from command line to 'False'
[0.473s] DEBUG:colcon.colcon_core.verb:Building package 'robot_bringup' with the following arguments: {'ament_cmake_args': None, 'build_base': '/home/hem436/Documents/ros2_ws/build/robot_bringup', 'catkin_cmake_args': None, 'catkin_skip_building_tests': False, 'cmake_args': None, 'cmake_clean_cache': False, 'cmake_clean_first': False, 'cmake_force_configure': False, 'cmake_target': None, 'cmake_target_skip_unavailable': False, 'install_base': '/home/hem436/Documents/ros2_ws/install/robot_bringup', 'merge_install': False, 'path': '/home/hem436/Documents/ros2_ws/src/robot_bringup', 'symlink_install': False, 'test_result_base': None}
[0.473s] Level 5:colcon.colcon_core.verb:set package 'robot_controller' build argument 'cmake_args' from command line to 'None'
[0.473s] Level 5:colcon.colcon_core.verb:set package 'robot_controller' build argument 'cmake_target' from command line to 'None'
[0.473s] Level 5:colcon.colcon_core.verb:set package 'robot_controller' build argument 'cmake_target_skip_unavailable' from command line to 'False'
[0.473s] Level 5:colcon.colcon_core.verb:set package 'robot_controller' build argument 'cmake_clean_cache' from command line to 'False'
[0.473s] Level 5:colcon.colcon_core.verb:set package 'robot_controller' build argument 'cmake_clean_first' from command line to 'False'
[0.473s] Level 5:colcon.colcon_core.verb:set package 'robot_controller' build argument 'cmake_force_configure' from command line to 'False'
[0.473s] Level 5:colcon.colcon_core.verb:set package 'robot_controller' build argument 'ament_cmake_args' from command line to 'None'
[0.473s] Level 5:colcon.colcon_core.verb:set package 'robot_controller' build argument 'catkin_cmake_args' from command line to 'None'
[0.473s] Level 5:colcon.colcon_core.verb:set package 'robot_controller' build argument 'catkin_skip_building_tests' from command line to 'False'
[0.473s] DEBUG:colcon.colcon_core.verb:Building package 'robot_controller' with the following arguments: {'ament_cmake_args': None, 'build_base': '/home/hem436/Documents/ros2_ws/build/robot_controller', 'catkin_cmake_args': None, 'catkin_skip_building_tests': False, 'cmake_args': None, 'cmake_clean_cache': False, 'cmake_clean_first': False, 'cmake_force_configure': False, 'cmake_target': None, 'cmake_target_skip_unavailable': False, 'install_base': '/home/hem436/Documents/ros2_ws/install/robot_controller', 'merge_install': False, 'path': '/home/hem436/Documents/ros2_ws/src/robot_controller', 'symlink_install': False, 'test_result_base': None}
[0.474s] INFO:colcon.colcon_core.executor:Executing jobs using 'parallel' executor
[0.475s] DEBUG:colcon.colcon_parallel_executor.executor.parallel:run_until_complete
[0.475s] INFO:colcon.colcon_ros.task.ament_cmake.build:Building ROS package in '/home/hem436/Documents/ros2_ws/src/aws-robomaker-small-warehouse-world' with build type 'ament_cmake'
[0.475s] INFO:colcon.colcon_cmake.task.cmake.build:Building CMake package in '/home/hem436/Documents/ros2_ws/src/aws-robomaker-small-warehouse-world'
[0.479s] INFO:colcon.colcon_core.plugin_system:Skipping extension 'colcon_core.shell.bat': Not used on non-Windows systems
[0.479s] INFO:colcon.colcon_core.shell:Skip shell extension 'powershell' for command environment: Not usable outside of PowerShell
[0.479s] DEBUG:colcon.colcon_core.shell:Skip shell extension 'dsv' for command environment
[0.486s] INFO:colcon.colcon_ros.task.ament_python.build:Building ROS package in '/home/hem436/Documents/ros2_ws/src/object_detection' with build type 'ament_python'
[0.487s] Level 1:colcon.colcon_core.shell:create_environment_hook('object_detection', 'ament_prefix_path')
[0.487s] INFO:colcon.colcon_core.shell:Creating environment hook '/home/hem436/Documents/ros2_ws/install/object_detection/share/object_detection/hook/ament_prefix_path.ps1'
[0.488s] INFO:colcon.colcon_core.shell:Creating environment descriptor '/home/hem436/Documents/ros2_ws/install/object_detection/share/object_detection/hook/ament_prefix_path.dsv'
[0.489s] INFO:colcon.colcon_core.shell:Creating environment hook '/home/hem436/Documents/ros2_ws/install/object_detection/share/object_detection/hook/ament_prefix_path.sh'
[0.490s] INFO:colcon.colcon_core.shell:Skip shell extension 'powershell' for command environment: Not usable outside of PowerShell
[0.490s] DEBUG:colcon.colcon_core.shell:Skip shell extension 'dsv' for command environment
[0.496s] INFO:colcon.colcon_ros.task.ament_python.build:Building ROS package in '/home/hem436/Documents/ros2_ws/src/robot_bringup' with build type 'ament_python'
[0.497s] Level 1:colcon.colcon_core.shell:create_environment_hook('robot_bringup', 'ament_prefix_path')
[0.497s] INFO:colcon.colcon_core.shell:Creating environment hook '/home/hem436/Documents/ros2_ws/install/robot_bringup/share/robot_bringup/hook/ament_prefix_path.ps1'
[0.498s] INFO:colcon.colcon_core.shell:Creating environment descriptor '/home/hem436/Documents/ros2_ws/install/robot_bringup/share/robot_bringup/hook/ament_prefix_path.dsv'
[0.499s] INFO:colcon.colcon_core.shell:Creating environment hook '/home/hem436/Documents/ros2_ws/install/robot_bringup/share/robot_bringup/hook/ament_prefix_path.sh'
[0.500s] INFO:colcon.colcon_core.shell:Skip shell extension 'powershell' for command environment: Not usable outside of PowerShell
[0.500s] DEBUG:colcon.colcon_core.shell:Skip shell extension 'dsv' for command environment
[0.508s] INFO:colcon.colcon_ros.task.ament_cmake.build:Building ROS package in '/home/hem436/Documents/ros2_ws/src/robot_controller' with build type 'ament_cmake'
[0.508s] INFO:colcon.colcon_cmake.task.cmake.build:Building CMake package in '/home/hem436/Documents/ros2_ws/src/robot_controller'
[0.509s] INFO:colcon.colcon_core.shell:Skip shell extension 'powershell' for command environment: Not usable outside of PowerShell
[0.509s] DEBUG:colcon.colcon_core.shell:Skip shell extension 'dsv' for command environment
[0.527s] DEBUG:colcon.colcon_core.event_handler.log_command:Invoking command in '/home/hem436/Documents/ros2_ws/build/aws_robomaker_small_warehouse_world': CMAKE_PREFIX_PATH=${CMAKE_PREFIX_PATH}:/home/hem436/Documents/ros2_ws/install/object_detection:/home/hem436/Documents/ros2_ws/install/robot_bringup:/opt/ros/humble PS1=(.env) ${debian_chroot:+($debian_chroot)}\[\033[01;32m\]\u@\[\033[00m\]:\[\033[01;34m\]\w\[\033[00m\]\$ VIRTUAL_ENV_PROMPT=(.env) /usr/bin/cmake --build /home/hem436/Documents/ros2_ws/build/aws_robomaker_small_warehouse_world -- -j8 -l8
[0.897s] INFO:colcon.colcon_core.task.python.build:Building Python package in '/home/hem436/Documents/ros2_ws/src/object_detection'
[0.898s] INFO:colcon.colcon_core.shell:Skip shell extension 'powershell' for command environment: Not usable outside of PowerShell
[0.898s] DEBUG:colcon.colcon_core.shell:Skip shell extension 'dsv' for command environment
[1.320s] INFO:colcon.colcon_core.task.python.build:Building Python package in '/home/hem436/Documents/ros2_ws/src/robot_bringup'
[1.321s] INFO:colcon.colcon_core.shell:Skip shell extension 'powershell' for command environment: Not usable outside of PowerShell
[1.321s] DEBUG:colcon.colcon_core.shell:Skip shell extension 'dsv' for command environment
[1.345s] DEBUG:colcon.colcon_core.event_handler.log_command:Invoking command in '/home/hem436/Documents/ros2_ws/build/robot_controller': CMAKE_PREFIX_PATH=${CMAKE_PREFIX_PATH}:/home/hem436/Documents/ros2_ws/install/object_detection:/home/hem436/Documents/ros2_ws/install/robot_bringup:/opt/ros/humble PS1=(.env) ${debian_chroot:+($debian_chroot)}\[\033[01;32m\]\u@\[\033[00m\]:\[\033[01;34m\]\w\[\033[00m\]\$ VIRTUAL_ENV_PROMPT=(.env) /usr/bin/cmake --build /home/hem436/Documents/ros2_ws/build/robot_controller -- -j8 -l8
[1.353s] DEBUG:colcon.colcon_core.event_handler.log_command:Invoked command in '/home/hem436/Documents/ros2_ws/build/aws_robomaker_small_warehouse_world' returned '0': CMAKE_PREFIX_PATH=${CMAKE_PREFIX_PATH}:/home/hem436/Documents/ros2_ws/install/object_detection:/home/hem436/Documents/ros2_ws/install/robot_bringup:/opt/ros/humble PS1=(.env) ${debian_chroot:+($debian_chroot)}\[\033[01;32m\]\u@\[\033[00m\]:\[\033[01;34m\]\w\[\033[00m\]\$ VIRTUAL_ENV_PROMPT=(.env) /usr/bin/cmake --build /home/hem436/Documents/ros2_ws/build/aws_robomaker_small_warehouse_world -- -j8 -l8
[1.374s] DEBUG:colcon.colcon_core.event_handler.log_command:Invoking command in '/home/hem436/Documents/ros2_ws/build/aws_robomaker_small_warehouse_world': CMAKE_PREFIX_PATH=${CMAKE_PREFIX_PATH}:/home/hem436/Documents/ros2_ws/install/object_detection:/home/hem436/Documents/ros2_ws/install/robot_bringup:/opt/ros/humble PS1=(.env) ${debian_chroot:+($debian_chroot)}\[\033[01;32m\]\u@\[\033[00m\]:\[\033[01;34m\]\w\[\033[00m\]\$ VIRTUAL_ENV_PROMPT=(.env) /usr/bin/cmake --install /home/hem436/Documents/ros2_ws/build/aws_robomaker_small_warehouse_world
[1.408s] Level 1:colcon.colcon_core.environment:create_environment_scripts_only(aws_robomaker_small_warehouse_world)
[1.427s] Level 1:colcon.colcon_core.environment:checking '/home/hem436/Documents/ros2_ws/install/aws_robomaker_small_warehouse_world' for CMake module files
[1.444s] Level 1:colcon.colcon_core.environment:checking '/home/hem436/Documents/ros2_ws/install/aws_robomaker_small_warehouse_world' for CMake config files
[1.446s] DEBUG:colcon.colcon_core.event_handler.log_command:Invoked command in '/home/hem436/Documents/ros2_ws/build/aws_robomaker_small_warehouse_world' returned '0': CMAKE_PREFIX_PATH=${CMAKE_PREFIX_PATH}:/home/hem436/Documents/ros2_ws/install/object_detection:/home/hem436/Documents/ros2_ws/install/robot_bringup:/opt/ros/humble PS1=(.env) ${debian_chroot:+($debian_chroot)}\[\033[01;32m\]\u@\[\033[00m\]:\[\033[01;34m\]\w\[\033[00m\]\$ VIRTUAL_ENV_PROMPT=(.env) /usr/bin/cmake --install /home/hem436/Documents/ros2_ws/build/aws_robomaker_small_warehouse_world
[1.449s] Level 1:colcon.colcon_core.shell:create_environment_hook('aws_robomaker_small_warehouse_world', 'cmake_prefix_path')
[1.450s] INFO:colcon.colcon_core.shell:Creating environment hook '/home/hem436/Documents/ros2_ws/install/aws_robomaker_small_warehouse_world/share/aws_robomaker_small_warehouse_world/hook/cmake_prefix_path.ps1'
[1.455s] INFO:colcon.colcon_core.shell:Creating environment descriptor '/home/hem436/Documents/ros2_ws/install/aws_robomaker_small_warehouse_world/share/aws_robomaker_small_warehouse_world/hook/cmake_prefix_path.dsv'
[1.456s] INFO:colcon.colcon_core.shell:Creating environment hook '/home/hem436/Documents/ros2_ws/install/aws_robomaker_small_warehouse_world/share/aws_robomaker_small_warehouse_world/hook/cmake_prefix_path.sh'
[1.457s] Level 1:colcon.colcon_core.environment:checking '/home/hem436/Documents/ros2_ws/install/aws_robomaker_small_warehouse_world/bin'
[1.458s] Level 1:colcon.colcon_core.environment:checking '/home/hem436/Documents/ros2_ws/install/aws_robomaker_small_warehouse_world/lib/pkgconfig/aws_robomaker_small_warehouse_world.pc'
[1.458s] Level 1:colcon.colcon_core.environment:checking '/home/hem436/Documents/ros2_ws/install/aws_robomaker_small_warehouse_world/lib/python3.10/site-packages'
[1.458s] Level 1:colcon.colcon_core.environment:checking '/home/hem436/Documents/ros2_ws/install/aws_robomaker_small_warehouse_world/bin'
[1.459s] INFO:colcon.colcon_core.shell:Creating package script '/home/hem436/Documents/ros2_ws/install/aws_robomaker_small_warehouse_world/share/aws_robomaker_small_warehouse_world/package.ps1'
[1.461s] INFO:colcon.colcon_core.shell:Creating package descriptor '/home/hem436/Documents/ros2_ws/install/aws_robomaker_small_warehouse_world/share/aws_robomaker_small_warehouse_world/package.dsv'
[1.462s] INFO:colcon.colcon_core.shell:Creating package script '/home/hem436/Documents/ros2_ws/install/aws_robomaker_small_warehouse_world/share/aws_robomaker_small_warehouse_world/package.sh'
[1.464s] INFO:colcon.colcon_core.shell:Creating package script '/home/hem436/Documents/ros2_ws/install/aws_robomaker_small_warehouse_world/share/aws_robomaker_small_warehouse_world/package.bash'
[1.468s] INFO:colcon.colcon_core.shell:Creating package script '/home/hem436/Documents/ros2_ws/install/aws_robomaker_small_warehouse_world/share/aws_robomaker_small_warehouse_world/package.zsh'
[1.470s] Level 1:colcon.colcon_core.environment:create_file_with_runtime_dependencies(/home/hem436/Documents/ros2_ws/install/aws_robomaker_small_warehouse_world/share/colcon-core/packages/aws_robomaker_small_warehouse_world)
[1.472s] Level 1:colcon.colcon_core.environment:create_environment_scripts_only(aws_robomaker_small_warehouse_world)
[1.473s] Level 1:colcon.colcon_core.environment:checking '/home/hem436/Documents/ros2_ws/install/aws_robomaker_small_warehouse_world' for CMake module files
[1.476s] Level 1:colcon.colcon_core.environment:checking '/home/hem436/Documents/ros2_ws/install/aws_robomaker_small_warehouse_world' for CMake config files
[1.478s] Level 1:colcon.colcon_core.shell:create_environment_hook('aws_robomaker_small_warehouse_world', 'cmake_prefix_path')
[1.479s] INFO:colcon.colcon_core.shell:Creating environment hook '/home/hem436/Documents/ros2_ws/install/aws_robomaker_small_warehouse_world/share/aws_robomaker_small_warehouse_world/hook/cmake_prefix_path.ps1'
[1.481s] INFO:colcon.colcon_core.shell:Creating environment descriptor '/home/hem436/Documents/ros2_ws/install/aws_robomaker_small_warehouse_world/share/aws_robomaker_small_warehouse_world/hook/cmake_prefix_path.dsv'
[1.482s] INFO:colcon.colcon_core.shell:Creating environment hook '/home/hem436/Documents/ros2_ws/install/aws_robomaker_small_warehouse_world/share/aws_robomaker_small_warehouse_world/hook/cmake_prefix_path.sh'
[1.484s] Level 1:colcon.colcon_core.environment:checking '/home/hem436/Documents/ros2_ws/install/aws_robomaker_small_warehouse_world/bin'
[1.484s] Level 1:colcon.colcon_core.environment:checking '/home/hem436/Documents/ros2_ws/install/aws_robomaker_small_warehouse_world/lib/pkgconfig/aws_robomaker_small_warehouse_world.pc'
[1.485s] Level 1:colcon.colcon_core.environment:checking '/home/hem436/Documents/ros2_ws/install/aws_robomaker_small_warehouse_world/lib/python3.10/site-packages'
[1.485s] Level 1:colcon.colcon_core.environment:checking '/home/hem436/Documents/ros2_ws/install/aws_robomaker_small_warehouse_world/bin'
[1.486s] INFO:colcon.colcon_core.shell:Creating package script '/home/hem436/Documents/ros2_ws/install/aws_robomaker_small_warehouse_world/share/aws_robomaker_small_warehouse_world/package.ps1'
[1.487s] INFO:colcon.colcon_core.shell:Creating package descriptor '/home/hem436/Documents/ros2_ws/install/aws_robomaker_small_warehouse_world/share/aws_robomaker_small_warehouse_world/package.dsv'
[1.488s] INFO:colcon.colcon_core.shell:Creating package script '/home/hem436/Documents/ros2_ws/install/aws_robomaker_small_warehouse_world/share/aws_robomaker_small_warehouse_world/package.sh'
[1.490s] INFO:colcon.colcon_core.shell:Creating package script '/home/hem436/Documents/ros2_ws/install/aws_robomaker_small_warehouse_world/share/aws_robomaker_small_warehouse_world/package.bash'
[1.491s] INFO:colcon.colcon_core.shell:Creating package script '/home/hem436/Documents/ros2_ws/install/aws_robomaker_small_warehouse_world/share/aws_robomaker_small_warehouse_world/package.zsh'
[1.492s] Level 1:colcon.colcon_core.environment:create_file_with_runtime_dependencies(/home/hem436/Documents/ros2_ws/install/aws_robomaker_small_warehouse_world/share/colcon-core/packages/aws_robomaker_small_warehouse_world)
[1.611s] DEBUG:colcon.colcon_core.event_handler.log_command:Invoked command in '/home/hem436/Documents/ros2_ws/build/robot_controller' returned '0': CMAKE_PREFIX_PATH=${CMAKE_PREFIX_PATH}:/home/hem436/Documents/ros2_ws/install/object_detection:/home/hem436/Documents/ros2_ws/install/robot_bringup:/opt/ros/humble PS1=(.env) ${debian_chroot:+($debian_chroot)}\[\033[01;32m\]\u@\[\033[00m\]:\[\033[01;34m\]\w\[\033[00m\]\$ VIRTUAL_ENV_PROMPT=(.env) /usr/bin/cmake --build /home/hem436/Documents/ros2_ws/build/robot_controller -- -j8 -l8
[1.612s] DEBUG:colcon.colcon_core.event_handler.log_command:Invoking command in '/home/hem436/Documents/ros2_ws/build/robot_controller': CMAKE_PREFIX_PATH=${CMAKE_PREFIX_PATH}:/home/hem436/Documents/ros2_ws/install/object_detection:/home/hem436/Documents/ros2_ws/install/robot_bringup:/opt/ros/humble PS1=(.env) ${debian_chroot:+($debian_chroot)}\[\033[01;32m\]\u@\[\033[00m\]:\[\033[01;34m\]\w\[\033[00m\]\$ VIRTUAL_ENV_PROMPT=(.env) /usr/bin/cmake --install /home/hem436/Documents/ros2_ws/build/robot_controller
[1.678s] Level 1:colcon.colcon_core.environment:create_environment_scripts_only(robot_controller)
[1.679s] Level 1:colcon.colcon_core.environment:checking '/home/hem436/Documents/ros2_ws/install/robot_controller' for CMake module files
[1.682s] Level 1:colcon.colcon_core.environment:checking '/home/hem436/Documents/ros2_ws/install/robot_controller' for CMake config files
[1.689s] Level 1:colcon.colcon_core.shell:create_environment_hook('robot_controller', 'cmake_prefix_path')
[1.698s] INFO:colcon.colcon_core.shell:Creating environment hook '/home/hem436/Documents/ros2_ws/install/robot_controller/share/robot_controller/hook/cmake_prefix_path.ps1'
[1.700s] INFO:colcon.colcon_core.shell:Creating environment descriptor '/home/hem436/Documents/ros2_ws/install/robot_controller/share/robot_controller/hook/cmake_prefix_path.dsv'
[1.705s] INFO:colcon.colcon_core.shell:Creating environment hook '/home/hem436/Documents/ros2_ws/install/robot_controller/share/robot_controller/hook/cmake_prefix_path.sh'
[1.710s] DEBUG:colcon.colcon_core.event_handler.log_command:Invoked command in '/home/hem436/Documents/ros2_ws/build/robot_controller' returned '0': CMAKE_PREFIX_PATH=${CMAKE_PREFIX_PATH}:/home/hem436/Documents/ros2_ws/install/object_detection:/home/hem436/Documents/ros2_ws/install/robot_bringup:/opt/ros/humble PS1=(.env) ${debian_chroot:+($debian_chroot)}\[\033[01;32m\]\u@\[\033[00m\]:\[\033[01;34m\]\w\[\033[00m\]\$ VIRTUAL_ENV_PROMPT=(.env) /usr/bin/cmake --install /home/hem436/Documents/ros2_ws/build/robot_controller
[1.710s] Level 1:colcon.colcon_core.environment:checking '/home/hem436/Documents/ros2_ws/install/robot_controller/lib'
[1.711s] Level 1:colcon.colcon_core.environment:checking '/home/hem436/Documents/ros2_ws/install/robot_controller/bin'
[1.711s] Level 1:colcon.colcon_core.environment:checking '/home/hem436/Documents/ros2_ws/install/robot_controller/lib/pkgconfig/robot_controller.pc'
[1.712s] Level 1:colcon.colcon_core.environment:checking '/home/hem436/Documents/ros2_ws/install/robot_controller/lib/python3.10/site-packages'
[1.713s] Level 1:colcon.colcon_core.environment:checking '/home/hem436/Documents/ros2_ws/install/robot_controller/bin'
[1.714s] INFO:colcon.colcon_core.shell:Creating package script '/home/hem436/Documents/ros2_ws/install/robot_controller/share/robot_controller/package.ps1'
[1.720s] INFO:colcon.colcon_core.shell:Creating package descriptor '/home/hem436/Documents/ros2_ws/install/robot_controller/share/robot_controller/package.dsv'
[1.721s] INFO:colcon.colcon_core.shell:Creating package script '/home/hem436/Documents/ros2_ws/install/robot_controller/share/robot_controller/package.sh'
[1.722s] INFO:colcon.colcon_core.shell:Creating package script '/home/hem436/Documents/ros2_ws/install/robot_controller/share/robot_controller/package.bash'
[1.723s] INFO:colcon.colcon_core.shell:Creating package script '/home/hem436/Documents/ros2_ws/install/robot_controller/share/robot_controller/package.zsh'
[1.731s] Level 1:colcon.colcon_core.environment:create_file_with_runtime_dependencies(/home/hem436/Documents/ros2_ws/install/robot_controller/share/colcon-core/packages/robot_controller)
[1.733s] Level 1:colcon.colcon_core.environment:create_environment_scripts_only(robot_controller)
[1.733s] Level 1:colcon.colcon_core.environment:checking '/home/hem436/Documents/ros2_ws/install/robot_controller' for CMake module files
[1.735s] Level 1:colcon.colcon_core.environment:checking '/home/hem436/Documents/ros2_ws/install/robot_controller' for CMake config files
[1.736s] Level 1:colcon.colcon_core.shell:create_environment_hook('robot_controller', 'cmake_prefix_path')
[1.737s] INFO:colcon.colcon_core.shell:Creating environment hook '/home/hem436/Documents/ros2_ws/install/robot_controller/share/robot_controller/hook/cmake_prefix_path.ps1'
[1.742s] INFO:colcon.colcon_core.shell:Creating environment descriptor '/home/hem436/Documents/ros2_ws/install/robot_controller/share/robot_controller/hook/cmake_prefix_path.dsv'
[1.743s] INFO:colcon.colcon_core.shell:Creating environment hook '/home/hem436/Documents/ros2_ws/install/robot_controller/share/robot_controller/hook/cmake_prefix_path.sh'
[1.745s] Level 1:colcon.colcon_core.environment:checking '/home/hem436/Documents/ros2_ws/install/robot_controller/lib'
[1.745s] Level 1:colcon.colcon_core.environment:checking '/home/hem436/Documents/ros2_ws/install/robot_controller/bin'
[1.745s] Level 1:colcon.colcon_core.environment:checking '/home/hem436/Documents/ros2_ws/install/robot_controller/lib/pkgconfig/robot_controller.pc'
[1.750s] Level 1:colcon.colcon_core.environment:checking '/home/hem436/Documents/ros2_ws/install/robot_controller/lib/python3.10/site-packages'
[1.750s] Level 1:colcon.colcon_core.environment:checking '/home/hem436/Documents/ros2_ws/install/robot_controller/bin'
[1.751s] INFO:colcon.colcon_core.shell:Creating package script '/home/hem436/Documents/ros2_ws/install/robot_controller/share/robot_controller/package.ps1'
[1.756s] INFO:colcon.colcon_core.shell:Creating package descriptor '/home/hem436/Documents/ros2_ws/install/robot_controller/share/robot_controller/package.dsv'
[1.758s] INFO:colcon.colcon_core.shell:Creating package script '/home/hem436/Documents/ros2_ws/install/robot_controller/share/robot_controller/package.sh'
[1.759s] INFO:colcon.colcon_core.shell:Creating package script '/home/hem436/Documents/ros2_ws/install/robot_controller/share/robot_controller/package.bash'
[1.764s] INFO:colcon.colcon_core.shell:Creating package script '/home/hem436/Documents/ros2_ws/install/robot_controller/share/robot_controller/package.zsh'
[1.765s] Level 1:colcon.colcon_core.environment:create_file_with_runtime_dependencies(/home/hem436/Documents/ros2_ws/install/robot_controller/share/colcon-core/packages/robot_controller)
[2.606s] DEBUG:colcon.colcon_core.event_handler.log_command:Invoking command in '/home/hem436/Documents/ros2_ws/src/object_detection': PS1=(.env) ${debian_chroot:+($debian_chroot)}\[\033[01;32m\]\u@\[\033[00m\]:\[\033[01;34m\]\w\[\033[00m\]\$ PYTHONPATH=/home/hem436/Documents/ros2_ws/build/object_detection/prefix_override:/usr/lib/python3/dist-packages/colcon_core/task/python/colcon_distutils_commands:/home/hem436/Documents/ros2_ws/install/object_detection/lib/python3.10/site-packages:${PYTHONPATH} VIRTUAL_ENV_PROMPT=(.env) /usr/bin/python3 -W ignore:setup.py install is deprecated -W ignore:easy_install command is deprecated setup.py egg_info --egg-base ../../build/object_detection build --build-base /home/hem436/Documents/ros2_ws/build/object_detection/build install --record /home/hem436/Documents/ros2_ws/build/object_detection/install.log --single-version-externally-managed install_data
[2.632s] DEBUG:colcon.colcon_core.event_handler.log_command:Invoking command in '/home/hem436/Documents/ros2_ws/src/robot_bringup': PS1=(.env) ${debian_chroot:+($debian_chroot)}\[\033[01;32m\]\u@\[\033[00m\]:\[\033[01;34m\]\w\[\033[00m\]\$ PYTHONPATH=/home/hem436/Documents/ros2_ws/build/robot_bringup/prefix_override:/usr/lib/python3/dist-packages/colcon_core/task/python/colcon_distutils_commands:/home/hem436/Documents/ros2_ws/install/robot_bringup/lib/python3.10/site-packages:${PYTHONPATH} VIRTUAL_ENV_PROMPT=(.env) /usr/bin/python3 -W ignore:setup.py install is deprecated -W ignore:easy_install command is deprecated setup.py egg_info --egg-base ../../build/robot_bringup build --build-base /home/hem436/Documents/ros2_ws/build/robot_bringup/build install --record /home/hem436/Documents/ros2_ws/build/robot_bringup/install.log --single-version-externally-managed install_data
[3.598s] Level 1:colcon.colcon_core.environment:checking '/home/hem436/Documents/ros2_ws/install/object_detection' for CMake module files
[3.600s] DEBUG:colcon.colcon_core.event_handler.log_command:Invoked command in '/home/hem436/Documents/ros2_ws/src/object_detection' returned '0': PS1=(.env) ${debian_chroot:+($debian_chroot)}\[\033[01;32m\]\u@\[\033[00m\]:\[\033[01;34m\]\w\[\033[00m\]\$ PYTHONPATH=/home/hem436/Documents/ros2_ws/build/object_detection/prefix_override:/usr/lib/python3/dist-packages/colcon_core/task/python/colcon_distutils_commands:/home/hem436/Documents/ros2_ws/install/object_detection/lib/python3.10/site-packages:${PYTHONPATH} VIRTUAL_ENV_PROMPT=(.env) /usr/bin/python3 -W ignore:setup.py install is deprecated -W ignore:easy_install command is deprecated setup.py egg_info --egg-base ../../build/object_detection build --build-base /home/hem436/Documents/ros2_ws/build/object_detection/build install --record /home/hem436/Documents/ros2_ws/build/object_detection/install.log --single-version-externally-managed install_data
[3.600s] Level 1:colcon.colcon_core.environment:checking '/home/hem436/Documents/ros2_ws/install/object_detection' for CMake config files
[3.601s] Level 1:colcon.colcon_core.environment:checking '/home/hem436/Documents/ros2_ws/install/object_detection/lib'
[3.602s] Level 1:colcon.colcon_core.environment:checking '/home/hem436/Documents/ros2_ws/install/object_detection/bin'
[3.602s] Level 1:colcon.colcon_core.environment:checking '/home/hem436/Documents/ros2_ws/install/object_detection/lib/pkgconfig/object_detection.pc'
[3.602s] Level 1:colcon.colcon_core.environment:checking '/home/hem436/Documents/ros2_ws/install/object_detection/lib/python3.10/site-packages'
[3.602s] Level 1:colcon.colcon_core.shell:create_environment_hook('object_detection', 'pythonpath')
[3.603s] INFO:colcon.colcon_core.shell:Creating environment hook '/home/hem436/Documents/ros2_ws/install/object_detection/share/object_detection/hook/pythonpath.ps1'
[3.604s] INFO:colcon.colcon_core.shell:Creating environment descriptor '/home/hem436/Documents/ros2_ws/install/object_detection/share/object_detection/hook/pythonpath.dsv'
[3.604s] INFO:colcon.colcon_core.shell:Creating environment hook '/home/hem436/Documents/ros2_ws/install/object_detection/share/object_detection/hook/pythonpath.sh'
[3.605s] Level 1:colcon.colcon_core.environment:checking '/home/hem436/Documents/ros2_ws/install/object_detection/bin'
[3.606s] Level 1:colcon.colcon_core.environment:create_environment_scripts_only(object_detection)
[3.606s] INFO:colcon.colcon_core.shell:Creating package script '/home/hem436/Documents/ros2_ws/install/object_detection/share/object_detection/package.ps1'
[3.608s] INFO:colcon.colcon_core.shell:Creating package descriptor '/home/hem436/Documents/ros2_ws/install/object_detection/share/object_detection/package.dsv'
[3.609s] INFO:colcon.colcon_core.shell:Creating package script '/home/hem436/Documents/ros2_ws/install/object_detection/share/object_detection/package.sh'
[3.609s] INFO:colcon.colcon_core.shell:Creating package script '/home/hem436/Documents/ros2_ws/install/object_detection/share/object_detection/package.bash'
[3.610s] INFO:colcon.colcon_core.shell:Creating package script '/home/hem436/Documents/ros2_ws/install/object_detection/share/object_detection/package.zsh'
[3.611s] Level 1:colcon.colcon_core.environment:create_file_with_runtime_dependencies(/home/hem436/Documents/ros2_ws/install/object_detection/share/colcon-core/packages/object_detection)
[3.625s] Level 1:colcon.colcon_core.environment:checking '/home/hem436/Documents/ros2_ws/install/robot_bringup' for CMake module files
[3.626s] DEBUG:colcon.colcon_core.event_handler.log_command:Invoked command in '/home/hem436/Documents/ros2_ws/src/robot_bringup' returned '0': PS1=(.env) ${debian_chroot:+($debian_chroot)}\[\033[01;32m\]\u@\[\033[00m\]:\[\033[01;34m\]\w\[\033[00m\]\$ PYTHONPATH=/home/hem436/Documents/ros2_ws/build/robot_bringup/prefix_override:/usr/lib/python3/dist-packages/colcon_core/task/python/colcon_distutils_commands:/home/hem436/Documents/ros2_ws/install/robot_bringup/lib/python3.10/site-packages:${PYTHONPATH} VIRTUAL_ENV_PROMPT=(.env) /usr/bin/python3 -W ignore:setup.py install is deprecated -W ignore:easy_install command is deprecated setup.py egg_info --egg-base ../../build/robot_bringup build --build-base /home/hem436/Documents/ros2_ws/build/robot_bringup/build install --record /home/hem436/Documents/ros2_ws/build/robot_bringup/install.log --single-version-externally-managed install_data
[3.626s] Level 1:colcon.colcon_core.environment:checking '/home/hem436/Documents/ros2_ws/install/robot_bringup' for CMake config files
[3.628s] Level 1:colcon.colcon_core.environment:checking '/home/hem436/Documents/ros2_ws/install/robot_bringup/lib'
[3.628s] Level 1:colcon.colcon_core.environment:checking '/home/hem436/Documents/ros2_ws/install/robot_bringup/bin'
[3.628s] Level 1:colcon.colcon_core.environment:checking '/home/hem436/Documents/ros2_ws/install/robot_bringup/lib/pkgconfig/robot_bringup.pc'
[3.628s] Level 1:colcon.colcon_core.environment:checking '/home/hem436/Documents/ros2_ws/install/robot_bringup/lib/python3.10/site-packages'
[3.628s] Level 1:colcon.colcon_core.shell:create_environment_hook('robot_bringup', 'pythonpath')
[3.629s] INFO:colcon.colcon_core.shell:Creating environment hook '/home/hem436/Documents/ros2_ws/install/robot_bringup/share/robot_bringup/hook/pythonpath.ps1'
[3.630s] INFO:colcon.colcon_core.shell:Creating environment descriptor '/home/hem436/Documents/ros2_ws/install/robot_bringup/share/robot_bringup/hook/pythonpath.dsv'
[3.630s] INFO:colcon.colcon_core.shell:Creating environment hook '/home/hem436/Documents/ros2_ws/install/robot_bringup/share/robot_bringup/hook/pythonpath.sh'
[3.631s] Level 1:colcon.colcon_core.environment:checking '/home/hem436/Documents/ros2_ws/install/robot_bringup/bin'
[3.631s] Level 1:colcon.colcon_core.environment:create_environment_scripts_only(robot_bringup)
[3.632s] INFO:colcon.colcon_core.shell:Creating package script '/home/hem436/Documents/ros2_ws/install/robot_bringup/share/robot_bringup/package.ps1'
[3.633s] INFO:colcon.colcon_core.shell:Creating package descriptor '/home/hem436/Documents/ros2_ws/install/robot_bringup/share/robot_bringup/package.dsv'
[3.634s] INFO:colcon.colcon_core.shell:Creating package script '/home/hem436/Documents/ros2_ws/install/robot_bringup/share/robot_bringup/package.sh'
[3.635s] INFO:colcon.colcon_core.shell:Creating package script '/home/hem436/Documents/ros2_ws/install/robot_bringup/share/robot_bringup/package.bash'
[3.636s] INFO:colcon.colcon_core.shell:Creating package script '/home/hem436/Documents/ros2_ws/install/robot_bringup/share/robot_bringup/package.zsh'
[3.636s] Level 1:colcon.colcon_core.environment:create_file_with_runtime_dependencies(/home/hem436/Documents/ros2_ws/install/robot_bringup/share/colcon-core/packages/robot_bringup)
[3.637s] DEBUG:colcon.colcon_parallel_executor.executor.parallel:closing loop
[3.638s] DEBUG:colcon.colcon_parallel_executor.executor.parallel:loop closed
[3.639s] DEBUG:colcon.colcon_parallel_executor.executor.parallel:run_until_complete finished with '0'
[3.639s] DEBUG:colcon.colcon_core.event_reactor:joining thread
[3.646s] INFO:colcon.colcon_core.plugin_system:Skipping extension 'colcon_notification.desktop_notification.terminal_notifier': Not used on non-Darwin systems
[3.647s] INFO:colcon.colcon_core.plugin_system:Skipping extension 'colcon_notification.desktop_notification.win32': Not used on non-Windows systems
[3.647s] INFO:colcon.colcon_notification.desktop_notification:Sending desktop notification using 'notify2'
[3.678s] DEBUG:colcon.colcon_core.event_reactor:joined thread
[3.679s] INFO:colcon.colcon_core.shell:Creating prefix script '/home/hem436/Documents/ros2_ws/install/local_setup.ps1'
[3.682s] INFO:colcon.colcon_core.shell:Creating prefix util module '/home/hem436/Documents/ros2_ws/install/_local_setup_util_ps1.py'
[3.687s] INFO:colcon.colcon_core.shell:Creating prefix chain script '/home/hem436/Documents/ros2_ws/install/setup.ps1'
[3.692s] INFO:colcon.colcon_core.shell:Creating prefix script '/home/hem436/Documents/ros2_ws/install/local_setup.sh'
[3.694s] INFO:colcon.colcon_core.shell:Creating prefix util module '/home/hem436/Documents/ros2_ws/install/_local_setup_util_sh.py'
[3.695s] INFO:colcon.colcon_core.shell:Creating prefix chain script '/home/hem436/Documents/ros2_ws/install/setup.sh'
[3.698s] INFO:colcon.colcon_core.shell:Creating prefix script '/home/hem436/Documents/ros2_ws/install/local_setup.bash'
[3.700s] INFO:colcon.colcon_core.shell:Creating prefix chain script '/home/hem436/Documents/ros2_ws/install/setup.bash'
[3.704s] INFO:colcon.colcon_core.shell:Creating prefix script '/home/hem436/Documents/ros2_ws/install/local_setup.zsh'
[3.706s] INFO:colcon.colcon_core.shell:Creating prefix chain script '/home/hem436/Documents/ros2_ws/install/setup.zsh'
