running egg_info
writing ../../build/robot_controller/robot_controller.egg-info/PKG-INFO
writing dependency_links to ../../build/robot_controller/robot_controller.egg-info/dependency_links.txt
writing entry points to ../../build/robot_controller/robot_controller.egg-info/entry_points.txt
writing requirements to ../../build/robot_controller/robot_controller.egg-info/requires.txt
writing top-level names to ../../build/robot_controller/robot_controller.egg-info/top_level.txt
reading manifest file '../../build/robot_controller/robot_controller.egg-info/SOURCES.txt'
writing manifest file '../../build/robot_controller/robot_controller.egg-info/SOURCES.txt'
running build
running build_py
running install
running install_lib
running install_data
creating /home/hem436/Documents/ros2_ws/install/robot_controller/share/robot_controller/urdf
creating /home/hem436/Documents/ros2_ws/install/robot_controller/share/robot_controller/urdf/standard
copying urdf/standard/weight_block.urdf.xacro -> /home/hem436/Documents/ros2_ws/install/robot_controller/share/robot_controller/urdf/standard/
copying urdf/standard/tower_sensor_plate.urdf.xacro -> /home/hem436/Documents/ros2_ws/install/robot_controller/share/robot_controller/urdf/standard/
copying urdf/standard/turtlebot4.urdf.xacro -> /home/hem436/Documents/ros2_ws/install/robot_controller/share/robot_controller/urdf/standard/
copying urdf/standard/tower_standoff.urdf.xacro -> /home/hem436/Documents/ros2_ws/install/robot_controller/share/robot_controller/urdf/standard/
creating /home/hem436/Documents/ros2_ws/install/robot_controller/share/robot_controllerurdf
creating /home/hem436/Documents/ros2_ws/install/robot_controller/share/robot_controllerurdf/lite
creating /home/hem436/Documents/ros2_ws/install/robot_controller/share/robot_controllerurdf/lite/*
copying urdf/lite/turtlebot4.urdf.xacro -> /home/hem436/Documents/ros2_ws/install/robot_controller/share/robot_controllerurdf/lite/*
running install_egg_info
removing '/home/hem436/Documents/ros2_ws/install/robot_controller/lib/python3.10/site-packages/robot_controller-0.0.0-py3.10.egg-info' (and everything under it)
Copying ../../build/robot_controller/robot_controller.egg-info to /home/hem436/Documents/ros2_ws/install/robot_controller/lib/python3.10/site-packages/robot_controller-0.0.0-py3.10.egg-info
running install_scripts
Installing draw_circle script to /home/hem436/Documents/ros2_ws/install/robot_controller/lib/robot_controller
Installing test_node script to /home/hem436/Documents/ros2_ws/install/robot_controller/lib/robot_controller
writing list of installed files to '/home/hem436/Documents/ros2_ws/build/robot_controller/install.log'
