[9.009s] DEBUG:colcon:Command line arguments: ['/usr/bin/colcon', 'build']
[9.009s] DEBUG:colcon:Parsed command line arguments: Namespace(log_base=None, log_level=None, verb_name='build', build_base='build', install_base='install', merge_install=False, symlink_install=False, test_result_base=None, continue_on_error=False, executor='parallel', parallel_workers=8, event_handlers=None, ignore_user_meta=False, metas=['./colcon.meta'], base_paths=['.'], packages_ignore=None, packages_ignore_regex=None, paths=None, packages_up_to=None, packages_up_to_regex=None, packages_above=None, packages_above_and_dependencies=None, packages_above_depth=None, packages_select_by_dep=None, packages_skip_by_dep=None, packages_skip_up_to=None, packages_select_build_failed=False, packages_skip_build_finished=False, packages_select_test_failures=False, packages_skip_test_passed=False, packages_select=None, packages_skip=None, packages_select_regex=None, packages_skip_regex=None, packages_start=None, packages_end=None, allow_overriding=[], cmake_args=None, cmake_target=None, cmake_target_skip_unavailable=False, cmake_clean_cache=False, cmake_clean_first=False, cmake_force_configure=False, ament_cmake_args=None, catkin_cmake_args=None, catkin_skip_building_tests=False, verb_parser=<colcon_defaults.argument_parser.defaults.DefaultArgumentsDecorator object at 0x7f9255d80370>, verb_extension=<colcon_core.verb.build.BuildVerb object at 0x7f9255d4fe20>, main=<bound method BuildVerb.main of <colcon_core.verb.build.BuildVerb object at 0x7f9255d4fe20>>)
[14.332s] Level 1:colcon.colcon_core.package_discovery:discover_packages(colcon_meta) check parameters
[14.332s] Level 1:colcon.colcon_core.package_discovery:discover_packages(recursive) check parameters
[14.332s] Level 1:colcon.colcon_core.package_discovery:discover_packages(ignore) check parameters
[14.332s] Level 1:colcon.colcon_core.package_discovery:discover_packages(path) check parameters
[14.333s] Level 1:colcon.colcon_core.package_discovery:discover_packages(colcon_meta) discover
[14.333s] Level 1:colcon.colcon_core.package_discovery:discover_packages(recursive) discover
[14.333s] INFO:colcon.colcon_core.package_discovery:Crawling recursively for packages in '/home/hem436/ros2_ws'
[14.333s] Level 1:colcon.colcon_core.package_identification:_identify(.) by extensions ['ignore', 'ignore_ament_install']
[14.333s] Level 1:colcon.colcon_core.package_identification:_identify(.) by extension 'ignore'
[14.333s] Level 1:colcon.colcon_core.package_identification:_identify(.) by extension 'ignore_ament_install'
[14.333s] Level 1:colcon.colcon_core.package_identification:_identify(.) by extensions ['colcon_pkg']
[14.333s] Level 1:colcon.colcon_core.package_identification:_identify(.) by extension 'colcon_pkg'
[14.333s] Level 1:colcon.colcon_core.package_identification:_identify(.) by extensions ['colcon_meta']
[14.334s] Level 1:colcon.colcon_core.package_identification:_identify(.) by extension 'colcon_meta'
[14.334s] Level 1:colcon.colcon_core.package_identification:_identify(.) by extensions ['ros']
[14.334s] Level 1:colcon.colcon_core.package_identification:_identify(.) by extension 'ros'
[14.559s] Level 1:colcon.colcon_core.package_identification:_identify(.) by extensions ['cmake', 'python']
[14.559s] Level 1:colcon.colcon_core.package_identification:_identify(.) by extension 'cmake'
[14.559s] Level 1:colcon.colcon_core.package_identification:_identify(.) by extension 'python'
[14.559s] Level 1:colcon.colcon_core.package_identification:_identify(.) by extensions ['python_setup_py']
[14.559s] Level 1:colcon.colcon_core.package_identification:_identify(.) by extension 'python_setup_py'
[14.559s] Level 1:colcon.colcon_core.package_identification:_identify(build) by extensions ['ignore', 'ignore_ament_install']
[14.560s] Level 1:colcon.colcon_core.package_identification:_identify(build) by extension 'ignore'
[14.560s] Level 1:colcon.colcon_core.package_identification:_identify(build) ignored
[14.560s] Level 1:colcon.colcon_core.package_identification:_identify(install) by extensions ['ignore', 'ignore_ament_install']
[14.560s] Level 1:colcon.colcon_core.package_identification:_identify(install) by extension 'ignore'
[14.560s] Level 1:colcon.colcon_core.package_identification:_identify(install) ignored
[14.560s] Level 1:colcon.colcon_core.package_identification:_identify(log) by extensions ['ignore', 'ignore_ament_install']
[14.560s] Level 1:colcon.colcon_core.package_identification:_identify(log) by extension 'ignore'
[14.560s] Level 1:colcon.colcon_core.package_identification:_identify(log) ignored
[14.561s] Level 1:colcon.colcon_core.package_identification:_identify(src) by extensions ['ignore', 'ignore_ament_install']
[14.561s] Level 1:colcon.colcon_core.package_identification:_identify(src) by extension 'ignore'
[14.561s] Level 1:colcon.colcon_core.package_identification:_identify(src) by extension 'ignore_ament_install'
[14.561s] Level 1:colcon.colcon_core.package_identification:_identify(src) by extensions ['colcon_pkg']
[14.561s] Level 1:colcon.colcon_core.package_identification:_identify(src) by extension 'colcon_pkg'
[14.561s] Level 1:colcon.colcon_core.package_identification:_identify(src) by extensions ['colcon_meta']
[14.561s] Level 1:colcon.colcon_core.package_identification:_identify(src) by extension 'colcon_meta'
[14.562s] Level 1:colcon.colcon_core.package_identification:_identify(src) by extensions ['ros']
[14.562s] Level 1:colcon.colcon_core.package_identification:_identify(src) by extension 'ros'
[14.562s] Level 1:colcon.colcon_core.package_identification:_identify(src) by extensions ['cmake', 'python']
[14.562s] Level 1:colcon.colcon_core.package_identification:_identify(src) by extension 'cmake'
[14.562s] Level 1:colcon.colcon_core.package_identification:_identify(src) by extension 'python'
[14.562s] Level 1:colcon.colcon_core.package_identification:_identify(src) by extensions ['python_setup_py']
[14.562s] Level 1:colcon.colcon_core.package_identification:_identify(src) by extension 'python_setup_py'
[14.562s] Level 1:colcon.colcon_core.package_discovery:discover_packages(recursive) using defaults
[14.562s] Level 1:colcon.colcon_core.package_discovery:discover_packages(ignore) discover
[14.562s] Level 1:colcon.colcon_core.package_discovery:discover_packages(ignore) using defaults
[14.562s] Level 1:colcon.colcon_core.package_discovery:discover_packages(path) discover
[14.562s] Level 1:colcon.colcon_core.package_discovery:discover_packages(path) using defaults
[15.030s] Level 1:colcon.colcon_core.package_discovery:discover_packages(prefix_path) check parameters
[15.030s] Level 1:colcon.colcon_core.package_discovery:discover_packages(prefix_path) discover
[15.134s] DEBUG:colcon.colcon_installed_package_information.package_discovery:Found 375 installed packages in /opt/ros/humble
[15.165s] Level 1:colcon.colcon_core.package_discovery:discover_packages(prefix_path) using defaults
[18.703s] INFO:colcon.colcon_core.executor:Executing jobs using 'parallel' executor
[18.705s] DEBUG:colcon.colcon_parallel_executor.executor.parallel:run_until_complete
[18.705s] DEBUG:colcon.colcon_parallel_executor.executor.parallel:closing loop
[18.706s] DEBUG:colcon.colcon_parallel_executor.executor.parallel:loop closed
[18.706s] DEBUG:colcon.colcon_parallel_executor.executor.parallel:run_until_complete finished with '0'
[18.706s] DEBUG:colcon.colcon_core.event_reactor:joining thread
[19.159s] INFO:colcon.colcon_core.plugin_system:Skipping extension 'colcon_notification.desktop_notification.notify_send': Could not find 'notify-send'
[19.159s] INFO:colcon.colcon_core.plugin_system:Skipping extension 'colcon_notification.desktop_notification.terminal_notifier': Not used on non-Darwin systems
[19.160s] INFO:colcon.colcon_core.plugin_system:Skipping extension 'colcon_notification.desktop_notification.win32': Not used on non-Windows systems
[19.160s] INFO:colcon.colcon_notification.desktop_notification:Sending desktop notification using 'notify2'
[19.160s] DEBUG:colcon.colcon_notification.desktop_notification.notify2:Failed to initialize notify2: org.freedesktop.DBus.Error.FileNotFound: Failed to connect to socket /run/user/1000/bus: No such file or directory
[19.160s] DEBUG:colcon.colcon_core.event_reactor:joined thread
[19.216s] INFO:colcon.colcon_core.plugin_system:Skipping extension 'colcon_core.shell.bat': Not used on non-Windows systems
[19.216s] INFO:colcon.colcon_core.shell:Creating prefix script '/home/hem436/ros2_ws/install/local_setup.ps1'
[19.229s] INFO:colcon.colcon_core.shell:Creating prefix util module '/home/hem436/ros2_ws/install/_local_setup_util_ps1.py'
[19.242s] INFO:colcon.colcon_core.shell:Creating prefix chain script '/home/hem436/ros2_ws/install/setup.ps1'
[19.244s] INFO:colcon.colcon_core.shell:Creating prefix script '/home/hem436/ros2_ws/install/local_setup.sh'
[19.246s] INFO:colcon.colcon_core.shell:Creating prefix util module '/home/hem436/ros2_ws/install/_local_setup_util_sh.py'
[19.247s] INFO:colcon.colcon_core.shell:Creating prefix chain script '/home/hem436/ros2_ws/install/setup.sh'
[19.250s] INFO:colcon.colcon_core.shell:Creating prefix script '/home/hem436/ros2_ws/install/local_setup.bash'
[19.259s] INFO:colcon.colcon_core.shell:Creating prefix chain script '/home/hem436/ros2_ws/install/setup.bash'
[19.261s] INFO:colcon.colcon_core.shell:Creating prefix script '/home/hem436/ros2_ws/install/local_setup.zsh'
[19.282s] INFO:colcon.colcon_core.shell:Creating prefix chain script '/home/hem436/ros2_ws/install/setup.zsh'
