[0.737s] Invoking command in '/home/hem436/Documents/ros2_ws/build/robot_controller': CMAKE_PREFIX_PATH=${CMAKE_PREFIX_PATH}:/home/hem436/Documents/ros2_ws/install/object_detection:/home/hem436/Documents/ros2_ws/install/robot_bringup:/opt/ros/humble PS1=(.env) ${debian_chroot:+($debian_chroot)}\[\033[01;32m\]\u@\[\033[00m\]:\[\033[01;34m\]\w\[\033[00m\]\$ VIRTUAL_ENV_PROMPT=(.env) /usr/bin/cmake --build /home/hem436/Documents/ros2_ws/build/robot_controller -- -j8 -l8
[0.827s] [35m[1mConsolidate compiler generated dependencies of target turtlebot3_drive[0m
[0.833s] [35m[1mConsolidate compiler generated dependencies of target obstacle1[0m
[0.833s] [35m[1mConsolidate compiler generated dependencies of target obstacles[0m
[0.836s] [35m[1mConsolidate compiler generated dependencies of target obstacle2[0m
[0.883s] [ 25%] Built target turtlebot3_drive
[0.995s] [ 50%] Built target obstacle1
[1.012s] [ 75%] Built target obstacle2
[1.015s] [100%] Built target obstacles
[1.058s] Invoked command in '/home/hem436/Documents/ros2_ws/build/robot_controller' returned '0': CMAKE_PREFIX_PATH=${CMAKE_PREFIX_PATH}:/home/hem436/Documents/ros2_ws/install/object_detection:/home/hem436/Documents/ros2_ws/install/robot_bringup:/opt/ros/humble PS1=(.env) ${debian_chroot:+($debian_chroot)}\[\033[01;32m\]\u@\[\033[00m\]:\[\033[01;34m\]\w\[\033[00m\]\$ VIRTUAL_ENV_PROMPT=(.env) /usr/bin/cmake --build /home/hem436/Documents/ros2_ws/build/robot_controller -- -j8 -l8
[1.061s] Invoking command in '/home/hem436/Documents/ros2_ws/build/robot_controller': CMAKE_PREFIX_PATH=${CMAKE_PREFIX_PATH}:/home/hem436/Documents/ros2_ws/install/object_detection:/home/hem436/Documents/ros2_ws/install/robot_bringup:/opt/ros/humble PS1=(.env) ${debian_chroot:+($debian_chroot)}\[\033[01;32m\]\u@\[\033[00m\]:\[\033[01;34m\]\w\[\033[00m\]\$ VIRTUAL_ENV_PROMPT=(.env) /usr/bin/cmake --install /home/hem436/Documents/ros2_ws/build/robot_controller
[1.093s] -- Install configuration: ""
[1.093s] -- Up-to-date: /home/hem436/Documents/ros2_ws/install/robot_controller/lib/robot_controller/turtlebot3_drive
[1.093s] -- Up-to-date: /home/hem436/Documents/ros2_ws/install/robot_controller/share/robot_controller//launch
[1.094s] -- Up-to-date: /home/hem436/Documents/ros2_ws/install/robot_controller/share/robot_controller//launch/turtlebot3_dqn_stage1.launch.py
[1.094s] -- Up-to-date: /home/hem436/Documents/ros2_ws/install/robot_controller/share/robot_controller//launch/robot_state_publisher.launch.py
[1.094s] -- Up-to-date: /home/hem436/Documents/ros2_ws/install/robot_controller/share/robot_controller//launch/turtlebot3_dqn_stage4.launch.py
[1.094s] -- Up-to-date: /home/hem436/Documents/ros2_ws/install/robot_controller/share/robot_controller//launch/empty_world.launch.py
[1.094s] -- Up-to-date: /home/hem436/Documents/ros2_ws/install/robot_controller/share/robot_controller//launch/turtlebot3_dqn_stage3.launch.py
[1.094s] -- Up-to-date: /home/hem436/Documents/ros2_ws/install/robot_controller/share/robot_controller//launch/spawn_turtlebot3.launch.py
[1.094s] -- Up-to-date: /home/hem436/Documents/ros2_ws/install/robot_controller/share/robot_controller//launch/turtlebot3_dqn_stage2.launch.py
[1.095s] -- Up-to-date: /home/hem436/Documents/ros2_ws/install/robot_controller/share/robot_controller//launch/turtlebot3_world.launch.py
[1.095s] -- Up-to-date: /home/hem436/Documents/ros2_ws/install/robot_controller/share/robot_controller//launch/turtlebot3_house.launch.py
[1.095s] -- Up-to-date: /home/hem436/Documents/ros2_ws/install/robot_controller/share/robot_controller//models
[1.095s] -- Up-to-date: /home/hem436/Documents/ros2_ws/install/robot_controller/share/robot_controller//models/turtlebot3_dqn_world
[1.095s] -- Up-to-date: /home/hem436/Documents/ros2_ws/install/robot_controller/share/robot_controller//models/turtlebot3_dqn_world/obstacle_plugin
[1.096s] -- Up-to-date: /home/hem436/Documents/ros2_ws/install/robot_controller/share/robot_controller//models/turtlebot3_dqn_world/obstacle_plugin/obstacles.cc
[1.096s] -- Up-to-date: /home/hem436/Documents/ros2_ws/install/robot_controller/share/robot_controller//models/turtlebot3_dqn_world/obstacle_plugin/CMakeLists.txt
[1.096s] -- Up-to-date: /home/hem436/Documents/ros2_ws/install/robot_controller/share/robot_controller//models/turtlebot3_dqn_world/obstacle_plugin/obstacle2.cc
[1.096s] -- Up-to-date: /home/hem436/Documents/ros2_ws/install/robot_controller/share/robot_controller//models/turtlebot3_dqn_world/obstacle_plugin/obstacle1.cc
[1.096s] -- Up-to-date: /home/hem436/Documents/ros2_ws/install/robot_controller/share/robot_controller//models/turtlebot3_dqn_world/obstacle2
[1.097s] -- Up-to-date: /home/hem436/Documents/ros2_ws/install/robot_controller/share/robot_controller//models/turtlebot3_dqn_world/obstacle2/model.config
[1.097s] -- Up-to-date: /home/hem436/Documents/ros2_ws/install/robot_controller/share/robot_controller//models/turtlebot3_dqn_world/obstacle2/model.sdf
[1.097s] -- Up-to-date: /home/hem436/Documents/ros2_ws/install/robot_controller/share/robot_controller//models/turtlebot3_dqn_world/inner_walls
[1.097s] -- Up-to-date: /home/hem436/Documents/ros2_ws/install/robot_controller/share/robot_controller//models/turtlebot3_dqn_world/inner_walls/model.config
[1.097s] -- Up-to-date: /home/hem436/Documents/ros2_ws/install/robot_controller/share/robot_controller//models/turtlebot3_dqn_world/inner_walls/model.sdf
[1.097s] -- Up-to-date: /home/hem436/Documents/ros2_ws/install/robot_controller/share/robot_controller//models/turtlebot3_dqn_world/goal_box
[1.097s] -- Up-to-date: /home/hem436/Documents/ros2_ws/install/robot_controller/share/robot_controller//models/turtlebot3_dqn_world/goal_box/model.config
[1.098s] -- Up-to-date: /home/hem436/Documents/ros2_ws/install/robot_controller/share/robot_controller//models/turtlebot3_dqn_world/goal_box/model.sdf
[1.098s] -- Up-to-date: /home/hem436/Documents/ros2_ws/install/robot_controller/share/robot_controller//models/turtlebot3_dqn_world/model.config
[1.098s] -- Up-to-date: /home/hem436/Documents/ros2_ws/install/robot_controller/share/robot_controller//models/turtlebot3_dqn_world/obstacles
[1.098s] -- Up-to-date: /home/hem436/Documents/ros2_ws/install/robot_controller/share/robot_controller//models/turtlebot3_dqn_world/obstacles/model.config
[1.099s] -- Up-to-date: /home/hem436/Documents/ros2_ws/install/robot_controller/share/robot_controller//models/turtlebot3_dqn_world/obstacles/model.sdf
[1.099s] -- Up-to-date: /home/hem436/Documents/ros2_ws/install/robot_controller/share/robot_controller//models/turtlebot3_dqn_world/model.sdf
[1.099s] -- Up-to-date: /home/hem436/Documents/ros2_ws/install/robot_controller/share/robot_controller//models/turtlebot3_dqn_world/obstacle1
[1.099s] -- Up-to-date: /home/hem436/Documents/ros2_ws/install/robot_controller/share/robot_controller//models/turtlebot3_dqn_world/obstacle1/model.config
[1.099s] -- Up-to-date: /home/hem436/Documents/ros2_ws/install/robot_controller/share/robot_controller//models/turtlebot3_dqn_world/obstacle1/model.sdf
[1.099s] -- Up-to-date: /home/hem436/Documents/ros2_ws/install/robot_controller/share/robot_controller//models/turtlebot3_waffle_pi
[1.100s] -- Up-to-date: /home/hem436/Documents/ros2_ws/install/robot_controller/share/robot_controller//models/turtlebot3_waffle_pi/model.config
[1.100s] -- Up-to-date: /home/hem436/Documents/ros2_ws/install/robot_controller/share/robot_controller//models/turtlebot3_waffle_pi/model.sdf
[1.100s] -- Up-to-date: /home/hem436/Documents/ros2_ws/install/robot_controller/share/robot_controller//models/turtlebot3_waffle_pi/model-1_4_.sdf
[1.100s] -- Up-to-date: /home/hem436/Documents/ros2_ws/install/robot_controller/share/robot_controller//models/turtlebot3_world
[1.100s] -- Up-to-date: /home/hem436/Documents/ros2_ws/install/robot_controller/share/robot_controller//models/turtlebot3_world/meshes
[1.100s] -- Up-to-date: /home/hem436/Documents/ros2_ws/install/robot_controller/share/robot_controller//models/turtlebot3_world/meshes/wall.dae
[1.101s] -- Up-to-date: /home/hem436/Documents/ros2_ws/install/robot_controller/share/robot_controller//models/turtlebot3_world/meshes/hexagon.dae
[1.101s] -- Up-to-date: /home/hem436/Documents/ros2_ws/install/robot_controller/share/robot_controller//models/turtlebot3_world/model-1_4.sdf
[1.101s] -- Up-to-date: /home/hem436/Documents/ros2_ws/install/robot_controller/share/robot_controller//models/turtlebot3_world/model.config
[1.101s] -- Up-to-date: /home/hem436/Documents/ros2_ws/install/robot_controller/share/robot_controller//models/turtlebot3_world/model.sdf
[1.101s] -- Up-to-date: /home/hem436/Documents/ros2_ws/install/robot_controller/share/robot_controller//models/turtlebot3_common
[1.101s] -- Up-to-date: /home/hem436/Documents/ros2_ws/install/robot_controller/share/robot_controller//models/turtlebot3_common/meshes
[1.101s] -- Up-to-date: /home/hem436/Documents/ros2_ws/install/robot_controller/share/robot_controller//models/turtlebot3_common/meshes/waffle_pi_base.dae
[1.102s] -- Up-to-date: /home/hem436/Documents/ros2_ws/install/robot_controller/share/robot_controller//models/turtlebot3_common/meshes/tire.dae
[1.102s] -- Up-to-date: /home/hem436/Documents/ros2_ws/install/robot_controller/share/robot_controller//models/turtlebot3_common/meshes/waffle_base.dae
[1.102s] -- Up-to-date: /home/hem436/Documents/ros2_ws/install/robot_controller/share/robot_controller//models/turtlebot3_common/meshes/burger_base.dae
[1.102s] -- Up-to-date: /home/hem436/Documents/ros2_ws/install/robot_controller/share/robot_controller//models/turtlebot3_common/meshes/lds.dae
[1.102s] -- Up-to-date: /home/hem436/Documents/ros2_ws/install/robot_controller/share/robot_controller//models/turtlebot3_common/meshes/r200.dae
[1.102s] -- Up-to-date: /home/hem436/Documents/ros2_ws/install/robot_controller/share/robot_controller//models/turtlebot3_common/model.config
[1.102s] -- Up-to-date: /home/hem436/Documents/ros2_ws/install/robot_controller/share/robot_controller//models/turtlebot3_burger
[1.102s] -- Up-to-date: /home/hem436/Documents/ros2_ws/install/robot_controller/share/robot_controller//models/turtlebot3_burger/model-1_4.sdf
[1.102s] -- Up-to-date: /home/hem436/Documents/ros2_ws/install/robot_controller/share/robot_controller//models/turtlebot3_burger/model.config
[1.103s] -- Up-to-date: /home/hem436/Documents/ros2_ws/install/robot_controller/share/robot_controller//models/turtlebot3_burger/model.sdf
[1.103s] -- Up-to-date: /home/hem436/Documents/ros2_ws/install/robot_controller/share/robot_controller//models/turtlebot3_house
[1.103s] -- Up-to-date: /home/hem436/Documents/ros2_ws/install/robot_controller/share/robot_controller//models/turtlebot3_house/model.config
[1.103s] -- Up-to-date: /home/hem436/Documents/ros2_ws/install/robot_controller/share/robot_controller//models/turtlebot3_house/model.sdf
[1.103s] -- Up-to-date: /home/hem436/Documents/ros2_ws/install/robot_controller/share/robot_controller//models/turtlebot3_waffle
[1.103s] -- Up-to-date: /home/hem436/Documents/ros2_ws/install/robot_controller/share/robot_controller//models/turtlebot3_waffle/model-1_4.sdf
[1.103s] -- Up-to-date: /home/hem436/Documents/ros2_ws/install/robot_controller/share/robot_controller//models/turtlebot3_waffle/model.config
[1.103s] -- Up-to-date: /home/hem436/Documents/ros2_ws/install/robot_controller/share/robot_controller//models/turtlebot3_waffle/model.sdf
[1.103s] -- Up-to-date: /home/hem436/Documents/ros2_ws/install/robot_controller/share/robot_controller//rviz
[1.104s] -- Up-to-date: /home/hem436/Documents/ros2_ws/install/robot_controller/share/robot_controller//rviz/tb3_gazebo.rviz
[1.104s] -- Up-to-date: /home/hem436/Documents/ros2_ws/install/robot_controller/share/robot_controller//urdf
[1.104s] -- Up-to-date: /home/hem436/Documents/ros2_ws/install/robot_controller/share/robot_controller//urdf/common_properties.urdf
[1.104s] -- Up-to-date: /home/hem436/Documents/ros2_ws/install/robot_controller/share/robot_controller//urdf/turtlebot3_burger.urdf
[1.105s] -- Up-to-date: /home/hem436/Documents/ros2_ws/install/robot_controller/share/robot_controller//urdf/turtlebot3_waffle_pi.urdf
[1.105s] -- Up-to-date: /home/hem436/Documents/ros2_ws/install/robot_controller/share/robot_controller//urdf/turtlebot3_waffle.urdf
[1.106s] -- Up-to-date: /home/hem436/Documents/ros2_ws/install/robot_controller/share/robot_controller//worlds
[1.107s] -- Up-to-date: /home/hem436/Documents/ros2_ws/install/robot_controller/share/robot_controller//worlds/turtlebot3_dqn_stage4.world
[1.108s] -- Up-to-date: /home/hem436/Documents/ros2_ws/install/robot_controller/share/robot_controller//worlds/empty_world.world
[1.108s] -- Up-to-date: /home/hem436/Documents/ros2_ws/install/robot_controller/share/robot_controller//worlds/turtlebot3_dqn_stage3.world
[1.108s] -- Up-to-date: /home/hem436/Documents/ros2_ws/install/robot_controller/share/robot_controller//worlds/turtlebot3_house.world
[1.109s] -- Up-to-date: /home/hem436/Documents/ros2_ws/install/robot_controller/share/robot_controller//worlds/turtlebot3_dqn_stage2.world
[1.109s] -- Up-to-date: /home/hem436/Documents/ros2_ws/install/robot_controller/share/robot_controller//worlds/turtlebot3_dqn_stage1.world
[1.109s] -- Up-to-date: /home/hem436/Documents/ros2_ws/install/robot_controller/share/robot_controller//worlds/turtlebot3_world.world
[1.110s] -- Up-to-date: /home/hem436/Documents/ros2_ws/install/robot_controller/include/
[1.110s] -- Up-to-date: /home/hem436/Documents/ros2_ws/install/robot_controller/include//robot_controller
[1.110s] -- Up-to-date: /home/hem436/Documents/ros2_ws/install/robot_controller/include//robot_controller/turtlebot3_drive.hpp
[1.110s] -- Up-to-date: /home/hem436/Documents/ros2_ws/install/robot_controller/share/ament_index/resource_index/package_run_dependencies/robot_controller
[1.110s] -- Up-to-date: /home/hem436/Documents/ros2_ws/install/robot_controller/share/ament_index/resource_index/parent_prefix_path/robot_controller
[1.110s] -- Up-to-date: /home/hem436/Documents/ros2_ws/install/robot_controller/share/robot_controller/environment/ament_prefix_path.sh
[1.110s] -- Up-to-date: /home/hem436/Documents/ros2_ws/install/robot_controller/share/robot_controller/environment/ament_prefix_path.dsv
[1.111s] -- Up-to-date: /home/hem436/Documents/ros2_ws/install/robot_controller/share/robot_controller/environment/path.sh
[1.111s] -- Up-to-date: /home/hem436/Documents/ros2_ws/install/robot_controller/share/robot_controller/environment/path.dsv
[1.111s] -- Up-to-date: /home/hem436/Documents/ros2_ws/install/robot_controller/share/robot_controller/local_setup.bash
[1.111s] -- Up-to-date: /home/hem436/Documents/ros2_ws/install/robot_controller/share/robot_controller/local_setup.sh
[1.111s] -- Up-to-date: /home/hem436/Documents/ros2_ws/install/robot_controller/share/robot_controller/local_setup.zsh
[1.111s] -- Up-to-date: /home/hem436/Documents/ros2_ws/install/robot_controller/share/robot_controller/local_setup.dsv
[1.112s] -- Installing: /home/hem436/Documents/ros2_ws/install/robot_controller/share/robot_controller/package.dsv
[1.112s] -- Up-to-date: /home/hem436/Documents/ros2_ws/install/robot_controller/share/ament_index/resource_index/packages/robot_controller
[1.112s] -- Up-to-date: /home/hem436/Documents/ros2_ws/install/robot_controller/share/robot_controller/cmake/ament_cmake_export_include_directories-extras.cmake
[1.112s] -- Up-to-date: /home/hem436/Documents/ros2_ws/install/robot_controller/share/robot_controller/cmake/ament_cmake_export_dependencies-extras.cmake
[1.112s] -- Up-to-date: /home/hem436/Documents/ros2_ws/install/robot_controller/share/robot_controller/cmake/robot_controllerConfig.cmake
[1.112s] -- Up-to-date: /home/hem436/Documents/ros2_ws/install/robot_controller/share/robot_controller/cmake/robot_controllerConfig-version.cmake
[1.112s] -- Up-to-date: /home/hem436/Documents/ros2_ws/install/robot_controller/share/robot_controller/package.xml
[1.113s] Invoked command in '/home/hem436/Documents/ros2_ws/build/robot_controller' returned '0': CMAKE_PREFIX_PATH=${CMAKE_PREFIX_PATH}:/home/hem436/Documents/ros2_ws/install/object_detection:/home/hem436/Documents/ros2_ws/install/robot_bringup:/opt/ros/humble PS1=(.env) ${debian_chroot:+($debian_chroot)}\[\033[01;32m\]\u@\[\033[00m\]:\[\033[01;34m\]\w\[\033[00m\]\$ VIRTUAL_ENV_PROMPT=(.env) /usr/bin/cmake --install /home/hem436/Documents/ros2_ws/build/robot_controller
