[1.674s] Invoking command in '/home/hem436/Documents/ros2_ws/src/object_detection': PYTHONPATH=/home/hem436/Documents/ros2_ws/build/object_detection/prefix_override:/usr/lib/python3/dist-packages/colcon_core/task/python/colcon_distutils_commands:/home/hem436/Documents/ros2_ws/install/object_detection/lib/python3.10/site-packages:${PYTHONPATH} /usr/bin/python3 -W ignore:setup.py install is deprecated -W ignore:easy_install command is deprecated setup.py egg_info --egg-base ../../build/object_detection build --build-base /home/hem436/Documents/ros2_ws/build/object_detection/build install --record /home/hem436/Documents/ros2_ws/build/object_detection/install.log --single-version-externally-managed install_data
[2.083s] running egg_info
[2.108s] writing ../../build/object_detection/object_detection.egg-info/PKG-INFO
[2.108s] writing dependency_links to ../../build/object_detection/object_detection.egg-info/dependency_links.txt
[2.109s] writing entry points to ../../build/object_detection/object_detection.egg-info/entry_points.txt
[2.109s] writing requirements to ../../build/object_detection/object_detection.egg-info/requires.txt
[2.109s] writing top-level names to ../../build/object_detection/object_detection.egg-info/top_level.txt
[2.164s] reading manifest file '../../build/object_detection/object_detection.egg-info/SOURCES.txt'
[2.165s] writing manifest file '../../build/object_detection/object_detection.egg-info/SOURCES.txt'
[2.166s] running build
[2.166s] running build_py
[2.166s] creating /home/hem436/Documents/ros2_ws/build/object_detection/build
[2.167s] creating /home/hem436/Documents/ros2_ws/build/object_detection/build/lib
[2.167s] creating /home/hem436/Documents/ros2_ws/build/object_detection/build/lib/object_detection
[2.167s] copying object_detection/__init__.py -> /home/hem436/Documents/ros2_ws/build/object_detection/build/lib/object_detection
[2.168s] copying object_detection/yolo_detection.py -> /home/hem436/Documents/ros2_ws/build/object_detection/build/lib/object_detection
[2.168s] running install
[2.175s] running install_lib
[2.202s] creating /home/hem436/Documents/ros2_ws/install/object_detection/lib/python3.10/site-packages/object_detection
[2.202s] copying /home/hem436/Documents/ros2_ws/build/object_detection/build/lib/object_detection/__init__.py -> /home/hem436/Documents/ros2_ws/install/object_detection/lib/python3.10/site-packages/object_detection
[2.202s] copying /home/hem436/Documents/ros2_ws/build/object_detection/build/lib/object_detection/yolo_detection.py -> /home/hem436/Documents/ros2_ws/install/object_detection/lib/python3.10/site-packages/object_detection
[2.203s] byte-compiling /home/hem436/Documents/ros2_ws/install/object_detection/lib/python3.10/site-packages/object_detection/__init__.py to __init__.cpython-310.pyc
[2.203s] byte-compiling /home/hem436/Documents/ros2_ws/install/object_detection/lib/python3.10/site-packages/object_detection/yolo_detection.py to yolo_detection.cpython-310.pyc
[2.205s] running install_data
[2.205s] creating /home/hem436/Documents/ros2_ws/install/object_detection/share/ament_index
[2.205s] creating /home/hem436/Documents/ros2_ws/install/object_detection/share/ament_index/resource_index
[2.205s] creating /home/hem436/Documents/ros2_ws/install/object_detection/share/ament_index/resource_index/packages
[2.206s] copying resource/object_detection -> /home/hem436/Documents/ros2_ws/install/object_detection/share/ament_index/resource_index/packages
[2.206s] copying package.xml -> /home/hem436/Documents/ros2_ws/install/object_detection/share/object_detection
[2.206s] copying detections/detected_objects.log -> /home/hem436/Documents/ros2_ws/install/object_detection/share/object_detection
[2.206s] running install_egg_info
[2.235s] Copying ../../build/object_detection/object_detection.egg-info to /home/hem436/Documents/ros2_ws/install/object_detection/lib/python3.10/site-packages/object_detection-0.0.0-py3.10.egg-info
[2.238s] running install_scripts
[2.482s] Installing object_detection script to /home/hem436/Documents/ros2_ws/install/object_detection/lib/object_detection
[2.482s] writing list of installed files to '/home/hem436/Documents/ros2_ws/build/object_detection/install.log'
[2.544s] Invoked command in '/home/hem436/Documents/ros2_ws/src/object_detection' returned '0': PYTHONPATH=/home/hem436/Documents/ros2_ws/build/object_detection/prefix_override:/usr/lib/python3/dist-packages/colcon_core/task/python/colcon_distutils_commands:/home/hem436/Documents/ros2_ws/install/object_detection/lib/python3.10/site-packages:${PYTHONPATH} /usr/bin/python3 -W ignore:setup.py install is deprecated -W ignore:easy_install command is deprecated setup.py egg_info --egg-base ../../build/object_detection build --build-base /home/hem436/Documents/ros2_ws/build/object_detection/build install --record /home/hem436/Documents/ros2_ws/build/object_detection/install.log --single-version-externally-managed install_data
