[2.147s] Invoking command in '/home/hem436/Documents/ros2_ws/src/warehouse_inspection': PYTHONPATH=/home/hem436/Documents/ros2_ws/build/warehouse_inspection/prefix_override:/usr/lib/python3/dist-packages/colcon_core/task/python/colcon_distutils_commands:/home/hem436/Documents/ros2_ws/install/warehouse_inspection/lib/python3.10/site-packages:${PYTHONPATH} /usr/bin/python3 -W ignore:setup.py install is deprecated -W ignore:easy_install command is deprecated setup.py egg_info --egg-base ../../build/warehouse_inspection build --build-base /home/hem436/Documents/ros2_ws/build/warehouse_inspection/build install --record /home/hem436/Documents/ros2_ws/build/warehouse_inspection/install.log --single-version-externally-managed install_data
[2.755s] running egg_info
[2.757s] writing ../../build/warehouse_inspection/warehouse_inspection.egg-info/PKG-INFO
[2.757s] writing dependency_links to ../../build/warehouse_inspection/warehouse_inspection.egg-info/dependency_links.txt
[2.758s] writing entry points to ../../build/warehouse_inspection/warehouse_inspection.egg-info/entry_points.txt
[2.758s] writing requirements to ../../build/warehouse_inspection/warehouse_inspection.egg-info/requires.txt
[2.758s] writing top-level names to ../../build/warehouse_inspection/warehouse_inspection.egg-info/top_level.txt
[2.762s] reading manifest file '../../build/warehouse_inspection/warehouse_inspection.egg-info/SOURCES.txt'
[2.765s] writing manifest file '../../build/warehouse_inspection/warehouse_inspection.egg-info/SOURCES.txt'
[2.766s] running build
[2.766s] running build_py
[2.766s] running install
[2.767s] running install_lib
[2.769s] running install_data
[2.769s] running install_egg_info
[2.773s] removing '/home/hem436/Documents/ros2_ws/install/warehouse_inspection/lib/python3.10/site-packages/warehouse_inspection-0.0.0-py3.10.egg-info' (and everything under it)
[2.774s] Copying ../../build/warehouse_inspection/warehouse_inspection.egg-info to /home/hem436/Documents/ros2_ws/install/warehouse_inspection/lib/python3.10/site-packages/warehouse_inspection-0.0.0-py3.10.egg-info
[2.776s] running install_scripts
[2.824s] writing list of installed files to '/home/hem436/Documents/ros2_ws/build/warehouse_inspection/install.log'
[2.876s] Invoked command in '/home/hem436/Documents/ros2_ws/src/warehouse_inspection' returned '0': PYTHONPATH=/home/hem436/Documents/ros2_ws/build/warehouse_inspection/prefix_override:/usr/lib/python3/dist-packages/colcon_core/task/python/colcon_distutils_commands:/home/hem436/Documents/ros2_ws/install/warehouse_inspection/lib/python3.10/site-packages:${PYTHONPATH} /usr/bin/python3 -W ignore:setup.py install is deprecated -W ignore:easy_install command is deprecated setup.py egg_info --egg-base ../../build/warehouse_inspection build --build-base /home/hem436/Documents/ros2_ws/build/warehouse_inspection/build install --record /home/hem436/Documents/ros2_ws/build/warehouse_inspection/install.log --single-version-externally-managed install_data
