[0.123s] DEBUG:colcon:Command line arguments: ['/usr/bin/colcon', 'build']
[0.124s] DEBUG:colcon:Parsed command line arguments: Namespace(log_base=None, log_level=None, verb_name='build', build_base='build', install_base='install', merge_install=False, symlink_install=False, test_result_base=None, continue_on_error=False, executor='parallel', parallel_workers=8, event_handlers=None, ignore_user_meta=False, metas=['./colcon.meta'], base_paths=['.'], packages_ignore=None, packages_ignore_regex=None, paths=None, packages_up_to=None, packages_up_to_regex=None, packages_above=None, packages_above_and_dependencies=None, packages_above_depth=None, packages_select_by_dep=None, packages_skip_by_dep=None, packages_skip_up_to=None, packages_select_build_failed=False, packages_skip_build_finished=False, packages_select_test_failures=False, packages_skip_test_passed=False, packages_select=None, packages_skip=None, packages_select_regex=None, packages_skip_regex=None, packages_start=None, packages_end=None, allow_overriding=[], cmake_args=None, cmake_target=None, cmake_target_skip_unavailable=False, cmake_clean_cache=False, cmake_clean_first=False, cmake_force_configure=False, ament_cmake_args=None, catkin_cmake_args=None, catkin_skip_building_tests=False, mixin_files=None, mixin=None, verb_parser=<colcon_mixin.mixin.mixin_argument.MixinArgumentDecorator object at 0x7f437464ee30>, verb_extension=<colcon_core.verb.build.BuildVerb object at 0x7f4374743dc0>, main=<bound method BuildVerb.main of <colcon_core.verb.build.BuildVerb object at 0x7f4374743dc0>>, mixin_verb=('build',))
[0.354s] Level 1:colcon.colcon_core.package_discovery:discover_packages(colcon_meta) check parameters
[0.354s] Level 1:colcon.colcon_core.package_discovery:discover_packages(recursive) check parameters
[0.354s] Level 1:colcon.colcon_core.package_discovery:discover_packages(ignore) check parameters
[0.354s] Level 1:colcon.colcon_core.package_discovery:discover_packages(path) check parameters
[0.354s] Level 1:colcon.colcon_core.package_discovery:discover_packages(colcon_meta) discover
[0.354s] Level 1:colcon.colcon_core.package_discovery:discover_packages(recursive) discover
[0.354s] INFO:colcon.colcon_core.package_discovery:Crawling recursively for packages in '/home/hem436/Documents/ros2_ws'
[0.354s] Level 1:colcon.colcon_core.package_identification:_identify(.) by extensions ['ignore', 'ignore_ament_install']
[0.355s] Level 1:colcon.colcon_core.package_identification:_identify(.) by extension 'ignore'
[0.355s] Level 1:colcon.colcon_core.package_identification:_identify(.) by extension 'ignore_ament_install'
[0.355s] Level 1:colcon.colcon_core.package_identification:_identify(.) by extensions ['colcon_pkg']
[0.355s] Level 1:colcon.colcon_core.package_identification:_identify(.) by extension 'colcon_pkg'
[0.355s] Level 1:colcon.colcon_core.package_identification:_identify(.) by extensions ['colcon_meta']
[0.355s] Level 1:colcon.colcon_core.package_identification:_identify(.) by extension 'colcon_meta'
[0.355s] Level 1:colcon.colcon_core.package_identification:_identify(.) by extensions ['ros']
[0.355s] Level 1:colcon.colcon_core.package_identification:_identify(.) by extension 'ros'
[0.436s] Level 1:colcon.colcon_core.package_identification:_identify(.) by extensions ['cmake', 'python']
[0.436s] Level 1:colcon.colcon_core.package_identification:_identify(.) by extension 'cmake'
[0.436s] Level 1:colcon.colcon_core.package_identification:_identify(.) by extension 'python'
[0.436s] Level 1:colcon.colcon_core.package_identification:_identify(.) by extensions ['python_setup_py']
[0.436s] Level 1:colcon.colcon_core.package_identification:_identify(.) by extension 'python_setup_py'
[0.437s] Level 1:colcon.colcon_core.package_identification:_identify(build) by extensions ['ignore', 'ignore_ament_install']
[0.437s] Level 1:colcon.colcon_core.package_identification:_identify(build) by extension 'ignore'
[0.437s] Level 1:colcon.colcon_core.package_identification:_identify(build) ignored
[0.437s] Level 1:colcon.colcon_core.package_identification:_identify(install) by extensions ['ignore', 'ignore_ament_install']
[0.437s] Level 1:colcon.colcon_core.package_identification:_identify(install) by extension 'ignore'
[0.437s] Level 1:colcon.colcon_core.package_identification:_identify(install) ignored
[0.437s] Level 1:colcon.colcon_core.package_identification:_identify(log) by extensions ['ignore', 'ignore_ament_install']
[0.437s] Level 1:colcon.colcon_core.package_identification:_identify(log) by extension 'ignore'
[0.437s] Level 1:colcon.colcon_core.package_identification:_identify(log) ignored
[0.437s] Level 1:colcon.colcon_core.package_identification:_identify(src) by extensions ['ignore', 'ignore_ament_install']
[0.438s] Level 1:colcon.colcon_core.package_identification:_identify(src) by extension 'ignore'
[0.438s] Level 1:colcon.colcon_core.package_identification:_identify(src) by extension 'ignore_ament_install'
[0.438s] Level 1:colcon.colcon_core.package_identification:_identify(src) by extensions ['colcon_pkg']
[0.438s] Level 1:colcon.colcon_core.package_identification:_identify(src) by extension 'colcon_pkg'
[0.438s] Level 1:colcon.colcon_core.package_identification:_identify(src) by extensions ['colcon_meta']
[0.438s] Level 1:colcon.colcon_core.package_identification:_identify(src) by extension 'colcon_meta'
[0.438s] Level 1:colcon.colcon_core.package_identification:_identify(src) by extensions ['ros']
[0.438s] Level 1:colcon.colcon_core.package_identification:_identify(src) by extension 'ros'
[0.438s] Level 1:colcon.colcon_core.package_identification:_identify(src) by extensions ['cmake', 'python']
[0.438s] Level 1:colcon.colcon_core.package_identification:_identify(src) by extension 'cmake'
[0.438s] Level 1:colcon.colcon_core.package_identification:_identify(src) by extension 'python'
[0.438s] Level 1:colcon.colcon_core.package_identification:_identify(src) by extensions ['python_setup_py']
[0.438s] Level 1:colcon.colcon_core.package_identification:_identify(src) by extension 'python_setup_py'
[0.438s] Level 1:colcon.colcon_core.package_identification:_identify(src/robot_controller) by extensions ['ignore', 'ignore_ament_install']
[0.439s] Level 1:colcon.colcon_core.package_identification:_identify(src/robot_controller) by extension 'ignore'
[0.439s] Level 1:colcon.colcon_core.package_identification:_identify(src/robot_controller) by extension 'ignore_ament_install'
[0.439s] Level 1:colcon.colcon_core.package_identification:_identify(src/robot_controller) by extensions ['colcon_pkg']
[0.439s] Level 1:colcon.colcon_core.package_identification:_identify(src/robot_controller) by extension 'colcon_pkg'
[0.439s] Level 1:colcon.colcon_core.package_identification:_identify(src/robot_controller) by extensions ['colcon_meta']
[0.439s] Level 1:colcon.colcon_core.package_identification:_identify(src/robot_controller) by extension 'colcon_meta'
[0.439s] Level 1:colcon.colcon_core.package_identification:_identify(src/robot_controller) by extensions ['ros']
[0.439s] Level 1:colcon.colcon_core.package_identification:_identify(src/robot_controller) by extension 'ros'
[0.442s] DEBUG:colcon.colcon_core.package_identification:Package 'src/robot_controller' with type 'ros.ament_python' and name 'robot_controller'
[0.442s] Level 1:colcon.colcon_core.package_identification:_identify(src/warehouse_inspection) by extensions ['ignore', 'ignore_ament_install']
[0.442s] Level 1:colcon.colcon_core.package_identification:_identify(src/warehouse_inspection) by extension 'ignore'
[0.442s] Level 1:colcon.colcon_core.package_identification:_identify(src/warehouse_inspection) by extension 'ignore_ament_install'
[0.442s] Level 1:colcon.colcon_core.package_identification:_identify(src/warehouse_inspection) by extensions ['colcon_pkg']
[0.442s] Level 1:colcon.colcon_core.package_identification:_identify(src/warehouse_inspection) by extension 'colcon_pkg'
[0.442s] Level 1:colcon.colcon_core.package_identification:_identify(src/warehouse_inspection) by extensions ['colcon_meta']
[0.443s] Level 1:colcon.colcon_core.package_identification:_identify(src/warehouse_inspection) by extension 'colcon_meta'
[0.443s] Level 1:colcon.colcon_core.package_identification:_identify(src/warehouse_inspection) by extensions ['ros']
[0.443s] Level 1:colcon.colcon_core.package_identification:_identify(src/warehouse_inspection) by extension 'ros'
[0.443s] DEBUG:colcon.colcon_core.package_identification:Package 'src/warehouse_inspection' with type 'ros.ament_python' and name 'warehouse_inspection'
[0.443s] Level 1:colcon.colcon_core.package_discovery:discover_packages(recursive) using defaults
[0.444s] Level 1:colcon.colcon_core.package_discovery:discover_packages(ignore) discover
[0.444s] Level 1:colcon.colcon_core.package_discovery:discover_packages(ignore) using defaults
[0.444s] Level 1:colcon.colcon_core.package_discovery:discover_packages(path) discover
[0.444s] Level 1:colcon.colcon_core.package_discovery:discover_packages(path) using defaults
[0.465s] Level 1:colcon.colcon_core.package_discovery:discover_packages(prefix_path) check parameters
[0.466s] Level 1:colcon.colcon_core.package_discovery:discover_packages(prefix_path) discover
[0.469s] DEBUG:colcon.colcon_installed_package_information.package_discovery:Found 270 installed packages in /opt/ros/humble
[0.470s] Level 1:colcon.colcon_core.package_discovery:discover_packages(prefix_path) using defaults
[0.516s] Level 5:colcon.colcon_core.verb:set package 'robot_controller' build argument 'cmake_args' from command line to 'None'
[0.516s] Level 5:colcon.colcon_core.verb:set package 'robot_controller' build argument 'cmake_target' from command line to 'None'
[0.516s] Level 5:colcon.colcon_core.verb:set package 'robot_controller' build argument 'cmake_target_skip_unavailable' from command line to 'False'
[0.516s] Level 5:colcon.colcon_core.verb:set package 'robot_controller' build argument 'cmake_clean_cache' from command line to 'False'
[0.516s] Level 5:colcon.colcon_core.verb:set package 'robot_controller' build argument 'cmake_clean_first' from command line to 'False'
[0.516s] Level 5:colcon.colcon_core.verb:set package 'robot_controller' build argument 'cmake_force_configure' from command line to 'False'
[0.516s] Level 5:colcon.colcon_core.verb:set package 'robot_controller' build argument 'ament_cmake_args' from command line to 'None'
[0.516s] Level 5:colcon.colcon_core.verb:set package 'robot_controller' build argument 'catkin_cmake_args' from command line to 'None'
[0.516s] Level 5:colcon.colcon_core.verb:set package 'robot_controller' build argument 'catkin_skip_building_tests' from command line to 'False'
[0.516s] DEBUG:colcon.colcon_core.verb:Building package 'robot_controller' with the following arguments: {'ament_cmake_args': None, 'build_base': '/home/hem436/Documents/ros2_ws/build/robot_controller', 'catkin_cmake_args': None, 'catkin_skip_building_tests': False, 'cmake_args': None, 'cmake_clean_cache': False, 'cmake_clean_first': False, 'cmake_force_configure': False, 'cmake_target': None, 'cmake_target_skip_unavailable': False, 'install_base': '/home/hem436/Documents/ros2_ws/install/robot_controller', 'merge_install': False, 'path': '/home/hem436/Documents/ros2_ws/src/robot_controller', 'symlink_install': False, 'test_result_base': None}
[0.517s] Level 5:colcon.colcon_core.verb:set package 'warehouse_inspection' build argument 'cmake_args' from command line to 'None'
[0.517s] Level 5:colcon.colcon_core.verb:set package 'warehouse_inspection' build argument 'cmake_target' from command line to 'None'
[0.517s] Level 5:colcon.colcon_core.verb:set package 'warehouse_inspection' build argument 'cmake_target_skip_unavailable' from command line to 'False'
[0.517s] Level 5:colcon.colcon_core.verb:set package 'warehouse_inspection' build argument 'cmake_clean_cache' from command line to 'False'
[0.517s] Level 5:colcon.colcon_core.verb:set package 'warehouse_inspection' build argument 'cmake_clean_first' from command line to 'False'
[0.517s] Level 5:colcon.colcon_core.verb:set package 'warehouse_inspection' build argument 'cmake_force_configure' from command line to 'False'
[0.517s] Level 5:colcon.colcon_core.verb:set package 'warehouse_inspection' build argument 'ament_cmake_args' from command line to 'None'
[0.517s] Level 5:colcon.colcon_core.verb:set package 'warehouse_inspection' build argument 'catkin_cmake_args' from command line to 'None'
[0.517s] Level 5:colcon.colcon_core.verb:set package 'warehouse_inspection' build argument 'catkin_skip_building_tests' from command line to 'False'
[0.517s] DEBUG:colcon.colcon_core.verb:Building package 'warehouse_inspection' with the following arguments: {'ament_cmake_args': None, 'build_base': '/home/hem436/Documents/ros2_ws/build/warehouse_inspection', 'catkin_cmake_args': None, 'catkin_skip_building_tests': False, 'cmake_args': None, 'cmake_clean_cache': False, 'cmake_clean_first': False, 'cmake_force_configure': False, 'cmake_target': None, 'cmake_target_skip_unavailable': False, 'install_base': '/home/hem436/Documents/ros2_ws/install/warehouse_inspection', 'merge_install': False, 'path': '/home/hem436/Documents/ros2_ws/src/warehouse_inspection', 'symlink_install': False, 'test_result_base': None}
[0.517s] INFO:colcon.colcon_core.executor:Executing jobs using 'parallel' executor
[0.518s] DEBUG:colcon.colcon_parallel_executor.executor.parallel:run_until_complete
[0.519s] INFO:colcon.colcon_ros.task.ament_python.build:Building ROS package in '/home/hem436/Documents/ros2_ws/src/robot_controller' with build type 'ament_python'
[0.519s] Level 1:colcon.colcon_core.shell:create_environment_hook('robot_controller', 'ament_prefix_path')
[0.522s] INFO:colcon.colcon_core.plugin_system:Skipping extension 'colcon_core.shell.bat': Not used on non-Windows systems
[0.523s] INFO:colcon.colcon_core.shell:Creating environment hook '/home/hem436/Documents/ros2_ws/install/robot_controller/share/robot_controller/hook/ament_prefix_path.ps1'
[0.524s] INFO:colcon.colcon_core.shell:Creating environment descriptor '/home/hem436/Documents/ros2_ws/install/robot_controller/share/robot_controller/hook/ament_prefix_path.dsv'
[0.524s] INFO:colcon.colcon_core.shell:Creating environment hook '/home/hem436/Documents/ros2_ws/install/robot_controller/share/robot_controller/hook/ament_prefix_path.sh'
[0.525s] INFO:colcon.colcon_core.shell:Skip shell extension 'powershell' for command environment: Not usable outside of PowerShell
[0.525s] DEBUG:colcon.colcon_core.shell:Skip shell extension 'dsv' for command environment
[0.529s] INFO:colcon.colcon_ros.task.ament_python.build:Building ROS package in '/home/hem436/Documents/ros2_ws/src/warehouse_inspection' with build type 'ament_python'
[0.529s] Level 1:colcon.colcon_core.shell:create_environment_hook('warehouse_inspection', 'ament_prefix_path')
[0.530s] INFO:colcon.colcon_core.shell:Creating environment hook '/home/hem436/Documents/ros2_ws/install/warehouse_inspection/share/warehouse_inspection/hook/ament_prefix_path.ps1'
[0.531s] INFO:colcon.colcon_core.shell:Creating environment descriptor '/home/hem436/Documents/ros2_ws/install/warehouse_inspection/share/warehouse_inspection/hook/ament_prefix_path.dsv'
[0.532s] INFO:colcon.colcon_core.shell:Creating environment hook '/home/hem436/Documents/ros2_ws/install/warehouse_inspection/share/warehouse_inspection/hook/ament_prefix_path.sh'
[0.533s] INFO:colcon.colcon_core.shell:Skip shell extension 'powershell' for command environment: Not usable outside of PowerShell
[0.534s] DEBUG:colcon.colcon_core.shell:Skip shell extension 'dsv' for command environment
[0.932s] INFO:colcon.colcon_core.task.python.build:Building Python package in '/home/hem436/Documents/ros2_ws/src/robot_controller'
[0.933s] INFO:colcon.colcon_core.shell:Skip shell extension 'powershell' for command environment: Not usable outside of PowerShell
[0.933s] DEBUG:colcon.colcon_core.shell:Skip shell extension 'dsv' for command environment
[1.328s] INFO:colcon.colcon_core.task.python.build:Building Python package in '/home/hem436/Documents/ros2_ws/src/warehouse_inspection'
[1.329s] INFO:colcon.colcon_core.shell:Skip shell extension 'powershell' for command environment: Not usable outside of PowerShell
[1.329s] DEBUG:colcon.colcon_core.shell:Skip shell extension 'dsv' for command environment
[1.848s] DEBUG:colcon.colcon_core.event_handler.log_command:Invoking command in '/home/hem436/Documents/ros2_ws/src/robot_controller': PYTHONPATH=/home/hem436/Documents/ros2_ws/build/robot_controller/prefix_override:/usr/lib/python3/dist-packages/colcon_core/task/python/colcon_distutils_commands:/home/hem436/Documents/ros2_ws/install/robot_controller/lib/python3.10/site-packages:${PYTHONPATH} /usr/bin/python3 -W ignore:setup.py install is deprecated -W ignore:easy_install command is deprecated setup.py egg_info --egg-base ../../build/robot_controller build --build-base /home/hem436/Documents/ros2_ws/build/robot_controller/build install --record /home/hem436/Documents/ros2_ws/build/robot_controller/install.log --single-version-externally-managed install_data
[1.858s] DEBUG:colcon.colcon_core.event_handler.log_command:Invoking command in '/home/hem436/Documents/ros2_ws/src/warehouse_inspection': PYTHONPATH=/home/hem436/Documents/ros2_ws/build/warehouse_inspection/prefix_override:/usr/lib/python3/dist-packages/colcon_core/task/python/colcon_distutils_commands:/home/hem436/Documents/ros2_ws/install/warehouse_inspection/lib/python3.10/site-packages:${PYTHONPATH} /usr/bin/python3 -W ignore:setup.py install is deprecated -W ignore:easy_install command is deprecated setup.py egg_info --egg-base ../../build/warehouse_inspection build --build-base /home/hem436/Documents/ros2_ws/build/warehouse_inspection/build install --record /home/hem436/Documents/ros2_ws/build/warehouse_inspection/install.log --single-version-externally-managed install_data
[2.313s] DEBUG:colcon.colcon_core.event_handler.log_command:Invoked command in '/home/hem436/Documents/ros2_ws/src/robot_controller' returned '0': PYTHONPATH=/home/hem436/Documents/ros2_ws/build/robot_controller/prefix_override:/usr/lib/python3/dist-packages/colcon_core/task/python/colcon_distutils_commands:/home/hem436/Documents/ros2_ws/install/robot_controller/lib/python3.10/site-packages:${PYTHONPATH} /usr/bin/python3 -W ignore:setup.py install is deprecated -W ignore:easy_install command is deprecated setup.py egg_info --egg-base ../../build/robot_controller build --build-base /home/hem436/Documents/ros2_ws/build/robot_controller/build install --record /home/hem436/Documents/ros2_ws/build/robot_controller/install.log --single-version-externally-managed install_data
[2.317s] Level 1:colcon.colcon_core.environment:checking '/home/hem436/Documents/ros2_ws/install/robot_controller' for CMake module files
[2.317s] Level 1:colcon.colcon_core.environment:checking '/home/hem436/Documents/ros2_ws/install/robot_controller' for CMake config files
[2.318s] Level 1:colcon.colcon_core.environment:checking '/home/hem436/Documents/ros2_ws/install/robot_controller/lib'
[2.319s] Level 1:colcon.colcon_core.environment:checking '/home/hem436/Documents/ros2_ws/install/robot_controller/bin'
[2.319s] Level 1:colcon.colcon_core.environment:checking '/home/hem436/Documents/ros2_ws/install/robot_controller/lib/pkgconfig/robot_controller.pc'
[2.319s] Level 1:colcon.colcon_core.environment:checking '/home/hem436/Documents/ros2_ws/install/robot_controller/lib/python3.10/site-packages'
[2.319s] Level 1:colcon.colcon_core.shell:create_environment_hook('robot_controller', 'pythonpath')
[2.320s] INFO:colcon.colcon_core.shell:Creating environment hook '/home/hem436/Documents/ros2_ws/install/robot_controller/share/robot_controller/hook/pythonpath.ps1'
[2.320s] INFO:colcon.colcon_core.shell:Creating environment descriptor '/home/hem436/Documents/ros2_ws/install/robot_controller/share/robot_controller/hook/pythonpath.dsv'
[2.321s] INFO:colcon.colcon_core.shell:Creating environment hook '/home/hem436/Documents/ros2_ws/install/robot_controller/share/robot_controller/hook/pythonpath.sh'
[2.322s] Level 1:colcon.colcon_core.environment:checking '/home/hem436/Documents/ros2_ws/install/robot_controller/bin'
[2.322s] Level 1:colcon.colcon_core.environment:create_environment_scripts_only(robot_controller)
[2.322s] INFO:colcon.colcon_core.shell:Creating package script '/home/hem436/Documents/ros2_ws/install/robot_controller/share/robot_controller/package.ps1'
[2.323s] INFO:colcon.colcon_core.shell:Creating package descriptor '/home/hem436/Documents/ros2_ws/install/robot_controller/share/robot_controller/package.dsv'
[2.324s] INFO:colcon.colcon_core.shell:Creating package script '/home/hem436/Documents/ros2_ws/install/robot_controller/share/robot_controller/package.sh'
[2.325s] INFO:colcon.colcon_core.shell:Creating package script '/home/hem436/Documents/ros2_ws/install/robot_controller/share/robot_controller/package.bash'
[2.326s] INFO:colcon.colcon_core.shell:Creating package script '/home/hem436/Documents/ros2_ws/install/robot_controller/share/robot_controller/package.zsh'
[2.328s] Level 1:colcon.colcon_core.environment:create_file_with_runtime_dependencies(/home/hem436/Documents/ros2_ws/install/robot_controller/share/colcon-core/packages/robot_controller)
[2.329s] Level 1:colcon.colcon_core.environment:checking '/home/hem436/Documents/ros2_ws/install/warehouse_inspection' for CMake module files
[2.330s] Level 1:colcon.colcon_core.environment:checking '/home/hem436/Documents/ros2_ws/install/warehouse_inspection' for CMake config files
[2.331s] DEBUG:colcon.colcon_core.event_handler.log_command:Invoked command in '/home/hem436/Documents/ros2_ws/src/warehouse_inspection' returned '0': PYTHONPATH=/home/hem436/Documents/ros2_ws/build/warehouse_inspection/prefix_override:/usr/lib/python3/dist-packages/colcon_core/task/python/colcon_distutils_commands:/home/hem436/Documents/ros2_ws/install/warehouse_inspection/lib/python3.10/site-packages:${PYTHONPATH} /usr/bin/python3 -W ignore:setup.py install is deprecated -W ignore:easy_install command is deprecated setup.py egg_info --egg-base ../../build/warehouse_inspection build --build-base /home/hem436/Documents/ros2_ws/build/warehouse_inspection/build install --record /home/hem436/Documents/ros2_ws/build/warehouse_inspection/install.log --single-version-externally-managed install_data
[2.332s] Level 1:colcon.colcon_core.environment:checking '/home/hem436/Documents/ros2_ws/install/warehouse_inspection/lib'
[2.332s] Level 1:colcon.colcon_core.environment:checking '/home/hem436/Documents/ros2_ws/install/warehouse_inspection/bin'
[2.332s] Level 1:colcon.colcon_core.environment:checking '/home/hem436/Documents/ros2_ws/install/warehouse_inspection/lib/pkgconfig/warehouse_inspection.pc'
[2.333s] Level 1:colcon.colcon_core.environment:checking '/home/hem436/Documents/ros2_ws/install/warehouse_inspection/lib/python3.10/site-packages'
[2.333s] Level 1:colcon.colcon_core.shell:create_environment_hook('warehouse_inspection', 'pythonpath')
[2.334s] INFO:colcon.colcon_core.shell:Creating environment hook '/home/hem436/Documents/ros2_ws/install/warehouse_inspection/share/warehouse_inspection/hook/pythonpath.ps1'
[2.335s] INFO:colcon.colcon_core.shell:Creating environment descriptor '/home/hem436/Documents/ros2_ws/install/warehouse_inspection/share/warehouse_inspection/hook/pythonpath.dsv'
[2.336s] INFO:colcon.colcon_core.shell:Creating environment hook '/home/hem436/Documents/ros2_ws/install/warehouse_inspection/share/warehouse_inspection/hook/pythonpath.sh'
[2.337s] Level 1:colcon.colcon_core.environment:checking '/home/hem436/Documents/ros2_ws/install/warehouse_inspection/bin'
[2.337s] Level 1:colcon.colcon_core.environment:create_environment_scripts_only(warehouse_inspection)
[2.337s] INFO:colcon.colcon_core.shell:Creating package script '/home/hem436/Documents/ros2_ws/install/warehouse_inspection/share/warehouse_inspection/package.ps1'
[2.338s] INFO:colcon.colcon_core.shell:Creating package descriptor '/home/hem436/Documents/ros2_ws/install/warehouse_inspection/share/warehouse_inspection/package.dsv'
[2.339s] INFO:colcon.colcon_core.shell:Creating package script '/home/hem436/Documents/ros2_ws/install/warehouse_inspection/share/warehouse_inspection/package.sh'
[2.341s] INFO:colcon.colcon_core.shell:Creating package script '/home/hem436/Documents/ros2_ws/install/warehouse_inspection/share/warehouse_inspection/package.bash'
[2.342s] INFO:colcon.colcon_core.shell:Creating package script '/home/hem436/Documents/ros2_ws/install/warehouse_inspection/share/warehouse_inspection/package.zsh'
[2.343s] Level 1:colcon.colcon_core.environment:create_file_with_runtime_dependencies(/home/hem436/Documents/ros2_ws/install/warehouse_inspection/share/colcon-core/packages/warehouse_inspection)
[2.343s] DEBUG:colcon.colcon_parallel_executor.executor.parallel:closing loop
[2.344s] DEBUG:colcon.colcon_parallel_executor.executor.parallel:loop closed
[2.345s] DEBUG:colcon.colcon_parallel_executor.executor.parallel:run_until_complete finished with '0'
[2.345s] DEBUG:colcon.colcon_core.event_reactor:joining thread
[2.358s] INFO:colcon.colcon_core.plugin_system:Skipping extension 'colcon_notification.desktop_notification.terminal_notifier': Not used on non-Darwin systems
[2.359s] INFO:colcon.colcon_core.plugin_system:Skipping extension 'colcon_notification.desktop_notification.win32': Not used on non-Windows systems
[2.359s] INFO:colcon.colcon_notification.desktop_notification:Sending desktop notification using 'notify2'
[2.397s] DEBUG:colcon.colcon_core.event_reactor:joined thread
[2.397s] INFO:colcon.colcon_core.shell:Creating prefix script '/home/hem436/Documents/ros2_ws/install/local_setup.ps1'
[2.400s] INFO:colcon.colcon_core.shell:Creating prefix util module '/home/hem436/Documents/ros2_ws/install/_local_setup_util_ps1.py'
[2.404s] INFO:colcon.colcon_core.shell:Creating prefix chain script '/home/hem436/Documents/ros2_ws/install/setup.ps1'
[2.407s] INFO:colcon.colcon_core.shell:Creating prefix script '/home/hem436/Documents/ros2_ws/install/local_setup.sh'
[2.408s] INFO:colcon.colcon_core.shell:Creating prefix util module '/home/hem436/Documents/ros2_ws/install/_local_setup_util_sh.py'
[2.410s] INFO:colcon.colcon_core.shell:Creating prefix chain script '/home/hem436/Documents/ros2_ws/install/setup.sh'
[2.412s] INFO:colcon.colcon_core.shell:Creating prefix script '/home/hem436/Documents/ros2_ws/install/local_setup.bash'
[2.414s] INFO:colcon.colcon_core.shell:Creating prefix chain script '/home/hem436/Documents/ros2_ws/install/setup.bash'
[2.416s] INFO:colcon.colcon_core.shell:Creating prefix script '/home/hem436/Documents/ros2_ws/install/local_setup.zsh'
[2.418s] INFO:colcon.colcon_core.shell:Creating prefix chain script '/home/hem436/Documents/ros2_ws/install/setup.zsh'
