[0.035s] Invoking command in '/home/hem436/Documents/ros2_ws/build/aws_robomaker_small_warehouse_world': CMAKE_PREFIX_PATH=${CMAKE_PREFIX_PATH}:/home/hem436/Documents/ros2_ws/install/robot_bringup:/opt/ros/humble /usr/bin/cmake /home/hem436/Documents/ros2_ws/src/aws-robomaker-small-warehouse-world -DCMAKE_INSTALL_PREFIX=/home/hem436/Documents/ros2_ws/install/aws_robomaker_small_warehouse_world
[0.877s] -- The C compiler identification is GNU 11.4.0
[0.877s] -- The CXX compiler identification is GNU 11.4.0
[0.878s] -- Detecting C compiler ABI info
[0.878s] -- Detecting C compiler ABI info - done
[0.878s] -- Check for working C compiler: /usr/bin/cc - skipped
[0.878s] -- Detecting C compile features
[0.878s] -- Detecting C compile features - done
[0.878s] -- Detecting CXX compiler ABI info
[0.879s] -- Detecting CXX compiler ABI info - done
[0.879s] -- Check for working CXX compiler: /usr/bin/c++ - skipped
[0.879s] -- Detecting CXX compile features
[0.879s] -- Detecting CXX compile features - done
[0.879s] -- Found ament_cmake: 1.3.11 (/opt/ros/humble/share/ament_cmake/cmake)
[1.516s] -- Found Python3: /usr/bin/python3 (found version "3.10.12") found components: Interpreter 
[1.731s] -- Found gazebo_ros: 3.7.0 (/opt/ros/humble/share/gazebo_ros/cmake)
[1.831s] -- Found rosidl_generator_c: 3.1.6 (/opt/ros/humble/share/rosidl_generator_c/cmake)
[1.843s] -- Found rosidl_adapter: 3.1.6 (/opt/ros/humble/share/rosidl_adapter/cmake)
[1.860s] -- Found rosidl_generator_cpp: 3.1.6 (/opt/ros/humble/share/rosidl_generator_cpp/cmake)
[1.886s] -- Using all available rosidl_typesupport_c: rosidl_typesupport_fastrtps_c;rosidl_typesupport_introspection_c
[1.924s] -- Using all available rosidl_typesupport_cpp: rosidl_typesupport_fastrtps_cpp;rosidl_typesupport_introspection_cpp
[2.010s] -- Found rmw_implementation_cmake: 6.1.2 (/opt/ros/humble/share/rmw_implementation_cmake/cmake)
[2.016s] -- Found rmw_cyclonedds_cpp: 1.3.4 (/opt/ros/humble/share/rmw_cyclonedds_cpp/cmake)
[2.060s] -- Using RMW implementation 'rmw_cyclonedds_cpp' as default
[2.075s] -- Looking for pthread.h
[2.224s] -- Looking for pthread.h - found
[2.225s] -- Performing Test CMAKE_HAVE_LIBC_PTHREAD
[2.402s] -- Performing Test CMAKE_HAVE_LIBC_PTHREAD - Success
[2.408s] -- Found Threads: TRUE  
[2.581s] -- Found PkgConfig: /usr/bin/pkg-config (found version "0.29.2") 
[2.585s] -- Checking for module 'bullet>=2.82'
[2.626s] --   Found bullet, version 3.05
[2.903s] -- Found fcl: /usr/include (found suitable version "0.7.0", minimum required is "0.5.0") 
[3.030s] -- Found assimp: /usr/include (found version "5.2.0") 
[3.083s] -- Found DART: /usr/include (Required is at least version "6.6") found components: dart 
[3.157s] -- Found Boost: /usr/lib/x86_64-linux-gnu/cmake/Boost-1.74.0/BoostConfig.cmake (found suitable version "1.74.0", minimum required is "1.40.0") found components: thread system filesystem program_options regex iostreams date_time 
[3.194s] -- Found Protobuf: /usr/lib/x86_64-linux-gnu/libprotobuf.so (found version "3.12.4") 
[3.208s] -- Looking for ignition-math6 -- found version 6.15.1
[3.223s] -- Searching for dependencies of ignition-math6
[3.225s] -- Looking for OGRE...
[3.226s] -- OGRE_PREFIX_WATCH changed.
[3.237s] -- Checking for module 'OGRE'
[3.265s] --   Found OGRE, version 1.9.0
[3.342s] -- Found Ogre Ghadamon (1.9.0)
[3.365s] -- Found OGRE: optimized;/usr/lib/x86_64-linux-gnu/libOgreMain.so;debug;/usr/lib/x86_64-linux-gnu/libOgreMain.so
[3.380s] -- Looking for OGRE_Paging...
[3.395s] -- Found OGRE_Paging: optimized;/usr/lib/x86_64-linux-gnu/libOgrePaging.so;debug;/usr/lib/x86_64-linux-gnu/libOgrePaging.so
[3.395s] -- Looking for OGRE_Terrain...
[3.410s] -- Found OGRE_Terrain: optimized;/usr/lib/x86_64-linux-gnu/libOgreTerrain.so;debug;/usr/lib/x86_64-linux-gnu/libOgreTerrain.so
[3.410s] -- Looking for OGRE_Property...
[3.426s] -- Found OGRE_Property: optimized;/usr/lib/x86_64-linux-gnu/libOgreProperty.so;debug;/usr/lib/x86_64-linux-gnu/libOgreProperty.so
[3.427s] -- Looking for OGRE_RTShaderSystem...
[3.442s] -- Found OGRE_RTShaderSystem: optimized;/usr/lib/x86_64-linux-gnu/libOgreRTShaderSystem.so;debug;/usr/lib/x86_64-linux-gnu/libOgreRTShaderSystem.so
[3.442s] -- Looking for OGRE_Volume...
[3.457s] -- Found OGRE_Volume: optimized;/usr/lib/x86_64-linux-gnu/libOgreVolume.so;debug;/usr/lib/x86_64-linux-gnu/libOgreVolume.so
[3.457s] -- Looking for OGRE_Overlay...
[3.473s] -- Found OGRE_Overlay: optimized;/usr/lib/x86_64-linux-gnu/libOgreOverlay.so;debug;/usr/lib/x86_64-linux-gnu/libOgreOverlay.so
[3.778s] -- Looking for ignition-math6 -- found version 6.15.1
[3.782s] -- Looking for ignition-transport8 -- found version 8.2.1
[3.783s] -- Searching for dependencies of ignition-transport8
[3.823s] -- Found Protobuf: /usr/lib/x86_64-linux-gnu/libprotobuf.so (found suitable version "3.12.4", minimum required is "3") 
[3.856s] -- Config-file not installed for ZeroMQ -- checking for pkg-config
[3.869s] -- Checking for module 'libzmq >= 4'
[3.904s] --   Found libzmq , version 4.3.4
[4.004s] -- Found ZeroMQ: TRUE (Required is at least version "4") 
[4.013s] -- Checking for module 'uuid'
[4.046s] --   Found uuid, version 2.37.2
[4.126s] -- Found UUID: TRUE  
[4.130s] -- Looking for ignition-msgs5 -- found version 5.8.1
[4.131s] -- Searching for dependencies of ignition-msgs5
[4.169s] -- Looking for ignition-math6 -- found version 6.15.1
[4.179s] -- Checking for module 'tinyxml2'
[4.208s] --   Found tinyxml2, version 9.0.0
[4.287s] -- Looking for ignition-msgs5 -- found version 5.8.1
[4.293s] -- Looking for ignition-common3 -- found version 3.14.0
[4.294s] -- Searching for dependencies of ignition-common3
[4.294s] -- Looking for dlfcn.h - found
[4.296s] -- Looking for libdl - found
[4.298s] -- Found DL: TRUE  
[4.322s] -- Found tinyobjloader: /usr/lib/x86_64-linux-gnu/cmake/tinyobjloader/tinyobjloader-config.cmake (found version "2.0.0") 
[4.323s] -- Searching for <ignition-common3> component [graphics]
[4.329s] -- Looking for ignition-common3-graphics -- found version 3.14.0
[4.329s] -- Searching for dependencies of ignition-common3-graphics
[4.330s] -- Looking for ignition-math6 -- found version 6.15.1
[4.336s] -- Looking for ignition-fuel_tools4 -- found version 4.4.0
[4.336s] -- Searching for dependencies of ignition-fuel_tools4
[4.516s] -- Found CURL: /usr/lib/x86_64-linux-gnu/libcurl.so (found version "7.81.0")  
[4.535s] -- Checking for module 'jsoncpp'
[4.565s] --   Found jsoncpp, version 1.9.5
[4.652s] -- Found JSONCPP: TRUE  
[4.662s] -- Checking for module 'libzip'
[4.693s] --   Found libzip, version 1.7.3
[4.781s] -- Found ZIP: TRUE  
[4.782s] -- Looking for ignition-common3 -- found version 3.14.0
[4.783s] -- Looking for ignition-math6 -- found version 6.15.1
[4.784s] -- Looking for ignition-msgs5 -- found version 5.8.1
[4.792s] -- Gazebo version: 11.10
[4.792s] -- Checking for module 'tbb'
[4.822s] --   Found tbb, version 2021.5.0
[5.106s] -- Configuring done
[5.124s] -- Generating done
[5.133s] -- Build files have been written to: /home/hem436/Documents/ros2_ws/build/aws_robomaker_small_warehouse_world
