[1.327s] Invoking command in '/home/hem436/Documents/ros2_ws/src/robot_controller': PYTHONPATH=/home/hem436/Documents/ros2_ws/build/robot_controller/prefix_override:/usr/lib/python3/dist-packages/colcon_core/task/python/colcon_distutils_commands:/home/hem436/Documents/ros2_ws/install/robot_controller/lib/python3.10/site-packages:${PYTHONPATH} /usr/bin/python3 -W ignore:setup.py install is deprecated -W ignore:easy_install command is deprecated setup.py egg_info --egg-base ../../build/robot_controller build --build-base /home/hem436/Documents/ros2_ws/build/robot_controller/build install --record /home/hem436/Documents/ros2_ws/build/robot_controller/install.log --single-version-externally-managed install_data
[1.696s] running egg_info
[1.697s] writing ../../build/robot_controller/robot_controller.egg-info/PKG-INFO
[1.698s] writing dependency_links to ../../build/robot_controller/robot_controller.egg-info/dependency_links.txt
[1.698s] writing entry points to ../../build/robot_controller/robot_controller.egg-info/entry_points.txt
[1.698s] writing requirements to ../../build/robot_controller/robot_controller.egg-info/requires.txt
[1.699s] writing top-level names to ../../build/robot_controller/robot_controller.egg-info/top_level.txt
[1.702s] reading manifest file '../../build/robot_controller/robot_controller.egg-info/SOURCES.txt'
[1.703s] writing manifest file '../../build/robot_controller/robot_controller.egg-info/SOURCES.txt'
[1.704s] running build
[1.704s] running build_py
[1.704s] copying robot_controller/robot_node.py -> /home/hem436/Documents/ros2_ws/build/robot_controller/build/lib/robot_controller
[1.704s] running install
[1.705s] running install_lib
[1.706s] copying /home/hem436/Documents/ros2_ws/build/robot_controller/build/lib/robot_controller/robot_node.py -> /home/hem436/Documents/ros2_ws/install/robot_controller/lib/python3.10/site-packages/robot_controller
[1.707s] byte-compiling /home/hem436/Documents/ros2_ws/install/robot_controller/lib/python3.10/site-packages/robot_controller/robot_node.py to robot_node.cpython-310.pyc
[1.708s] running install_data
[1.708s] running install_egg_info
[1.713s] removing '/home/hem436/Documents/ros2_ws/install/robot_controller/lib/python3.10/site-packages/robot_controller-0.0.0-py3.10.egg-info' (and everything under it)
[1.717s] Copying ../../build/robot_controller/robot_controller.egg-info to /home/hem436/Documents/ros2_ws/install/robot_controller/lib/python3.10/site-packages/robot_controller-0.0.0-py3.10.egg-info
[1.717s] running install_scripts
[1.745s] writing list of installed files to '/home/hem436/Documents/ros2_ws/build/robot_controller/install.log'
[1.793s] Invoked command in '/home/hem436/Documents/ros2_ws/src/robot_controller' returned '0': PYTHONPATH=/home/hem436/Documents/ros2_ws/build/robot_controller/prefix_override:/usr/lib/python3/dist-packages/colcon_core/task/python/colcon_distutils_commands:/home/hem436/Documents/ros2_ws/install/robot_controller/lib/python3.10/site-packages:${PYTHONPATH} /usr/bin/python3 -W ignore:setup.py install is deprecated -W ignore:easy_install command is deprecated setup.py egg_info --egg-base ../../build/robot_controller build --build-base /home/hem436/Documents/ros2_ws/build/robot_controller/build install --record /home/hem436/Documents/ros2_ws/build/robot_controller/install.log --single-version-externally-managed install_data
