[2.052s] Invoking command in '/home/hem436/Documents/ros2_ws/src/robot_controller': PYTHONPATH=/home/hem436/Documents/ros2_ws/build/robot_controller/prefix_override:/usr/lib/python3/dist-packages/colcon_core/task/python/colcon_distutils_commands:/home/hem436/Documents/ros2_ws/install/robot_controller/lib/python3.10/site-packages:${PYTHONPATH} /usr/bin/python3 -W ignore:setup.py install is deprecated -W ignore:easy_install command is deprecated setup.py egg_info --egg-base ../../build/robot_controller build --build-base /home/hem436/Documents/ros2_ws/build/robot_controller/build install --record /home/hem436/Documents/ros2_ws/build/robot_controller/install.log --single-version-externally-managed install_data
[2.601s] running egg_info
[2.604s] writing ../../build/robot_controller/robot_controller.egg-info/PKG-INFO
[2.604s] writing dependency_links to ../../build/robot_controller/robot_controller.egg-info/dependency_links.txt
[2.605s] writing entry points to ../../build/robot_controller/robot_controller.egg-info/entry_points.txt
[2.605s] writing requirements to ../../build/robot_controller/robot_controller.egg-info/requires.txt
[2.605s] writing top-level names to ../../build/robot_controller/robot_controller.egg-info/top_level.txt
[2.611s] reading manifest file '../../build/robot_controller/robot_controller.egg-info/SOURCES.txt'
[2.617s] writing manifest file '../../build/robot_controller/robot_controller.egg-info/SOURCES.txt'
[2.617s] running build
[2.618s] running build_py
[2.618s] running install
[2.619s] running install_lib
[2.622s] running install_data
[2.622s] copying urdf/standard/weight_block.urdf.xacro -> /home/hem436/Documents/ros2_ws/install/robot_controller/share/robot_controller
[2.623s] copying urdf/standard/tower_sensor_plate.urdf.xacro -> /home/hem436/Documents/ros2_ws/install/robot_controller/share/robot_controller
[2.623s] copying urdf/standard/turtlebot4.urdf.xacro -> /home/hem436/Documents/ros2_ws/install/robot_controller/share/robot_controller
[2.624s] copying urdf/standard/tower_standoff.urdf.xacro -> /home/hem436/Documents/ros2_ws/install/robot_controller/share/robot_controller
[2.624s] copying urdf/lite/turtlebot4.urdf.xacro -> /home/hem436/Documents/ros2_ws/install/robot_controller/share/robot_controller
[2.624s] running install_egg_info
[2.629s] removing '/home/hem436/Documents/ros2_ws/install/robot_controller/lib/python3.10/site-packages/robot_controller-0.0.0-py3.10.egg-info' (and everything under it)
[2.630s] Copying ../../build/robot_controller/robot_controller.egg-info to /home/hem436/Documents/ros2_ws/install/robot_controller/lib/python3.10/site-packages/robot_controller-0.0.0-py3.10.egg-info
[2.633s] running install_scripts
[2.678s] Installing draw_circle script to /home/hem436/Documents/ros2_ws/install/robot_controller/lib/robot_controller
[2.679s] Installing test_node script to /home/hem436/Documents/ros2_ws/install/robot_controller/lib/robot_controller
[2.679s] writing list of installed files to '/home/hem436/Documents/ros2_ws/build/robot_controller/install.log'
[2.738s] Invoked command in '/home/hem436/Documents/ros2_ws/src/robot_controller' returned '0': PYTHONPATH=/home/hem436/Documents/ros2_ws/build/robot_controller/prefix_override:/usr/lib/python3/dist-packages/colcon_core/task/python/colcon_distutils_commands:/home/hem436/Documents/ros2_ws/install/robot_controller/lib/python3.10/site-packages:${PYTHONPATH} /usr/bin/python3 -W ignore:setup.py install is deprecated -W ignore:easy_install command is deprecated setup.py egg_info --egg-base ../../build/robot_controller build --build-base /home/hem436/Documents/ros2_ws/build/robot_controller/build install --record /home/hem436/Documents/ros2_ws/build/robot_controller/install.log --single-version-externally-managed install_data
