[0.330s] DEBUG:colcon:Command line arguments: ['/usr/bin/colcon', 'build']
[0.331s] DEBUG:colcon:Parsed command line arguments: Namespace(log_base=None, log_level=None, verb_name='build', build_base='build', install_base='install', merge_install=False, symlink_install=False, test_result_base=None, continue_on_error=False, executor='parallel', parallel_workers=8, event_handlers=None, ignore_user_meta=False, metas=['./colcon.meta'], base_paths=['.'], packages_ignore=None, packages_ignore_regex=None, paths=None, packages_up_to=None, packages_up_to_regex=None, packages_above=None, packages_above_and_dependencies=None, packages_above_depth=None, packages_select_by_dep=None, packages_skip_by_dep=None, packages_skip_up_to=None, packages_select_build_failed=False, packages_skip_build_finished=False, packages_select_test_failures=False, packages_skip_test_passed=False, packages_select=None, packages_skip=None, packages_select_regex=None, packages_skip_regex=None, packages_start=None, packages_end=None, allow_overriding=[], cmake_args=None, cmake_target=None, cmake_target_skip_unavailable=False, cmake_clean_cache=False, cmake_clean_first=False, cmake_force_configure=False, ament_cmake_args=None, catkin_cmake_args=None, catkin_skip_building_tests=False, mixin_files=None, mixin=None, verb_parser=<colcon_mixin.mixin.mixin_argument.MixinArgumentDecorator object at 0x76f336da71c0>, verb_extension=<colcon_core.verb.build.BuildVerb object at 0x76f336f80190>, main=<bound method BuildVerb.main of <colcon_core.verb.build.BuildVerb object at 0x76f336f80190>>, mixin_verb=('build',))
[0.912s] Level 1:colcon.colcon_core.package_discovery:discover_packages(colcon_meta) check parameters
[0.912s] Level 1:colcon.colcon_core.package_discovery:discover_packages(recursive) check parameters
[0.912s] Level 1:colcon.colcon_core.package_discovery:discover_packages(ignore) check parameters
[0.912s] Level 1:colcon.colcon_core.package_discovery:discover_packages(path) check parameters
[0.912s] Level 1:colcon.colcon_core.package_discovery:discover_packages(colcon_meta) discover
[0.913s] Level 1:colcon.colcon_core.package_discovery:discover_packages(recursive) discover
[0.913s] INFO:colcon.colcon_core.package_discovery:Crawling recursively for packages in '/home/hem436/Documents/ros2_ws'
[0.913s] Level 1:colcon.colcon_core.package_identification:_identify(.) by extensions ['ignore', 'ignore_ament_install']
[0.913s] Level 1:colcon.colcon_core.package_identification:_identify(.) by extension 'ignore'
[0.913s] Level 1:colcon.colcon_core.package_identification:_identify(.) by extension 'ignore_ament_install'
[0.914s] Level 1:colcon.colcon_core.package_identification:_identify(.) by extensions ['colcon_pkg']
[0.914s] Level 1:colcon.colcon_core.package_identification:_identify(.) by extension 'colcon_pkg'
[0.914s] Level 1:colcon.colcon_core.package_identification:_identify(.) by extensions ['colcon_meta']
[0.914s] Level 1:colcon.colcon_core.package_identification:_identify(.) by extension 'colcon_meta'
[0.914s] Level 1:colcon.colcon_core.package_identification:_identify(.) by extensions ['ros']
[0.914s] Level 1:colcon.colcon_core.package_identification:_identify(.) by extension 'ros'
[1.067s] Level 1:colcon.colcon_core.package_identification:_identify(.) by extensions ['cmake', 'python']
[1.067s] Level 1:colcon.colcon_core.package_identification:_identify(.) by extension 'cmake'
[1.067s] Level 1:colcon.colcon_core.package_identification:_identify(.) by extension 'python'
[1.067s] Level 1:colcon.colcon_core.package_identification:_identify(.) by extensions ['python_setup_py']
[1.067s] Level 1:colcon.colcon_core.package_identification:_identify(.) by extension 'python_setup_py'
[1.067s] Level 1:colcon.colcon_core.package_identification:_identify(build) by extensions ['ignore', 'ignore_ament_install']
[1.068s] Level 1:colcon.colcon_core.package_identification:_identify(build) by extension 'ignore'
[1.068s] Level 1:colcon.colcon_core.package_identification:_identify(build) ignored
[1.068s] Level 1:colcon.colcon_core.package_identification:_identify(install) by extensions ['ignore', 'ignore_ament_install']
[1.068s] Level 1:colcon.colcon_core.package_identification:_identify(install) by extension 'ignore'
[1.068s] Level 1:colcon.colcon_core.package_identification:_identify(install) ignored
[1.068s] Level 1:colcon.colcon_core.package_identification:_identify(log) by extensions ['ignore', 'ignore_ament_install']
[1.069s] Level 1:colcon.colcon_core.package_identification:_identify(log) by extension 'ignore'
[1.069s] Level 1:colcon.colcon_core.package_identification:_identify(log) ignored
[1.069s] Level 1:colcon.colcon_core.package_identification:_identify(src) by extensions ['ignore', 'ignore_ament_install']
[1.069s] Level 1:colcon.colcon_core.package_identification:_identify(src) by extension 'ignore'
[1.069s] Level 1:colcon.colcon_core.package_identification:_identify(src) by extension 'ignore_ament_install'
[1.069s] Level 1:colcon.colcon_core.package_identification:_identify(src) by extensions ['colcon_pkg']
[1.069s] Level 1:colcon.colcon_core.package_identification:_identify(src) by extension 'colcon_pkg'
[1.069s] Level 1:colcon.colcon_core.package_identification:_identify(src) by extensions ['colcon_meta']
[1.070s] Level 1:colcon.colcon_core.package_identification:_identify(src) by extension 'colcon_meta'
[1.070s] Level 1:colcon.colcon_core.package_identification:_identify(src) by extensions ['ros']
[1.070s] Level 1:colcon.colcon_core.package_identification:_identify(src) by extension 'ros'
[1.070s] Level 1:colcon.colcon_core.package_identification:_identify(src) by extensions ['cmake', 'python']
[1.070s] Level 1:colcon.colcon_core.package_identification:_identify(src) by extension 'cmake'
[1.070s] Level 1:colcon.colcon_core.package_identification:_identify(src) by extension 'python'
[1.070s] Level 1:colcon.colcon_core.package_identification:_identify(src) by extensions ['python_setup_py']
[1.070s] Level 1:colcon.colcon_core.package_identification:_identify(src) by extension 'python_setup_py'
[1.071s] Level 1:colcon.colcon_core.package_identification:_identify(src/robot_controller) by extensions ['ignore', 'ignore_ament_install']
[1.071s] Level 1:colcon.colcon_core.package_identification:_identify(src/robot_controller) by extension 'ignore'
[1.071s] Level 1:colcon.colcon_core.package_identification:_identify(src/robot_controller) by extension 'ignore_ament_install'
[1.071s] Level 1:colcon.colcon_core.package_identification:_identify(src/robot_controller) by extensions ['colcon_pkg']
[1.071s] Level 1:colcon.colcon_core.package_identification:_identify(src/robot_controller) by extension 'colcon_pkg'
[1.071s] Level 1:colcon.colcon_core.package_identification:_identify(src/robot_controller) by extensions ['colcon_meta']
[1.071s] Level 1:colcon.colcon_core.package_identification:_identify(src/robot_controller) by extension 'colcon_meta'
[1.072s] Level 1:colcon.colcon_core.package_identification:_identify(src/robot_controller) by extensions ['ros']
[1.072s] Level 1:colcon.colcon_core.package_identification:_identify(src/robot_controller) by extension 'ros'
[1.077s] DEBUG:colcon.colcon_core.package_identification:Package 'src/robot_controller' with type 'ros.ament_python' and name 'robot_controller'
[1.078s] Level 1:colcon.colcon_core.package_identification:_identify(src/warehouse_inspection) by extensions ['ignore', 'ignore_ament_install']
[1.078s] Level 1:colcon.colcon_core.package_identification:_identify(src/warehouse_inspection) by extension 'ignore'
[1.078s] Level 1:colcon.colcon_core.package_identification:_identify(src/warehouse_inspection) by extension 'ignore_ament_install'
[1.078s] Level 1:colcon.colcon_core.package_identification:_identify(src/warehouse_inspection) by extensions ['colcon_pkg']
[1.078s] Level 1:colcon.colcon_core.package_identification:_identify(src/warehouse_inspection) by extension 'colcon_pkg'
[1.078s] Level 1:colcon.colcon_core.package_identification:_identify(src/warehouse_inspection) by extensions ['colcon_meta']
[1.078s] Level 1:colcon.colcon_core.package_identification:_identify(src/warehouse_inspection) by extension 'colcon_meta'
[1.079s] Level 1:colcon.colcon_core.package_identification:_identify(src/warehouse_inspection) by extensions ['ros']
[1.079s] Level 1:colcon.colcon_core.package_identification:_identify(src/warehouse_inspection) by extension 'ros'
[1.080s] DEBUG:colcon.colcon_core.package_identification:Package 'src/warehouse_inspection' with type 'ros.ament_python' and name 'warehouse_inspection'
[1.080s] Level 1:colcon.colcon_core.package_discovery:discover_packages(recursive) using defaults
[1.081s] Level 1:colcon.colcon_core.package_discovery:discover_packages(ignore) discover
[1.081s] Level 1:colcon.colcon_core.package_discovery:discover_packages(ignore) using defaults
[1.081s] Level 1:colcon.colcon_core.package_discovery:discover_packages(path) discover
[1.081s] Level 1:colcon.colcon_core.package_discovery:discover_packages(path) using defaults
[1.123s] Level 1:colcon.colcon_core.package_discovery:discover_packages(prefix_path) check parameters
[1.124s] Level 1:colcon.colcon_core.package_discovery:discover_packages(prefix_path) discover
[1.129s] DEBUG:colcon.colcon_installed_package_information.package_discovery:Found 2 installed packages in /home/hem436/Documents/ros2_ws/install
[1.133s] DEBUG:colcon.colcon_installed_package_information.package_discovery:Found 270 installed packages in /opt/ros/humble
[1.136s] Level 1:colcon.colcon_core.package_discovery:discover_packages(prefix_path) using defaults
[1.267s] Level 5:colcon.colcon_core.verb:set package 'robot_controller' build argument 'cmake_args' from command line to 'None'
[1.268s] Level 5:colcon.colcon_core.verb:set package 'robot_controller' build argument 'cmake_target' from command line to 'None'
[1.268s] Level 5:colcon.colcon_core.verb:set package 'robot_controller' build argument 'cmake_target_skip_unavailable' from command line to 'False'
[1.268s] Level 5:colcon.colcon_core.verb:set package 'robot_controller' build argument 'cmake_clean_cache' from command line to 'False'
[1.268s] Level 5:colcon.colcon_core.verb:set package 'robot_controller' build argument 'cmake_clean_first' from command line to 'False'
[1.268s] Level 5:colcon.colcon_core.verb:set package 'robot_controller' build argument 'cmake_force_configure' from command line to 'False'
[1.268s] Level 5:colcon.colcon_core.verb:set package 'robot_controller' build argument 'ament_cmake_args' from command line to 'None'
[1.268s] Level 5:colcon.colcon_core.verb:set package 'robot_controller' build argument 'catkin_cmake_args' from command line to 'None'
[1.268s] Level 5:colcon.colcon_core.verb:set package 'robot_controller' build argument 'catkin_skip_building_tests' from command line to 'False'
[1.268s] DEBUG:colcon.colcon_core.verb:Building package 'robot_controller' with the following arguments: {'ament_cmake_args': None, 'build_base': '/home/hem436/Documents/ros2_ws/build/robot_controller', 'catkin_cmake_args': None, 'catkin_skip_building_tests': False, 'cmake_args': None, 'cmake_clean_cache': False, 'cmake_clean_first': False, 'cmake_force_configure': False, 'cmake_target': None, 'cmake_target_skip_unavailable': False, 'install_base': '/home/hem436/Documents/ros2_ws/install/robot_controller', 'merge_install': False, 'path': '/home/hem436/Documents/ros2_ws/src/robot_controller', 'symlink_install': False, 'test_result_base': None}
[1.269s] Level 5:colcon.colcon_core.verb:set package 'warehouse_inspection' build argument 'cmake_args' from command line to 'None'
[1.269s] Level 5:colcon.colcon_core.verb:set package 'warehouse_inspection' build argument 'cmake_target' from command line to 'None'
[1.269s] Level 5:colcon.colcon_core.verb:set package 'warehouse_inspection' build argument 'cmake_target_skip_unavailable' from command line to 'False'
[1.269s] Level 5:colcon.colcon_core.verb:set package 'warehouse_inspection' build argument 'cmake_clean_cache' from command line to 'False'
[1.269s] Level 5:colcon.colcon_core.verb:set package 'warehouse_inspection' build argument 'cmake_clean_first' from command line to 'False'
[1.269s] Level 5:colcon.colcon_core.verb:set package 'warehouse_inspection' build argument 'cmake_force_configure' from command line to 'False'
[1.270s] Level 5:colcon.colcon_core.verb:set package 'warehouse_inspection' build argument 'ament_cmake_args' from command line to 'None'
[1.270s] Level 5:colcon.colcon_core.verb:set package 'warehouse_inspection' build argument 'catkin_cmake_args' from command line to 'None'
[1.270s] Level 5:colcon.colcon_core.verb:set package 'warehouse_inspection' build argument 'catkin_skip_building_tests' from command line to 'False'
[1.270s] DEBUG:colcon.colcon_core.verb:Building package 'warehouse_inspection' with the following arguments: {'ament_cmake_args': None, 'build_base': '/home/hem436/Documents/ros2_ws/build/warehouse_inspection', 'catkin_cmake_args': None, 'catkin_skip_building_tests': False, 'cmake_args': None, 'cmake_clean_cache': False, 'cmake_clean_first': False, 'cmake_force_configure': False, 'cmake_target': None, 'cmake_target_skip_unavailable': False, 'install_base': '/home/hem436/Documents/ros2_ws/install/warehouse_inspection', 'merge_install': False, 'path': '/home/hem436/Documents/ros2_ws/src/warehouse_inspection', 'symlink_install': False, 'test_result_base': None}
[1.270s] INFO:colcon.colcon_core.executor:Executing jobs using 'parallel' executor
[1.272s] DEBUG:colcon.colcon_parallel_executor.executor.parallel:run_until_complete
[1.273s] INFO:colcon.colcon_ros.task.ament_python.build:Building ROS package in '/home/hem436/Documents/ros2_ws/src/robot_controller' with build type 'ament_python'
[1.273s] Level 1:colcon.colcon_core.shell:create_environment_hook('robot_controller', 'ament_prefix_path')
[1.281s] INFO:colcon.colcon_core.plugin_system:Skipping extension 'colcon_core.shell.bat': Not used on non-Windows systems
[1.282s] INFO:colcon.colcon_core.shell:Creating environment hook '/home/hem436/Documents/ros2_ws/install/robot_controller/share/robot_controller/hook/ament_prefix_path.ps1'
[1.284s] INFO:colcon.colcon_core.shell:Creating environment descriptor '/home/hem436/Documents/ros2_ws/install/robot_controller/share/robot_controller/hook/ament_prefix_path.dsv'
[1.285s] INFO:colcon.colcon_core.shell:Creating environment hook '/home/hem436/Documents/ros2_ws/install/robot_controller/share/robot_controller/hook/ament_prefix_path.sh'
[1.287s] INFO:colcon.colcon_core.shell:Skip shell extension 'powershell' for command environment: Not usable outside of PowerShell
[1.288s] DEBUG:colcon.colcon_core.shell:Skip shell extension 'dsv' for command environment
[1.295s] INFO:colcon.colcon_ros.task.ament_python.build:Building ROS package in '/home/hem436/Documents/ros2_ws/src/warehouse_inspection' with build type 'ament_python'
[1.295s] Level 1:colcon.colcon_core.shell:create_environment_hook('warehouse_inspection', 'ament_prefix_path')
[1.295s] INFO:colcon.colcon_core.shell:Creating environment hook '/home/hem436/Documents/ros2_ws/install/warehouse_inspection/share/warehouse_inspection/hook/ament_prefix_path.ps1'
[1.297s] INFO:colcon.colcon_core.shell:Creating environment descriptor '/home/hem436/Documents/ros2_ws/install/warehouse_inspection/share/warehouse_inspection/hook/ament_prefix_path.dsv'
[1.298s] INFO:colcon.colcon_core.shell:Creating environment hook '/home/hem436/Documents/ros2_ws/install/warehouse_inspection/share/warehouse_inspection/hook/ament_prefix_path.sh'
[1.300s] INFO:colcon.colcon_core.shell:Skip shell extension 'powershell' for command environment: Not usable outside of PowerShell
[1.300s] DEBUG:colcon.colcon_core.shell:Skip shell extension 'dsv' for command environment
[1.907s] INFO:colcon.colcon_core.task.python.build:Building Python package in '/home/hem436/Documents/ros2_ws/src/robot_controller'
[1.907s] INFO:colcon.colcon_core.shell:Skip shell extension 'powershell' for command environment: Not usable outside of PowerShell
[1.907s] DEBUG:colcon.colcon_core.shell:Skip shell extension 'dsv' for command environment
[2.498s] INFO:colcon.colcon_core.task.python.build:Building Python package in '/home/hem436/Documents/ros2_ws/src/warehouse_inspection'
[2.499s] INFO:colcon.colcon_core.shell:Skip shell extension 'powershell' for command environment: Not usable outside of PowerShell
[2.499s] DEBUG:colcon.colcon_core.shell:Skip shell extension 'dsv' for command environment
[3.293s] DEBUG:colcon.colcon_core.event_handler.log_command:Invoking command in '/home/hem436/Documents/ros2_ws/build/robot_controller': PYTHONPATH=/home/hem436/Documents/ros2_ws/build/robot_controller/prefix_override:/usr/lib/python3/dist-packages/colcon_core/task/python/colcon_distutils_commands:/home/hem436/Documents/ros2_ws/install/robot_controller/lib/python3.10/site-packages:${PYTHONPATH} /usr/bin/python3 -W ignore:setup.py install is deprecated -W ignore:easy_install command is deprecated setup.py develop --uninstall --editable --build-directory /home/hem436/Documents/ros2_ws/build/robot_controller/build
[3.296s] DEBUG:colcon.colcon_core.event_handler.log_command:Invoking command in '/home/hem436/Documents/ros2_ws/build/warehouse_inspection': PYTHONPATH=/home/hem436/Documents/ros2_ws/build/warehouse_inspection/prefix_override:/usr/lib/python3/dist-packages/colcon_core/task/python/colcon_distutils_commands:/home/hem436/Documents/ros2_ws/install/warehouse_inspection/lib/python3.10/site-packages:${PYTHONPATH} /usr/bin/python3 -W ignore:setup.py install is deprecated -W ignore:easy_install command is deprecated setup.py develop --uninstall --editable --build-directory /home/hem436/Documents/ros2_ws/build/warehouse_inspection/build
[4.340s] DEBUG:colcon.colcon_core.event_handler.log_command:Invoked command in '/home/hem436/Documents/ros2_ws/build/warehouse_inspection' returned '0': PYTHONPATH=/home/hem436/Documents/ros2_ws/build/warehouse_inspection/prefix_override:/usr/lib/python3/dist-packages/colcon_core/task/python/colcon_distutils_commands:/home/hem436/Documents/ros2_ws/install/warehouse_inspection/lib/python3.10/site-packages:${PYTHONPATH} /usr/bin/python3 -W ignore:setup.py install is deprecated -W ignore:easy_install command is deprecated setup.py develop --uninstall --editable --build-directory /home/hem436/Documents/ros2_ws/build/warehouse_inspection/build
[4.346s] DEBUG:colcon.colcon_core.event_handler.log_command:Invoking command in '/home/hem436/Documents/ros2_ws/src/warehouse_inspection': PYTHONPATH=/home/hem436/Documents/ros2_ws/build/warehouse_inspection/prefix_override:/usr/lib/python3/dist-packages/colcon_core/task/python/colcon_distutils_commands:/home/hem436/Documents/ros2_ws/install/warehouse_inspection/lib/python3.10/site-packages:${PYTHONPATH} /usr/bin/python3 -W ignore:setup.py install is deprecated -W ignore:easy_install command is deprecated setup.py egg_info --egg-base ../../build/warehouse_inspection build --build-base /home/hem436/Documents/ros2_ws/build/warehouse_inspection/build install --record /home/hem436/Documents/ros2_ws/build/warehouse_inspection/install.log --single-version-externally-managed install_data --force
[4.357s] DEBUG:colcon.colcon_core.event_handler.log_command:Invoked command in '/home/hem436/Documents/ros2_ws/build/robot_controller' returned '0': PYTHONPATH=/home/hem436/Documents/ros2_ws/build/robot_controller/prefix_override:/usr/lib/python3/dist-packages/colcon_core/task/python/colcon_distutils_commands:/home/hem436/Documents/ros2_ws/install/robot_controller/lib/python3.10/site-packages:${PYTHONPATH} /usr/bin/python3 -W ignore:setup.py install is deprecated -W ignore:easy_install command is deprecated setup.py develop --uninstall --editable --build-directory /home/hem436/Documents/ros2_ws/build/robot_controller/build
[4.358s] DEBUG:colcon.colcon_core.event_handler.log_command:Invoking command in '/home/hem436/Documents/ros2_ws/src/robot_controller': PYTHONPATH=/home/hem436/Documents/ros2_ws/build/robot_controller/prefix_override:/usr/lib/python3/dist-packages/colcon_core/task/python/colcon_distutils_commands:/home/hem436/Documents/ros2_ws/install/robot_controller/lib/python3.10/site-packages:${PYTHONPATH} /usr/bin/python3 -W ignore:setup.py install is deprecated -W ignore:easy_install command is deprecated setup.py egg_info --egg-base ../../build/robot_controller build --build-base /home/hem436/Documents/ros2_ws/build/robot_controller/build install --record /home/hem436/Documents/ros2_ws/build/robot_controller/install.log --single-version-externally-managed install_data --force
[5.031s] DEBUG:colcon.colcon_core.event_handler.log_command:Invoked command in '/home/hem436/Documents/ros2_ws/src/warehouse_inspection' returned '0': PYTHONPATH=/home/hem436/Documents/ros2_ws/build/warehouse_inspection/prefix_override:/usr/lib/python3/dist-packages/colcon_core/task/python/colcon_distutils_commands:/home/hem436/Documents/ros2_ws/install/warehouse_inspection/lib/python3.10/site-packages:${PYTHONPATH} /usr/bin/python3 -W ignore:setup.py install is deprecated -W ignore:easy_install command is deprecated setup.py egg_info --egg-base ../../build/warehouse_inspection build --build-base /home/hem436/Documents/ros2_ws/build/warehouse_inspection/build install --record /home/hem436/Documents/ros2_ws/build/warehouse_inspection/install.log --single-version-externally-managed install_data --force
[5.043s] Level 1:colcon.colcon_core.environment:checking '/home/hem436/Documents/ros2_ws/install/warehouse_inspection' for CMake module files
[5.044s] Level 1:colcon.colcon_core.environment:checking '/home/hem436/Documents/ros2_ws/install/warehouse_inspection' for CMake config files
[5.045s] Level 1:colcon.colcon_core.environment:checking '/home/hem436/Documents/ros2_ws/install/warehouse_inspection/lib'
[5.046s] Level 1:colcon.colcon_core.environment:checking '/home/hem436/Documents/ros2_ws/install/warehouse_inspection/bin'
[5.046s] Level 1:colcon.colcon_core.environment:checking '/home/hem436/Documents/ros2_ws/install/warehouse_inspection/lib/pkgconfig/warehouse_inspection.pc'
[5.046s] Level 1:colcon.colcon_core.environment:checking '/home/hem436/Documents/ros2_ws/install/warehouse_inspection/lib/python3.10/site-packages'
[5.046s] Level 1:colcon.colcon_core.shell:create_environment_hook('warehouse_inspection', 'pythonpath')
[5.047s] INFO:colcon.colcon_core.shell:Creating environment hook '/home/hem436/Documents/ros2_ws/install/warehouse_inspection/share/warehouse_inspection/hook/pythonpath.ps1'
[5.048s] INFO:colcon.colcon_core.shell:Creating environment descriptor '/home/hem436/Documents/ros2_ws/install/warehouse_inspection/share/warehouse_inspection/hook/pythonpath.dsv'
[5.049s] INFO:colcon.colcon_core.shell:Creating environment hook '/home/hem436/Documents/ros2_ws/install/warehouse_inspection/share/warehouse_inspection/hook/pythonpath.sh'
[5.050s] Level 1:colcon.colcon_core.environment:checking '/home/hem436/Documents/ros2_ws/install/warehouse_inspection/bin'
[5.051s] Level 1:colcon.colcon_core.environment:create_environment_scripts_only(warehouse_inspection)
[5.052s] INFO:colcon.colcon_core.shell:Creating package script '/home/hem436/Documents/ros2_ws/install/warehouse_inspection/share/warehouse_inspection/package.ps1'
[5.054s] INFO:colcon.colcon_core.shell:Creating package descriptor '/home/hem436/Documents/ros2_ws/install/warehouse_inspection/share/warehouse_inspection/package.dsv'
[5.057s] INFO:colcon.colcon_core.shell:Creating package script '/home/hem436/Documents/ros2_ws/install/warehouse_inspection/share/warehouse_inspection/package.sh'
[5.059s] INFO:colcon.colcon_core.shell:Creating package script '/home/hem436/Documents/ros2_ws/install/warehouse_inspection/share/warehouse_inspection/package.bash'
[5.061s] INFO:colcon.colcon_core.shell:Creating package script '/home/hem436/Documents/ros2_ws/install/warehouse_inspection/share/warehouse_inspection/package.zsh'
[5.064s] Level 1:colcon.colcon_core.environment:create_file_with_runtime_dependencies(/home/hem436/Documents/ros2_ws/install/warehouse_inspection/share/colcon-core/packages/warehouse_inspection)
[5.067s] Level 1:colcon.colcon_core.environment:checking '/home/hem436/Documents/ros2_ws/install/robot_controller' for CMake module files
[5.068s] DEBUG:colcon.colcon_core.event_handler.log_command:Invoked command in '/home/hem436/Documents/ros2_ws/src/robot_controller' returned '0': PYTHONPATH=/home/hem436/Documents/ros2_ws/build/robot_controller/prefix_override:/usr/lib/python3/dist-packages/colcon_core/task/python/colcon_distutils_commands:/home/hem436/Documents/ros2_ws/install/robot_controller/lib/python3.10/site-packages:${PYTHONPATH} /usr/bin/python3 -W ignore:setup.py install is deprecated -W ignore:easy_install command is deprecated setup.py egg_info --egg-base ../../build/robot_controller build --build-base /home/hem436/Documents/ros2_ws/build/robot_controller/build install --record /home/hem436/Documents/ros2_ws/build/robot_controller/install.log --single-version-externally-managed install_data --force
[5.069s] Level 1:colcon.colcon_core.environment:checking '/home/hem436/Documents/ros2_ws/install/robot_controller' for CMake config files
[5.071s] Level 1:colcon.colcon_core.environment:checking '/home/hem436/Documents/ros2_ws/install/robot_controller/lib'
[5.071s] Level 1:colcon.colcon_core.environment:checking '/home/hem436/Documents/ros2_ws/install/robot_controller/bin'
[5.071s] Level 1:colcon.colcon_core.environment:checking '/home/hem436/Documents/ros2_ws/install/robot_controller/lib/pkgconfig/robot_controller.pc'
[5.072s] Level 1:colcon.colcon_core.environment:checking '/home/hem436/Documents/ros2_ws/install/robot_controller/lib/python3.10/site-packages'
[5.072s] Level 1:colcon.colcon_core.shell:create_environment_hook('robot_controller', 'pythonpath')
[5.072s] INFO:colcon.colcon_core.shell:Creating environment hook '/home/hem436/Documents/ros2_ws/install/robot_controller/share/robot_controller/hook/pythonpath.ps1'
[5.074s] INFO:colcon.colcon_core.shell:Creating environment descriptor '/home/hem436/Documents/ros2_ws/install/robot_controller/share/robot_controller/hook/pythonpath.dsv'
[5.075s] INFO:colcon.colcon_core.shell:Creating environment hook '/home/hem436/Documents/ros2_ws/install/robot_controller/share/robot_controller/hook/pythonpath.sh'
[5.076s] Level 1:colcon.colcon_core.environment:checking '/home/hem436/Documents/ros2_ws/install/robot_controller/bin'
[5.076s] Level 1:colcon.colcon_core.environment:create_environment_scripts_only(robot_controller)
[5.077s] INFO:colcon.colcon_core.shell:Creating package script '/home/hem436/Documents/ros2_ws/install/robot_controller/share/robot_controller/package.ps1'
[5.079s] INFO:colcon.colcon_core.shell:Creating package descriptor '/home/hem436/Documents/ros2_ws/install/robot_controller/share/robot_controller/package.dsv'
[5.080s] INFO:colcon.colcon_core.shell:Creating package script '/home/hem436/Documents/ros2_ws/install/robot_controller/share/robot_controller/package.sh'
[5.081s] INFO:colcon.colcon_core.shell:Creating package script '/home/hem436/Documents/ros2_ws/install/robot_controller/share/robot_controller/package.bash'
[5.082s] INFO:colcon.colcon_core.shell:Creating package script '/home/hem436/Documents/ros2_ws/install/robot_controller/share/robot_controller/package.zsh'
[5.083s] Level 1:colcon.colcon_core.environment:create_file_with_runtime_dependencies(/home/hem436/Documents/ros2_ws/install/robot_controller/share/colcon-core/packages/robot_controller)
[5.084s] DEBUG:colcon.colcon_parallel_executor.executor.parallel:closing loop
[5.085s] DEBUG:colcon.colcon_parallel_executor.executor.parallel:loop closed
[5.085s] DEBUG:colcon.colcon_parallel_executor.executor.parallel:run_until_complete finished with '0'
[5.085s] DEBUG:colcon.colcon_core.event_reactor:joining thread
[5.098s] INFO:colcon.colcon_core.plugin_system:Skipping extension 'colcon_notification.desktop_notification.terminal_notifier': Not used on non-Darwin systems
[5.098s] INFO:colcon.colcon_core.plugin_system:Skipping extension 'colcon_notification.desktop_notification.win32': Not used on non-Windows systems
[5.098s] INFO:colcon.colcon_notification.desktop_notification:Sending desktop notification using 'notify2'
[5.127s] DEBUG:colcon.colcon_core.event_reactor:joined thread
[5.128s] INFO:colcon.colcon_core.shell:Creating prefix script '/home/hem436/Documents/ros2_ws/install/local_setup.ps1'
[5.130s] INFO:colcon.colcon_core.shell:Creating prefix util module '/home/hem436/Documents/ros2_ws/install/_local_setup_util_ps1.py'
[5.134s] INFO:colcon.colcon_core.shell:Creating prefix chain script '/home/hem436/Documents/ros2_ws/install/setup.ps1'
[5.137s] INFO:colcon.colcon_core.shell:Creating prefix script '/home/hem436/Documents/ros2_ws/install/local_setup.sh'
[5.139s] INFO:colcon.colcon_core.shell:Creating prefix util module '/home/hem436/Documents/ros2_ws/install/_local_setup_util_sh.py'
[5.140s] INFO:colcon.colcon_core.shell:Creating prefix chain script '/home/hem436/Documents/ros2_ws/install/setup.sh'
[5.145s] INFO:colcon.colcon_core.shell:Creating prefix script '/home/hem436/Documents/ros2_ws/install/local_setup.bash'
[5.146s] INFO:colcon.colcon_core.shell:Creating prefix chain script '/home/hem436/Documents/ros2_ws/install/setup.bash'
[5.149s] INFO:colcon.colcon_core.shell:Creating prefix script '/home/hem436/Documents/ros2_ws/install/local_setup.zsh'
[5.151s] INFO:colcon.colcon_core.shell:Creating prefix chain script '/home/hem436/Documents/ros2_ws/install/setup.zsh'
