[1.402s] Invoking command in '/home/hem436/Documents/ros2_ws/src/robot_bringup': PYTHONPATH=/home/hem436/Documents/ros2_ws/build/robot_bringup/prefix_override:/usr/lib/python3/dist-packages/colcon_core/task/python/colcon_distutils_commands:/home/hem436/Documents/ros2_ws/install/robot_bringup/lib/python3.10/site-packages:${PYTHONPATH} /usr/bin/python3 -W ignore:setup.py install is deprecated -W ignore:easy_install command is deprecated setup.py egg_info --egg-base ../../build/robot_bringup build --build-base /home/hem436/Documents/ros2_ws/build/robot_bringup/build install --record /home/hem436/Documents/ros2_ws/build/robot_bringup/install.log --single-version-externally-managed install_data
[1.713s] /home/hem436/.local/lib/python3.10/site-packages/setuptools/_distutils/dist.py:261: UserWarning: Unknown distribution option: 'tests_require'
[1.713s]   warnings.warn(msg)
[1.881s] running egg_info
[1.908s] writing ../../build/robot_bringup/robot_bringup.egg-info/PKG-INFO
[1.909s] writing dependency_links to ../../build/robot_bringup/robot_bringup.egg-info/dependency_links.txt
[1.909s] writing requirements to ../../build/robot_bringup/robot_bringup.egg-info/requires.txt
[1.909s] writing top-level names to ../../build/robot_bringup/robot_bringup.egg-info/top_level.txt
[1.973s] reading manifest file '../../build/robot_bringup/robot_bringup.egg-info/SOURCES.txt'
[1.974s] Traceback (most recent call last):
[1.974s]   File "/home/hem436/Documents/ros2_ws/src/robot_bringup/setup.py", line 6, in <module>
[1.974s]     setup(
[1.974s]   File "/home/hem436/.local/lib/python3.10/site-packages/setuptools/__init__.py", line 117, in setup
[1.975s]     return distutils.core.setup(**attrs)
[1.975s]   File "/home/hem436/.local/lib/python3.10/site-packages/setuptools/_distutils/core.py", line 183, in setup
[1.975s]     return run_commands(dist)
[1.975s]   File "/home/hem436/.local/lib/python3.10/site-packages/setuptools/_distutils/core.py", line 199, in run_commands
[1.976s]     dist.run_commands()
[1.976s]   File "/home/hem436/.local/lib/python3.10/site-packages/setuptools/_distutils/dist.py", line 954, in run_commands
[1.976s]     self.run_command(cmd)
[1.976s]   File "/home/hem436/.local/lib/python3.10/site-packages/setuptools/dist.py", line 995, in run_command
[1.977s]     super().run_command(command)
[1.977s]   File "/home/hem436/.local/lib/python3.10/site-packages/setuptools/_distutils/dist.py", line 973, in run_command
[1.977s]     cmd_obj.run()
[1.977s]   File "/home/hem436/.local/lib/python3.10/site-packages/setuptools/command/egg_info.py", line 313, in run
[1.977s]     self.find_sources()
[1.978s]   File "/home/hem436/.local/lib/python3.10/site-packages/setuptools/command/egg_info.py", line 321, in find_sources
[1.978s]     mm.run()
[1.978s]   File "/home/hem436/.local/lib/python3.10/site-packages/setuptools/command/egg_info.py", line 549, in run
[1.978s]     self.prune_file_list()
[1.978s]   File "/home/hem436/.local/lib/python3.10/site-packages/setuptools/command/sdist.py", line 162, in prune_file_list
[1.979s]     super().prune_file_list()
[1.979s]   File "/home/hem436/.local/lib/python3.10/site-packages/setuptools/_distutils/command/sdist.py", line 380, in prune_file_list
[1.979s]     base_dir = self.distribution.get_fullname()
[1.979s]   File "/home/hem436/.local/lib/python3.10/site-packages/setuptools/_core_metadata.py", line 267, in get_fullname
[1.979s]     return _distribution_fullname(self.get_name(), self.get_version())
[1.979s]   File "/home/hem436/.local/lib/python3.10/site-packages/setuptools/_core_metadata.py", line 285, in _distribution_fullname
[1.980s]     canonicalize_version(version, strip_trailing_zero=False),
[1.980s] TypeError: canonicalize_version() got an unexpected keyword argument 'strip_trailing_zero'
[2.030s] Invoked command in '/home/hem436/Documents/ros2_ws/src/robot_bringup' returned '1': PYTHONPATH=/home/hem436/Documents/ros2_ws/build/robot_bringup/prefix_override:/usr/lib/python3/dist-packages/colcon_core/task/python/colcon_distutils_commands:/home/hem436/Documents/ros2_ws/install/robot_bringup/lib/python3.10/site-packages:${PYTHONPATH} /usr/bin/python3 -W ignore:setup.py install is deprecated -W ignore:easy_install command is deprecated setup.py egg_info --egg-base ../../build/robot_bringup build --build-base /home/hem436/Documents/ros2_ws/build/robot_bringup/build install --record /home/hem436/Documents/ros2_ws/build/robot_bringup/install.log --single-version-externally-managed install_data
