[1.783s] Invoking command in '/home/hem436/Documents/ros2_ws/src/robot_bringup': PYTHONPATH=/home/hem436/Documents/ros2_ws/build/robot_bringup/prefix_override:/usr/lib/python3/dist-packages/colcon_core/task/python/colcon_distutils_commands:/home/hem436/Documents/ros2_ws/install/robot_bringup/lib/python3.10/site-packages:${PYTHONPATH} /usr/bin/python3 -W ignore:setup.py install is deprecated -W ignore:easy_install command is deprecated setup.py egg_info --egg-base ../../build/robot_bringup build --build-base /home/hem436/Documents/ros2_ws/build/robot_bringup/build install --record /home/hem436/Documents/ros2_ws/build/robot_bringup/install.log --single-version-externally-managed install_data
[2.154s] running egg_info
[2.181s] writing ../../build/robot_bringup/robot_bringup.egg-info/PKG-INFO
[2.181s] writing dependency_links to ../../build/robot_bringup/robot_bringup.egg-info/dependency_links.txt
[2.182s] writing requirements to ../../build/robot_bringup/robot_bringup.egg-info/requires.txt
[2.182s] writing top-level names to ../../build/robot_bringup/robot_bringup.egg-info/top_level.txt
[2.235s] reading manifest file '../../build/robot_bringup/robot_bringup.egg-info/SOURCES.txt'
[2.236s] writing manifest file '../../build/robot_bringup/robot_bringup.egg-info/SOURCES.txt'
[2.237s] running build
[2.237s] running build_py
[2.237s] creating /home/hem436/Documents/ros2_ws/build/robot_bringup/build
[2.238s] creating /home/hem436/Documents/ros2_ws/build/robot_bringup/build/lib
[2.238s] creating /home/hem436/Documents/ros2_ws/build/robot_bringup/build/lib/robot_bringup
[2.238s] copying robot_bringup/__init__.py -> /home/hem436/Documents/ros2_ws/build/robot_bringup/build/lib/robot_bringup
[2.239s] running install
[2.245s] running install_lib
[2.273s] creating /home/hem436/Documents/ros2_ws/install/robot_bringup/lib/python3.10/site-packages/robot_bringup
[2.274s] copying /home/hem436/Documents/ros2_ws/build/robot_bringup/build/lib/robot_bringup/__init__.py -> /home/hem436/Documents/ros2_ws/install/robot_bringup/lib/python3.10/site-packages/robot_bringup
[2.274s] byte-compiling /home/hem436/Documents/ros2_ws/install/robot_bringup/lib/python3.10/site-packages/robot_bringup/__init__.py to __init__.cpython-310.pyc
[2.275s] running install_data
[2.275s] creating /home/hem436/Documents/ros2_ws/install/robot_bringup/share/ament_index
[2.275s] creating /home/hem436/Documents/ros2_ws/install/robot_bringup/share/ament_index/resource_index
[2.275s] creating /home/hem436/Documents/ros2_ws/install/robot_bringup/share/ament_index/resource_index/packages
[2.276s] copying resource/robot_bringup -> /home/hem436/Documents/ros2_ws/install/robot_bringup/share/ament_index/resource_index/packages
[2.276s] copying package.xml -> /home/hem436/Documents/ros2_ws/install/robot_bringup/share/robot_bringup
[2.276s] creating /home/hem436/Documents/ros2_ws/install/robot_bringup/share/robot_bringup/launch
[2.276s] copying launch/test.launch.py -> /home/hem436/Documents/ros2_ws/install/robot_bringup/share/robot_bringup/launch/
[2.277s] running install_egg_info
[2.304s] Copying ../../build/robot_bringup/robot_bringup.egg-info to /home/hem436/Documents/ros2_ws/install/robot_bringup/lib/python3.10/site-packages/robot_bringup-0.0.0-py3.10.egg-info
[2.305s] running install_scripts
[2.532s] writing list of installed files to '/home/hem436/Documents/ros2_ws/build/robot_bringup/install.log'
[2.585s] Invoked command in '/home/hem436/Documents/ros2_ws/src/robot_bringup' returned '0': PYTHONPATH=/home/hem436/Documents/ros2_ws/build/robot_bringup/prefix_override:/usr/lib/python3/dist-packages/colcon_core/task/python/colcon_distutils_commands:/home/hem436/Documents/ros2_ws/install/robot_bringup/lib/python3.10/site-packages:${PYTHONPATH} /usr/bin/python3 -W ignore:setup.py install is deprecated -W ignore:easy_install command is deprecated setup.py egg_info --egg-base ../../build/robot_bringup build --build-base /home/hem436/Documents/ros2_ws/build/robot_bringup/build install --record /home/hem436/Documents/ros2_ws/build/robot_bringup/install.log --single-version-externally-managed install_data
